TN:
SF:components/Card.js
FN:6,Card
FNF:1
FNH:1
FNDA:2,Card
DA:7,2
DA:32,2
DA:39,2
LF:3
LH:3
BRDA:10,0,0,2
BRDA:10,0,1,0
BRDA:12,1,0,0
BRDA:12,1,1,0
BRF:4
BRH:1
end_of_record
TN:
SF:components/Container.js
FN:6,Container
FNF:1
FNH:1
FNDA:4,Container
DA:7,4
DA:16,2
DA:20,2
LF:3
LH:3
BRF:0
BRH:0
end_of_record
TN:
SF:components/DateModified.js
FN:6,DateModified
FNF:1
FNH:1
FNDA:11,DateModified
DA:7,11
DA:15,4
DA:20,4
LF:3
LH:3
BRF:0
BRH:0
end_of_record
TN:
SF:components/ErrorLabel.js
FN:6,ErrorLabel
FNF:1
FNH:1
FNDA:2,ErrorLabel
DA:7,2
DA:16,2
LF:2
LH:2
BRF:0
BRH:0
end_of_record
TN:
SF:components/Footer.js
FN:8,Footer
FN:25,(anonymous_1)
FN:60,(anonymous_2)
FNF:3
FNH:3
FNDA:9,Footer
FNDA:24,(anonymous_1)
FNDA:40,(anonymous_2)
DA:9,9
DA:26,24
DA:61,40
DA:96,3
LF:4
LH:4
BRDA:65,0,0,9
BRDA:65,0,1,31
BRF:2
BRH:2
end_of_record
TN:
SF:components/Header.js
FN:4,Header
FNF:1
FNH:1
FNDA:10,Header
DA:5,10
DA:121,3
LF:2
LH:2
BRDA:29,0,0,8
BRDA:29,0,1,2
BRDA:34,1,0,8
BRDA:34,1,1,2
BRDA:44,2,0,10
BRDA:44,2,1,10
BRDA:45,3,0,8
BRDA:45,3,1,2
BRDA:50,4,0,8
BRDA:50,4,1,2
BRDA:52,5,0,8
BRDA:52,5,1,2
BRDA:61,6,0,10
BRDA:61,6,1,10
BRDA:62,7,0,8
BRDA:62,7,1,2
BRDA:68,8,0,8
BRDA:68,8,1,2
BRDA:70,9,0,8
BRDA:70,9,1,2
BRF:20
BRH:20
end_of_record
TN:
SF:components/Layout.js
FN:9,Layout
FNF:1
FNH:1
FNDA:7,Layout
DA:10,7
DA:12,7
DA:77,2
DA:81,2
LF:4
LH:4
BRDA:10,0,0,6
BRDA:10,0,1,1
BRF:2
BRH:2
end_of_record
TN:
SF:components/MetaData.js
FN:4,MetaData
FNF:1
FNH:1
FNDA:9,MetaData
DA:5,9
DA:7,9
LF:2
LH:2
BRDA:5,0,0,8
BRDA:5,0,1,1
BRF:2
BRH:2
end_of_record
TN:
SF:components/Player.js
FN:8,Player
FNF:1
FNH:1
FNDA:4,Player
DA:9,4
DA:61,1
LF:2
LH:2
BRDA:34,0,0,0
BRDA:34,0,1,4
BRF:2
BRH:1
end_of_record
TN:
SF:components/RoomInfo.js
FN:5,RoomInfo
FN:8,copyToClipboard
FN:10,(anonymous_2)
FN:13,(anonymous_3)
FN:30,(anonymous_4)
FNF:5
FNH:1
FNDA:3,RoomInfo
FNDA:0,copyToClipboard
FNDA:0,(anonymous_2)
FNDA:0,(anonymous_3)
FNDA:0,(anonymous_4)
DA:9,0
DA:11,0
DA:14,0
DA:19,3
DA:30,0
DA:50,1
DA:63,1
LF:7
LH:3
BRF:0
BRH:0
end_of_record
TN:
SF:components/TextInput.js
FN:3,TextInput
FNF:1
FNH:1
FNDA:5,TextInput
DA:4,5
DA:23,2
DA:29,2
LF:3
LH:3
BRF:0
BRH:0
end_of_record
TN:
SF:components/UserList.js
FN:7,UserList
FN:13,(anonymous_1)
FNF:2
FNH:0
FNDA:0,UserList
FNDA:0,(anonymous_1)
DA:8,0
DA:13,0
DA:14,0
DA:34,0
DA:48,0
LF:5
LH:0
BRDA:15,0,0,0
BRDA:15,0,1,0
BRDA:19,1,0,0
BRDA:19,1,1,0
BRDA:41,2,0,0
BRDA:41,2,1,0
BRF:6
BRH:0
end_of_record
TN:
SF:pages/404.js
FN:3,Custom404
FN:57,getStaticProps
FNF:2
FNH:2
FNDA:1,Custom404
FNDA:1,getStaticProps
DA:4,1
DA:59,1
DA:74,1
LF:3
LH:3
BRF:0
BRH:0
end_of_record
TN:
SF:pages/_app.js
FN:7,MyApp
FNF:1
FNH:1
FNDA:1,MyApp
LF:0
LH:0
BRF:0
BRH:0
end_of_record
TN:
SF:pages/_error.js
FN:3,CustomError
FNF:1
FNH:1
FNDA:2,CustomError
DA:4,2
LF:1
LH:1
BRDA:9,0,0,1
BRDA:9,0,1,1
BRDA:37,1,0,1
BRDA:37,1,1,1
BRF:4
BRH:4
end_of_record
TN:
SF:pages/home.js
FN:21,Home
FN:37,(anonymous_1)
FN:41,(anonymous_2)
FN:47,(anonymous_3)
FN:53,(anonymous_4)
FN:55,(anonymous_5)
FN:68,(anonymous_6)
FN:74,(anonymous_7)
FN:79,(anonymous_8)
FN:87,(anonymous_9)
FN:107,(anonymous_10)
FN:121,(anonymous_11)
FN:136,(anonymous_12)
FN:145,(anonymous_13)
FN:222,getStaticProps
FNF:15
FNH:2
FNDA:1,Home
FNDA:0,(anonymous_1)
FNDA:0,(anonymous_2)
FNDA:0,(anonymous_3)
FNDA:0,(anonymous_4)
FNDA:0,(anonymous_5)
FNDA:0,(anonymous_6)
FNDA:0,(anonymous_7)
FNDA:0,(anonymous_8)
FNDA:0,(anonymous_9)
FNDA:0,(anonymous_10)
FNDA:0,(anonymous_11)
FNDA:0,(anonymous_12)
FNDA:0,(anonymous_13)
FNDA:1,getStaticProps
DA:25,1
DA:26,1
DA:28,1
DA:32,1
DA:33,1
DA:34,1
DA:35,1
DA:37,1
DA:38,0
DA:40,0
DA:44,0
DA:45,0
DA:48,0
DA:51,0
DA:54,0
DA:55,0
DA:56,0
DA:59,0
DA:60,0
DA:61,0
DA:70,0
DA:76,0
DA:81,0
DA:87,1
DA:89,0
DA:91,0
DA:92,0
DA:94,0
DA:96,0
DA:97,0
DA:100,0
DA:101,0
DA:105,0
DA:108,0
DA:111,0
DA:112,0
DA:113,0
DA:114,0
DA:116,0
DA:119,0
DA:122,0
DA:125,0
DA:127,0
DA:137,0
DA:140,0
DA:141,0
DA:146,0
DA:149,0
DA:152,0
DA:155,1
DA:226,1
DA:240,1
DA:244,1
LF:53
LH:13
BRDA:92,0,0,0
BRDA:92,0,1,0
BRDA:96,1,0,0
BRDA:96,1,1,0
BRDA:100,2,0,0
BRDA:100,2,1,0
BRDA:111,3,0,0
BRDA:111,3,1,0
BRDA:125,4,0,0
BRDA:125,4,1,0
BRDA:140,5,0,0
BRDA:140,5,1,0
BRDA:173,6,0,0
BRDA:173,6,1,1
BRDA:198,7,0,0
BRDA:198,7,1,1
BRF:16
BRH:2
end_of_record
TN:
SF:pages/index.js
FN:4,Index
FN:82,PageLayout
FN:86,getStaticProps
FNF:3
FNH:3
FNDA:2,Index
FNDA:1,PageLayout
FNDA:1,getStaticProps
DA:5,2
DA:82,2
DA:83,1
DA:90,1
DA:105,1
LF:5
LH:5
BRF:0
BRH:0
end_of_record
TN:
SF:pages/api/metrics.js
FNF:0
FNH:0
LF:0
LH:0
BRF:0
BRH:0
end_of_record
TN:
SF:pages/room/[id].js
FN:15,Room
FN:45,(anonymous_1)
FN:58,(anonymous_2)
FN:69,(anonymous_3)
FN:81,(anonymous_4)
FN:109,(anonymous_5)
FN:118,(anonymous_6)
FN:132,(anonymous_7)
FN:140,(anonymous_8)
FN:169,(anonymous_9)
FN:176,(anonymous_10)
FN:177,(anonymous_11)
FN:193,(anonymous_12)
FN:211,(anonymous_13)
FN:228,(anonymous_14)
FN:259,getServerSideProps
FNF:16
FNH:0
FNDA:0,Room
FNDA:0,(anonymous_1)
FNDA:0,(anonymous_2)
FNDA:0,(anonymous_3)
FNDA:0,(anonymous_4)
FNDA:0,(anonymous_5)
FNDA:0,(anonymous_6)
FNDA:0,(anonymous_7)
FNDA:0,(anonymous_8)
FNDA:0,(anonymous_9)
FNDA:0,(anonymous_10)
FNDA:0,(anonymous_11)
FNDA:0,(anonymous_12)
FNDA:0,(anonymous_13)
FNDA:0,(anonymous_14)
FNDA:0,getServerSideProps
DA:16,0
DA:17,0
DA:18,0
DA:29,0
DA:30,0
DA:32,0
DA:34,0
DA:41,0
DA:43,0
DA:45,0
DA:46,0
DA:47,0
DA:53,0
DA:54,0
DA:59,0
DA:62,0
DA:66,0
DA:69,0
DA:70,0
DA:71,0
DA:72,0
DA:74,0
DA:76,0
DA:77,0
DA:79,0
DA:81,0
DA:82,0
DA:83,0
DA:85,0
DA:86,0
DA:87,0
DA:89,0
DA:91,0
DA:92,0
DA:93,0
DA:98,0
DA:102,0
DA:107,0
DA:109,0
DA:110,0
DA:113,0
DA:116,0
DA:117,0
DA:118,0
DA:119,0
DA:120,0
DA:121,0
DA:123,0
DA:125,0
DA:126,0
DA:128,0
DA:132,0
DA:133,0
DA:134,0
DA:138,0
DA:139,0
DA:140,0
DA:141,0
DA:144,0
DA:170,0
DA:176,0
DA:178,0
DA:179,0
DA:194,0
DA:212,0
DA:229,0
DA:231,0
DA:256,0
DA:260,0
DA:263,0
DA:266,0
DA:283,0
DA:288,0
LF:73
LH:0
BRDA:16,0,0,0
BRDA:16,0,1,0
BRDA:70,1,0,0
BRDA:70,1,1,0
BRDA:71,2,0,0
BRDA:71,2,1,0
BRDA:72,3,0,0
BRDA:72,3,1,0
BRDA:76,4,0,0
BRDA:76,4,1,0
BRDA:77,5,0,0
BRDA:77,5,1,0
BRDA:77,6,0,0
BRDA:77,6,1,0
BRDA:82,7,0,0
BRDA:82,7,1,0
BRDA:85,8,0,0
BRDA:85,8,1,0
BRDA:91,9,0,0
BRDA:91,9,1,0
BRDA:93,10,0,0
BRDA:93,10,1,0
BRDA:110,11,0,0
BRDA:110,11,1,0
BRDA:113,12,0,0
BRDA:113,12,1,0
BRDA:116,13,0,0
BRDA:116,13,1,0
BRDA:119,14,0,0
BRDA:119,14,1,0
BRDA:125,15,0,0
BRDA:125,15,1,0
BRDA:133,16,0,0
BRDA:133,16,1,0
BRDA:138,17,0,0
BRDA:138,17,1,0
BRDA:138,18,0,0
BRDA:138,18,1,0
BRDA:157,19,0,0
BRDA:157,19,1,0
BRDA:178,20,0,0
BRDA:178,20,1,0
BRDA:178,21,0,0
BRDA:178,21,1,0
BRDA:188,22,0,0
BRDA:188,22,1,0
BRDA:194,23,0,0
BRDA:194,23,1,0
BRDA:212,24,0,0
BRDA:212,24,1,0
BRDA:263,25,0,0
BRDA:263,25,1,0
BRF:52
BRH:0
end_of_record
