{"/home/runner/work/Scrum-Poker/Scrum-Poker/components/Card.js": {"path":"/home/runner/work/Scrum-Poker/Scrum-Poker/components/Card.js","statementMap":{"0":{"start":{"line":7,"column":2},"end":{"line":29,"column":3}},"1":{"start":{"line":32,"column":0},"end":{"line":37,"column":1}},"2":{"start":{"line":39,"column":0},"end":{"line":57,"column":1}}},"fnMap":{"0":{"name":"Card","decl":{"start":{"line":6,"column":24},"end":{"line":6,"column":28}},"loc":{"start":{"line":6,"column":36},"end":{"line":30,"column":1}},"line":6}},"branchMap":{"0":{"loc":{"start":{"line":10,"column":8},"end":{"line":14,"column":71}},"type":"cond-expr","locations":[{"start":{"line":11,"column":12},"end":{"line":11,"column":71}},{"start":{"line":12,"column":12},"end":{"line":14,"column":71}}],"line":10},"1":{"loc":{"start":{"line":12,"column":12},"end":{"line":14,"column":71}},"type":"cond-expr","locations":[{"start":{"line":13,"column":12},"end":{"line":13,"column":29}},{"start":{"line":14,"column":12},"end":{"line":14,"column":71}}],"line":12}},"s":{"0":2,"1":2,"2":2},"f":{"0":2},"b":{"0":[2,0],"1":[0,0]},"_coverageSchema":"1a1c01bbd47fc00a2c39e90264f33305004495a9","hash":"d23bc3d6352455ed622e4cd0732a55abc347f5d7"}
,"/home/runner/work/Scrum-Poker/Scrum-Poker/components/ChatRoom.js": {"path":"/home/runner/work/Scrum-Poker/Scrum-Poker/components/ChatRoom.js","statementMap":{"0":{"start":{"line":9,"column":4},"end":{"line":9,"column":15}},"1":{"start":{"line":13,"column":2},"end":{"line":85,"column":3}},"2":{"start":{"line":27,"column":12},"end":{"line":46,"column":17}},"3":{"start":{"line":67,"column":27},"end":{"line":67,"column":38}},"4":{"start":{"line":88,"column":0},"end":{"line":99,"column":1}},"5":{"start":{"line":101,"column":0},"end":{"line":119,"column":1}}},"fnMap":{"0":{"name":"ChatRoom","decl":{"start":{"line":6,"column":24},"end":{"line":6,"column":32}},"loc":{"start":{"line":6,"column":40},"end":{"line":86,"column":1}},"line":6},"1":{"name":"submitMsg","decl":{"start":{"line":8,"column":11},"end":{"line":8,"column":20}},"loc":{"start":{"line":8,"column":23},"end":{"line":10,"column":3}},"line":8},"2":{"name":"(anonymous_2)","decl":{"start":{"line":26,"column":30},"end":{"line":26,"column":31}},"loc":{"start":{"line":27,"column":12},"end":{"line":46,"column":17}},"line":27},"3":{"name":"(anonymous_3)","decl":{"start":{"line":67,"column":21},"end":{"line":67,"column":22}},"loc":{"start":{"line":67,"column":27},"end":{"line":67,"column":38}},"line":67}},"branchMap":{"0":{"loc":{"start":{"line":30,"column":18},"end":{"line":30,"column":80}},"type":"cond-expr","locations":[{"start":{"line":30,"column":48},"end":{"line":30,"column":62}},{"start":{"line":30,"column":65},"end":{"line":30,"column":80}}],"line":30},"1":{"loc":{"start":{"line":36,"column":18},"end":{"line":38,"column":63}},"type":"cond-expr","locations":[{"start":{"line":37,"column":22},"end":{"line":37,"column":75}},{"start":{"line":38,"column":22},"end":{"line":38,"column":63}}],"line":36},"2":{"loc":{"start":{"line":42,"column":19},"end":{"line":42,"column":66}},"type":"cond-expr","locations":[{"start":{"line":42,"column":49},"end":{"line":42,"column":61}},{"start":{"line":42,"column":64},"end":{"line":42,"column":66}}],"line":42}},"s":{"0":0,"1":2,"2":10,"3":0,"4":1,"5":1},"f":{"0":2,"1":0,"2":10,"3":0},"b":{"0":[2,8],"1":[8,2],"2":[8,2]},"_coverageSchema":"1a1c01bbd47fc00a2c39e90264f33305004495a9","hash":"885faa38be6653cdc3cbff49c3e6d47ec63193c3"}
,"/home/runner/work/Scrum-Poker/Scrum-Poker/components/Container.js": {"path":"/home/runner/work/Scrum-Poker/Scrum-Poker/components/Container.js","statementMap":{"0":{"start":{"line":7,"column":2},"end":{"line":13,"column":3}},"1":{"start":{"line":16,"column":0},"end":{"line":18,"column":1}},"2":{"start":{"line":20,"column":0},"end":{"line":23,"column":1}}},"fnMap":{"0":{"name":"Container","decl":{"start":{"line":6,"column":24},"end":{"line":6,"column":33}},"loc":{"start":{"line":6,"column":41},"end":{"line":14,"column":1}},"line":6}},"branchMap":{},"s":{"0":4,"1":2,"2":2},"f":{"0":4},"b":{},"_coverageSchema":"1a1c01bbd47fc00a2c39e90264f33305004495a9","hash":"1509d5c4108c419abf6b8d1f7fbfbb70c6dc2528"}
,"/home/runner/work/Scrum-Poker/Scrum-Poker/components/DateModified.js": {"path":"/home/runner/work/Scrum-Poker/Scrum-Poker/components/DateModified.js","statementMap":{"0":{"start":{"line":7,"column":2},"end":{"line":12,"column":3}},"1":{"start":{"line":15,"column":0},"end":{"line":18,"column":1}},"2":{"start":{"line":20,"column":0},"end":{"line":26,"column":1}}},"fnMap":{"0":{"name":"DateModified","decl":{"start":{"line":6,"column":24},"end":{"line":6,"column":36}},"loc":{"start":{"line":6,"column":44},"end":{"line":13,"column":1}},"line":6}},"branchMap":{},"s":{"0":11,"1":4,"2":4},"f":{"0":11},"b":{},"_coverageSchema":"1a1c01bbd47fc00a2c39e90264f33305004495a9","hash":"77d197a384c427997c1ead4c4b788e0175d297b4"}
,"/home/runner/work/Scrum-Poker/Scrum-Poker/components/ErrorLabel.js": {"path":"/home/runner/work/Scrum-Poker/Scrum-Poker/components/ErrorLabel.js","statementMap":{"0":{"start":{"line":7,"column":2},"end":{"line":15,"column":3}},"1":{"start":{"line":18,"column":0},"end":{"line":31,"column":1}}},"fnMap":{"0":{"name":"ErrorLabel","decl":{"start":{"line":6,"column":16},"end":{"line":6,"column":26}},"loc":{"start":{"line":6,"column":34},"end":{"line":16,"column":1}},"line":6}},"branchMap":{},"s":{"0":2,"1":2},"f":{"0":2},"b":{},"_coverageSchema":"1a1c01bbd47fc00a2c39e90264f33305004495a9","hash":"8a135f48e4a973e200ea130b6456d53cd5c65845"}
,"/home/runner/work/Scrum-Poker/Scrum-Poker/components/Footer.js": {"path":"/home/runner/work/Scrum-Poker/Scrum-Poker/components/Footer.js","statementMap":{"0":{"start":{"line":9,"column":2},"end":{"line":93,"column":3}},"1":{"start":{"line":26,"column":16},"end":{"line":44,"column":17}},"2":{"start":{"line":61,"column":18},"end":{"line":78,"column":19}},"3":{"start":{"line":96,"column":0},"end":{"line":134,"column":1}}},"fnMap":{"0":{"name":"Footer","decl":{"start":{"line":8,"column":24},"end":{"line":8,"column":30}},"loc":{"start":{"line":8,"column":38},"end":{"line":94,"column":1}},"line":8},"1":{"name":"(anonymous_1)","decl":{"start":{"line":25,"column":40},"end":{"line":25,"column":41}},"loc":{"start":{"line":25,"column":58},"end":{"line":45,"column":15}},"line":25},"2":{"name":"(anonymous_2)","decl":{"start":{"line":60,"column":33},"end":{"line":60,"column":34}},"loc":{"start":{"line":60,"column":51},"end":{"line":79,"column":17}},"line":60}},"branchMap":{"0":{"loc":{"start":{"line":65,"column":24},"end":{"line":67,"column":79}},"type":"cond-expr","locations":[{"start":{"line":66,"column":28},"end":{"line":66,"column":92}},{"start":{"line":67,"column":28},"end":{"line":67,"column":79}}],"line":65}},"s":{"0":9,"1":24,"2":40,"3":3},"f":{"0":9,"1":24,"2":40},"b":{"0":[9,31]},"_coverageSchema":"1a1c01bbd47fc00a2c39e90264f33305004495a9","hash":"ba15838ea60a10538052250b17e3effe0bfa0669"}
,"/home/runner/work/Scrum-Poker/Scrum-Poker/components/Header.js": {"path":"/home/runner/work/Scrum-Poker/Scrum-Poker/components/Header.js","statementMap":{"0":{"start":{"line":5,"column":2},"end":{"line":111,"column":3}},"1":{"start":{"line":121,"column":0},"end":{"line":156,"column":1}}},"fnMap":{"0":{"name":"Header","decl":{"start":{"line":4,"column":24},"end":{"line":4,"column":30}},"loc":{"start":{"line":4,"column":38},"end":{"line":112,"column":1}},"line":4}},"branchMap":{"0":{"loc":{"start":{"line":29,"column":18},"end":{"line":31,"column":39}},"type":"cond-expr","locations":[{"start":{"line":30,"column":22},"end":{"line":30,"column":39}},{"start":{"line":31,"column":22},"end":{"line":31,"column":39}}],"line":29},"1":{"loc":{"start":{"line":34,"column":18},"end":{"line":36,"column":46}},"type":"cond-expr","locations":[{"start":{"line":35,"column":22},"end":{"line":35,"column":44}},{"start":{"line":36,"column":22},"end":{"line":36,"column":46}}],"line":34},"2":{"loc":{"start":{"line":44,"column":20},"end":{"line":44,"column":47}},"type":"binary-expr","locations":[{"start":{"line":44,"column":20},"end":{"line":44,"column":40}},{"start":{"line":44,"column":44},"end":{"line":44,"column":47}}],"line":44},"3":{"loc":{"start":{"line":45,"column":22},"end":{"line":45,"column":59}},"type":"cond-expr","locations":[{"start":{"line":45,"column":48},"end":{"line":45,"column":52}},{"start":{"line":45,"column":55},"end":{"line":45,"column":59}}],"line":45},"4":{"loc":{"start":{"line":50,"column":22},"end":{"line":50,"column":59}},"type":"cond-expr","locations":[{"start":{"line":50,"column":48},"end":{"line":50,"column":52}},{"start":{"line":50,"column":55},"end":{"line":50,"column":59}}],"line":50},"5":{"loc":{"start":{"line":52,"column":17},"end":{"line":52,"column":54}},"type":"cond-expr","locations":[{"start":{"line":52,"column":43},"end":{"line":52,"column":47}},{"start":{"line":52,"column":50},"end":{"line":52,"column":54}}],"line":52},"6":{"loc":{"start":{"line":61,"column":20},"end":{"line":61,"column":47}},"type":"binary-expr","locations":[{"start":{"line":61,"column":20},"end":{"line":61,"column":40}},{"start":{"line":61,"column":44},"end":{"line":61,"column":47}}],"line":61},"7":{"loc":{"start":{"line":62,"column":22},"end":{"line":62,"column":59}},"type":"cond-expr","locations":[{"start":{"line":62,"column":48},"end":{"line":62,"column":52}},{"start":{"line":62,"column":55},"end":{"line":62,"column":59}}],"line":62},"8":{"loc":{"start":{"line":68,"column":22},"end":{"line":68,"column":59}},"type":"cond-expr","locations":[{"start":{"line":68,"column":48},"end":{"line":68,"column":52}},{"start":{"line":68,"column":55},"end":{"line":68,"column":59}}],"line":68},"9":{"loc":{"start":{"line":70,"column":17},"end":{"line":70,"column":65}},"type":"cond-expr","locations":[{"start":{"line":70,"column":43},"end":{"line":70,"column":53}},{"start":{"line":70,"column":56},"end":{"line":70,"column":65}}],"line":70}},"s":{"0":10,"1":3},"f":{"0":10},"b":{"0":[8,2],"1":[8,2],"2":[10,10],"3":[8,2],"4":[8,2],"5":[8,2],"6":[10,10],"7":[8,2],"8":[8,2],"9":[8,2]},"_coverageSchema":"1a1c01bbd47fc00a2c39e90264f33305004495a9","hash":"c8fd1f94d3750103134e07fc00f3a6c21302eb4b"}
,"/home/runner/work/Scrum-Poker/Scrum-Poker/components/Layout.js": {"path":"/home/runner/work/Scrum-Poker/Scrum-Poker/components/Layout.js","statementMap":{"0":{"start":{"line":10,"column":12},"end":{"line":10,"column":43}},"1":{"start":{"line":12,"column":2},"end":{"line":70,"column":3}},"2":{"start":{"line":77,"column":0},"end":{"line":79,"column":1}},"3":{"start":{"line":81,"column":0},"end":{"line":98,"column":1}}},"fnMap":{"0":{"name":"Layout","decl":{"start":{"line":9,"column":24},"end":{"line":9,"column":30}},"loc":{"start":{"line":9,"column":38},"end":{"line":71,"column":1}},"line":9}},"branchMap":{"0":{"loc":{"start":{"line":10,"column":12},"end":{"line":10,"column":43}},"type":"cond-expr","locations":[{"start":{"line":10,"column":36},"end":{"line":10,"column":38}},{"start":{"line":10,"column":41},"end":{"line":10,"column":43}}],"line":10}},"s":{"0":7,"1":7,"2":2,"3":2},"f":{"0":7},"b":{"0":[6,1]},"_coverageSchema":"1a1c01bbd47fc00a2c39e90264f33305004495a9","hash":"f6ffa25a354eae28d4300e17595912fdef0e1e11"}
,"/home/runner/work/Scrum-Poker/Scrum-Poker/components/MetaData.js": {"path":"/home/runner/work/Scrum-Poker/Scrum-Poker/components/MetaData.js","statementMap":{"0":{"start":{"line":5,"column":12},"end":{"line":5,"column":77}},"1":{"start":{"line":7,"column":2},"end":{"line":20,"column":3}}},"fnMap":{"0":{"name":"MetaData","decl":{"start":{"line":4,"column":24},"end":{"line":4,"column":32}},"loc":{"start":{"line":4,"column":40},"end":{"line":21,"column":1}},"line":4}},"branchMap":{"0":{"loc":{"start":{"line":5,"column":12},"end":{"line":5,"column":77}},"type":"cond-expr","locations":[{"start":{"line":5,"column":38},"end":{"line":5,"column":56}},{"start":{"line":5,"column":59},"end":{"line":5,"column":77}}],"line":5}},"s":{"0":9,"1":9},"f":{"0":9},"b":{"0":[8,1]},"_coverageSchema":"1a1c01bbd47fc00a2c39e90264f33305004495a9","hash":"ac505e5ec52131d6401073d880f6c8dc16c206fd"}
,"/home/runner/work/Scrum-Poker/Scrum-Poker/components/Player.js": {"path":"/home/runner/work/Scrum-Poker/Scrum-Poker/components/Player.js","statementMap":{"0":{"start":{"line":12,"column":36},"end":{"line":12,"column":51}},"1":{"start":{"line":14,"column":2},"end":{"line":16,"column":8}},"2":{"start":{"line":15,"column":4},"end":{"line":15,"column":22}},"3":{"start":{"line":18,"column":2},"end":{"line":106,"column":3}},"4":{"start":{"line":67,"column":29},"end":{"line":67,"column":76}},"5":{"start":{"line":109,"column":0},"end":{"line":130,"column":1}}},"fnMap":{"0":{"name":"Player","decl":{"start":{"line":10,"column":24},"end":{"line":10,"column":30}},"loc":{"start":{"line":10,"column":38},"end":{"line":107,"column":1}},"line":10},"1":{"name":"(anonymous_1)","decl":{"start":{"line":14,"column":12},"end":{"line":14,"column":13}},"loc":{"start":{"line":14,"column":18},"end":{"line":16,"column":3}},"line":14},"2":{"name":"(anonymous_2)","decl":{"start":{"line":67,"column":23},"end":{"line":67,"column":24}},"loc":{"start":{"line":67,"column":29},"end":{"line":67,"column":76}},"line":67}},"branchMap":{"0":{"loc":{"start":{"line":41,"column":11},"end":{"line":62,"column":11}},"type":"cond-expr","locations":[{"start":{"line":42,"column":12},"end":{"line":59,"column":18}},{"start":{"line":61,"column":12},"end":{"line":61,"column":14}}],"line":41},"1":{"loc":{"start":{"line":41,"column":11},"end":{"line":41,"column":36}},"type":"binary-expr","locations":[{"start":{"line":41,"column":11},"end":{"line":41,"column":20}},{"start":{"line":41,"column":24},"end":{"line":41,"column":36}}],"line":41},"2":{"loc":{"start":{"line":65,"column":11},"end":{"line":80,"column":11}},"type":"cond-expr","locations":[{"start":{"line":66,"column":12},"end":{"line":77,"column":21}},{"start":{"line":79,"column":12},"end":{"line":79,"column":14}}],"line":65},"3":{"loc":{"start":{"line":81,"column":11},"end":{"line":101,"column":11}},"type":"cond-expr","locations":[{"start":{"line":82,"column":12},"end":{"line":89,"column":14}},{"start":{"line":91,"column":12},"end":{"line":100,"column":18}}],"line":81}},"s":{"0":8,"1":8,"2":4,"3":8,"4":0,"5":1},"f":{"0":8,"1":4,"2":0},"b":{"0":[0,8],"1":[8,4],"2":[0,8],"3":[0,8]},"_coverageSchema":"1a1c01bbd47fc00a2c39e90264f33305004495a9","hash":"4bebc8f28f6e30dd3e0b57280da22237f07c36e8"}
,"/home/runner/work/Scrum-Poker/Scrum-Poker/components/RoomInfo.js": {"path":"/home/runner/work/Scrum-Poker/Scrum-Poker/components/RoomInfo.js","statementMap":{"0":{"start":{"line":10,"column":36},"end":{"line":10,"column":51}},"1":{"start":{"line":12,"column":2},"end":{"line":14,"column":8}},"2":{"start":{"line":13,"column":4},"end":{"line":13,"column":22}},"3":{"start":{"line":16,"column":2},"end":{"line":88,"column":3}},"4":{"start":{"line":42,"column":16},"end":{"line":42,"column":59}},"5":{"start":{"line":43,"column":16},"end":{"line":43,"column":59}},"6":{"start":{"line":43,"column":33},"end":{"line":43,"column":52}},"7":{"start":{"line":91,"column":0},"end":{"line":102,"column":1}},"8":{"start":{"line":104,"column":0},"end":{"line":122,"column":1}}},"fnMap":{"0":{"name":"RoomInfo","decl":{"start":{"line":8,"column":24},"end":{"line":8,"column":32}},"loc":{"start":{"line":8,"column":40},"end":{"line":89,"column":1}},"line":8},"1":{"name":"(anonymous_1)","decl":{"start":{"line":12,"column":12},"end":{"line":12,"column":13}},"loc":{"start":{"line":12,"column":18},"end":{"line":14,"column":3}},"line":12},"2":{"name":"(anonymous_2)","decl":{"start":{"line":41,"column":25},"end":{"line":41,"column":26}},"loc":{"start":{"line":41,"column":31},"end":{"line":44,"column":15}},"line":41},"3":{"name":"(anonymous_3)","decl":{"start":{"line":43,"column":27},"end":{"line":43,"column":28}},"loc":{"start":{"line":43,"column":33},"end":{"line":43,"column":52}},"line":43}},"branchMap":{"0":{"loc":{"start":{"line":36,"column":11},"end":{"line":50,"column":11}},"type":"binary-expr","locations":[{"start":{"line":36,"column":11},"end":{"line":36,"column":20}},{"start":{"line":37,"column":12},"end":{"line":49,"column":27}}],"line":36}},"s":{"0":5,"1":4,"2":2,"3":4,"4":0,"5":0,"6":0,"7":1,"8":1},"f":{"0":5,"1":2,"2":0,"3":0},"b":{"0":[4,2]},"_coverageSchema":"1a1c01bbd47fc00a2c39e90264f33305004495a9","hash":"a97284ba7f4b4242a09d07e587f36692b4477ac0"}
,"/home/runner/work/Scrum-Poker/Scrum-Poker/components/TextInput.js": {"path":"/home/runner/work/Scrum-Poker/Scrum-Poker/components/TextInput.js","statementMap":{"0":{"start":{"line":4,"column":2},"end":{"line":26,"column":3}},"1":{"start":{"line":29,"column":0},"end":{"line":33,"column":1}},"2":{"start":{"line":35,"column":0},"end":{"line":50,"column":1}}},"fnMap":{"0":{"name":"TextInput","decl":{"start":{"line":3,"column":24},"end":{"line":3,"column":33}},"loc":{"start":{"line":3,"column":41},"end":{"line":27,"column":1}},"line":3}},"branchMap":{},"s":{"0":5,"1":2,"2":2},"f":{"0":5},"b":{},"_coverageSchema":"1a1c01bbd47fc00a2c39e90264f33305004495a9","hash":"be836082045b505e8ac9cc909f4c7a58bdf093ac"}
,"/home/runner/work/Scrum-Poker/Scrum-Poker/components/UserList.js": {"path":"/home/runner/work/Scrum-Poker/Scrum-Poker/components/UserList.js","statementMap":{"0":{"start":{"line":11,"column":21},"end":{"line":15,"column":3}},"1":{"start":{"line":17,"column":21},"end":{"line":24,"column":3}},"2":{"start":{"line":27,"column":16},"end":{"line":27,"column":61}},"3":{"start":{"line":28,"column":4},"end":{"line":28,"column":26}},"4":{"start":{"line":31,"column":23},"end":{"line":31,"column":25}},"5":{"start":{"line":34,"column":4},"end":{"line":38,"column":6}},"6":{"start":{"line":35,"column":6},"end":{"line":37,"column":7}},"7":{"start":{"line":36,"column":8},"end":{"line":36,"column":66}},"8":{"start":{"line":41,"column":2},"end":{"line":52,"column":22}},"9":{"start":{"line":42,"column":4},"end":{"line":51,"column":5}},"10":{"start":{"line":43,"column":6},"end":{"line":43,"column":23}},"11":{"start":{"line":44,"column":6},"end":{"line":44,"column":32}},"12":{"start":{"line":47,"column":6},"end":{"line":50,"column":7}},"13":{"start":{"line":48,"column":8},"end":{"line":48,"column":25}},"14":{"start":{"line":49,"column":8},"end":{"line":49,"column":34}},"15":{"start":{"line":54,"column":36},"end":{"line":54,"column":46}},"16":{"start":{"line":58,"column":4},"end":{"line":60,"column":5}},"17":{"start":{"line":59,"column":6},"end":{"line":59,"column":18}},"18":{"start":{"line":61,"column":4},"end":{"line":63,"column":6}},"19":{"start":{"line":62,"column":6},"end":{"line":62,"column":31}},"20":{"start":{"line":68,"column":4},"end":{"line":77,"column":5}},"21":{"start":{"line":69,"column":6},"end":{"line":71,"column":14}},"22":{"start":{"line":70,"column":8},"end":{"line":70,"column":32}},"23":{"start":{"line":73,"column":6},"end":{"line":75,"column":7}},"24":{"start":{"line":76,"column":6},"end":{"line":76,"column":26}},"25":{"start":{"line":80,"column":26},"end":{"line":80,"column":79}},"26":{"start":{"line":80,"column":37},"end":{"line":80,"column":79}},"27":{"start":{"line":80,"column":58},"end":{"line":80,"column":78}},"28":{"start":{"line":82,"column":25},"end":{"line":112,"column":4}},"29":{"start":{"line":83,"column":4},"end":{"line":111,"column":5}},"30":{"start":{"line":113,"column":2},"end":{"line":124,"column":3}},"31":{"start":{"line":127,"column":0},"end":{"line":156,"column":1}}},"fnMap":{"0":{"name":"UserList","decl":{"start":{"line":10,"column":24},"end":{"line":10,"column":32}},"loc":{"start":{"line":10,"column":40},"end":{"line":125,"column":1}},"line":10},"1":{"name":"randomColor","decl":{"start":{"line":26,"column":11},"end":{"line":26,"column":22}},"loc":{"start":{"line":26,"column":25},"end":{"line":29,"column":3}},"line":26},"2":{"name":"setInitialState","decl":{"start":{"line":33,"column":11},"end":{"line":33,"column":26}},"loc":{"start":{"line":33,"column":29},"end":{"line":39,"column":3}},"line":33},"3":{"name":"(anonymous_3)","decl":{"start":{"line":34,"column":23},"end":{"line":34,"column":24}},"loc":{"start":{"line":34,"column":35},"end":{"line":38,"column":5}},"line":34},"4":{"name":"(anonymous_4)","decl":{"start":{"line":41,"column":12},"end":{"line":41,"column":13}},"loc":{"start":{"line":41,"column":18},"end":{"line":52,"column":3}},"line":41},"5":{"name":"isUserInState","decl":{"start":{"line":57,"column":11},"end":{"line":57,"column":24}},"loc":{"start":{"line":57,"column":33},"end":{"line":64,"column":3}},"line":57},"6":{"name":"(anonymous_6)","decl":{"start":{"line":61,"column":26},"end":{"line":61,"column":27}},"loc":{"start":{"line":61,"column":36},"end":{"line":63,"column":5}},"line":61},"7":{"name":"getUserColorById","decl":{"start":{"line":67,"column":11},"end":{"line":67,"column":27}},"loc":{"start":{"line":67,"column":36},"end":{"line":78,"column":3}},"line":67},"8":{"name":"(anonymous_8)","decl":{"start":{"line":69,"column":28},"end":{"line":69,"column":29}},"loc":{"start":{"line":69,"column":38},"end":{"line":71,"column":7}},"line":69},"9":{"name":"(anonymous_9)","decl":{"start":{"line":80,"column":26},"end":{"line":80,"column":27}},"loc":{"start":{"line":80,"column":37},"end":{"line":80,"column":79}},"line":80},"10":{"name":"(anonymous_10)","decl":{"start":{"line":80,"column":48},"end":{"line":80,"column":49}},"loc":{"start":{"line":80,"column":58},"end":{"line":80,"column":78}},"line":80},"11":{"name":"(anonymous_11)","decl":{"start":{"line":82,"column":44},"end":{"line":82,"column":45}},"loc":{"start":{"line":82,"column":56},"end":{"line":112,"column":3}},"line":82}},"branchMap":{"0":{"loc":{"start":{"line":35,"column":6},"end":{"line":37,"column":7}},"type":"if","locations":[{"start":{"line":35,"column":6},"end":{"line":37,"column":7}},{"start":{},"end":{}}],"line":35},"1":{"loc":{"start":{"line":42,"column":4},"end":{"line":51,"column":5}},"type":"if","locations":[{"start":{"line":42,"column":4},"end":{"line":51,"column":5}},{"start":{"line":45,"column":11},"end":{"line":51,"column":5}}],"line":42},"2":{"loc":{"start":{"line":47,"column":6},"end":{"line":50,"column":7}},"type":"if","locations":[{"start":{"line":47,"column":6},"end":{"line":50,"column":7}},{"start":{},"end":{}}],"line":47},"3":{"loc":{"start":{"line":58,"column":4},"end":{"line":60,"column":5}},"type":"if","locations":[{"start":{"line":58,"column":4},"end":{"line":60,"column":5}},{"start":{},"end":{}}],"line":58},"4":{"loc":{"start":{"line":68,"column":4},"end":{"line":77,"column":5}},"type":"if","locations":[{"start":{"line":68,"column":4},"end":{"line":77,"column":5}},{"start":{"line":72,"column":11},"end":{"line":77,"column":5}}],"line":68},"5":{"loc":{"start":{"line":88,"column":12},"end":{"line":90,"column":43}},"type":"cond-expr","locations":[{"start":{"line":89,"column":16},"end":{"line":89,"column":29}},{"start":{"line":90,"column":16},"end":{"line":90,"column":43}}],"line":88},"6":{"loc":{"start":{"line":93,"column":12},"end":{"line":99,"column":20}},"type":"cond-expr","locations":[{"start":{"line":94,"column":16},"end":{"line":94,"column":44}},{"start":{"line":95,"column":16},"end":{"line":99,"column":20}}],"line":93},"7":{"loc":{"start":{"line":95,"column":16},"end":{"line":99,"column":20}},"type":"cond-expr","locations":[{"start":{"line":96,"column":16},"end":{"line":98,"column":28}},{"start":{"line":99,"column":16},"end":{"line":99,"column":20}}],"line":95},"8":{"loc":{"start":{"line":96,"column":16},"end":{"line":98,"column":28}},"type":"cond-expr","locations":[{"start":{"line":97,"column":18},"end":{"line":97,"column":46}},{"start":{"line":98,"column":18},"end":{"line":98,"column":28}}],"line":96},"9":{"loc":{"start":{"line":105,"column":12},"end":{"line":106,"column":46}},"type":"binary-expr","locations":[{"start":{"line":105,"column":12},"end":{"line":105,"column":47}},{"start":{"line":106,"column":12},"end":{"line":106,"column":46}}],"line":105},"10":{"loc":{"start":{"line":120,"column":9},"end":{"line":120,"column":45}},"type":"cond-expr","locations":[{"start":{"line":120,"column":26},"end":{"line":120,"column":40}},{"start":{"line":120,"column":43},"end":{"line":120,"column":45}}],"line":120}},"s":{"0":0,"1":0,"2":0,"3":0,"4":0,"5":0,"6":0,"7":0,"8":0,"9":0,"10":0,"11":0,"12":0,"13":0,"14":0,"15":0,"16":0,"17":0,"18":0,"19":0,"20":0,"21":0,"22":0,"23":0,"24":0,"25":0,"26":0,"27":0,"28":0,"29":0,"30":0,"31":0},"f":{"0":0,"1":0,"2":0,"3":0,"4":0,"5":0,"6":0,"7":0,"8":0,"9":0,"10":0,"11":0},"b":{"0":[0,0],"1":[0,0],"2":[0,0],"3":[0,0],"4":[0,0],"5":[0,0],"6":[0,0],"7":[0,0],"8":[0,0],"9":[0,0],"10":[0,0]}}
,"/home/runner/work/Scrum-Poker/Scrum-Poker/pages/404.js": {"path":"/home/runner/work/Scrum-Poker/Scrum-Poker/pages/404.js","statementMap":{"0":{"start":{"line":4,"column":2},"end":{"line":54,"column":3}},"1":{"start":{"line":59,"column":15},"end":{"line":72,"column":3}},"2":{"start":{"line":74,"column":2},"end":{"line":76,"column":3}}},"fnMap":{"0":{"name":"Custom404","decl":{"start":{"line":3,"column":24},"end":{"line":3,"column":33}},"loc":{"start":{"line":3,"column":36},"end":{"line":55,"column":1}},"line":3},"1":{"name":"getStaticProps","decl":{"start":{"line":57,"column":22},"end":{"line":57,"column":36}},"loc":{"start":{"line":57,"column":49},"end":{"line":77,"column":1}},"line":57}},"branchMap":{},"s":{"0":1,"1":1,"2":1},"f":{"0":1,"1":1},"b":{},"_coverageSchema":"1a1c01bbd47fc00a2c39e90264f33305004495a9","hash":"4f96716a1a627b26c5f2a6e8aa58182332471132"}
,"/home/runner/work/Scrum-Poker/Scrum-Poker/pages/_app.js": {"path":"/home/runner/work/Scrum-Poker/Scrum-Poker/pages/_app.js","statementMap":{},"fnMap":{"0":{"name":"MyApp","decl":{"start":{"line":7,"column":9},"end":{"line":7,"column":14}},"loc":{"start":{"line":7,"column":41},"end":{"line":25,"column":1}},"line":7}},"branchMap":{},"s":{},"f":{"0":1},"b":{},"_coverageSchema":"1a1c01bbd47fc00a2c39e90264f33305004495a9","hash":"a07b3499d3f0b1cb8acb3472fd5db958fb50ae8e"}
,"/home/runner/work/Scrum-Poker/Scrum-Poker/pages/_error.js": {"path":"/home/runner/work/Scrum-Poker/Scrum-Poker/pages/_error.js","statementMap":{"0":{"start":{"line":4,"column":2},"end":{"line":62,"column":3}}},"fnMap":{"0":{"name":"CustomError","decl":{"start":{"line":3,"column":9},"end":{"line":3,"column":20}},"loc":{"start":{"line":3,"column":37},"end":{"line":63,"column":1}},"line":3}},"branchMap":{"0":{"loc":{"start":{"line":9,"column":11},"end":{"line":11,"column":43}},"type":"cond-expr","locations":[{"start":{"line":10,"column":14},"end":{"line":10,"column":57}},{"start":{"line":11,"column":14},"end":{"line":11,"column":43}}],"line":9},"1":{"loc":{"start":{"line":37,"column":11},"end":{"line":39,"column":45}},"type":"cond-expr","locations":[{"start":{"line":38,"column":14},"end":{"line":38,"column":36}},{"start":{"line":39,"column":14},"end":{"line":39,"column":45}}],"line":37}},"s":{"0":2},"f":{"0":2},"b":{"0":[1,1],"1":[1,1]},"_coverageSchema":"1a1c01bbd47fc00a2c39e90264f33305004495a9","hash":"59517d70950cea740a64ce9c15b349c82fb72784"}
,"/home/runner/work/Scrum-Poker/Scrum-Poker/pages/home.js": {"path":"/home/runner/work/Scrum-Poker/Scrum-Poker/pages/home.js","statementMap":{"0":{"start":{"line":23,"column":48},"end":{"line":23,"column":67}},"1":{"start":{"line":24,"column":44},"end":{"line":24,"column":63}},"2":{"start":{"line":26,"column":17},"end":{"line":26,"column":28}},"3":{"start":{"line":30,"column":20},"end":{"line":30,"column":41}},"4":{"start":{"line":31,"column":20},"end":{"line":31,"column":41}},"5":{"start":{"line":32,"column":24},"end":{"line":32,"column":48}},"6":{"start":{"line":33,"column":23},"end":{"line":33,"column":47}},"7":{"start":{"line":34,"column":25},"end":{"line":34,"column":47}},"8":{"start":{"line":38,"column":25},"end":{"line":38,"column":47}},"9":{"start":{"line":39,"column":21},"end":{"line":39,"column":23}},"10":{"start":{"line":40,"column":2},"end":{"line":53,"column":5}},"11":{"start":{"line":41,"column":4},"end":{"line":53,"column":5}},"12":{"start":{"line":43,"column":8},"end":{"line":43,"column":37}},"13":{"start":{"line":44,"column":8},"end":{"line":44,"column":13}},"14":{"start":{"line":46,"column":8},"end":{"line":46,"column":37}},"15":{"start":{"line":47,"column":8},"end":{"line":47,"column":13}},"16":{"start":{"line":49,"column":8},"end":{"line":49,"column":38}},"17":{"start":{"line":50,"column":8},"end":{"line":50,"column":13}},"18":{"start":{"line":52,"column":8},"end":{"line":52,"column":37}},"19":{"start":{"line":55,"column":27},"end":{"line":151,"column":3}},"20":{"start":{"line":57,"column":4},"end":{"line":57,"column":22}},"21":{"start":{"line":58,"column":19},"end":{"line":58,"column":36}},"22":{"start":{"line":59,"column":15},"end":{"line":59,"column":36}},"23":{"start":{"line":60,"column":13},"end":{"line":60,"column":27}},"24":{"start":{"line":62,"column":4},"end":{"line":150,"column":5}},"25":{"start":{"line":64,"column":6},"end":{"line":70,"column":7}},"26":{"start":{"line":65,"column":8},"end":{"line":65,"column":32}},"27":{"start":{"line":68,"column":11},"end":{"line":70,"column":7}},"28":{"start":{"line":69,"column":8},"end":{"line":69,"column":32}},"29":{"start":{"line":72,"column":6},"end":{"line":78,"column":7}},"30":{"start":{"line":73,"column":8},"end":{"line":73,"column":32}},"31":{"start":{"line":76,"column":11},"end":{"line":78,"column":7}},"32":{"start":{"line":77,"column":8},"end":{"line":77,"column":32}},"33":{"start":{"line":80,"column":25},"end":{"line":84,"column":8}},"34":{"start":{"line":83,"column":8},"end":{"line":83,"column":28}},"35":{"start":{"line":86,"column":6},"end":{"line":91,"column":7}},"36":{"start":{"line":87,"column":8},"end":{"line":87,"column":43}},"37":{"start":{"line":88,"column":8},"end":{"line":88,"column":42}},"38":{"start":{"line":90,"column":8},"end":{"line":90,"column":28}},"39":{"start":{"line":94,"column":29},"end":{"line":98,"column":8}},"40":{"start":{"line":97,"column":8},"end":{"line":97,"column":28}},"41":{"start":{"line":100,"column":23},"end":{"line":100,"column":25}},"42":{"start":{"line":101,"column":6},"end":{"line":110,"column":7}},"43":{"start":{"line":102,"column":8},"end":{"line":104,"column":10}},"44":{"start":{"line":103,"column":10},"end":{"line":103,"column":42}},"45":{"start":{"line":105,"column":8},"end":{"line":107,"column":9}},"46":{"start":{"line":106,"column":10},"end":{"line":106,"column":33}},"47":{"start":{"line":109,"column":8},"end":{"line":109,"column":32}},"48":{"start":{"line":112,"column":28},"end":{"line":120,"column":8}},"49":{"start":{"line":119,"column":8},"end":{"line":119,"column":28}},"50":{"start":{"line":122,"column":6},"end":{"line":122,"column":70}},"51":{"start":{"line":122,"column":50},"end":{"line":122,"column":70}},"52":{"start":{"line":124,"column":28},"end":{"line":135,"column":8}},"53":{"start":{"line":134,"column":8},"end":{"line":134,"column":28}},"54":{"start":{"line":137,"column":6},"end":{"line":147,"column":7}},"55":{"start":{"line":138,"column":8},"end":{"line":144,"column":12}},"56":{"start":{"line":143,"column":12},"end":{"line":143,"column":32}},"57":{"start":{"line":146,"column":8},"end":{"line":146,"column":28}},"58":{"start":{"line":149,"column":6},"end":{"line":149,"column":25}},"59":{"start":{"line":153,"column":26},"end":{"line":218,"column":3}},"60":{"start":{"line":155,"column":4},"end":{"line":155,"column":22}},"61":{"start":{"line":156,"column":19},"end":{"line":156,"column":30}},"62":{"start":{"line":157,"column":15},"end":{"line":157,"column":36}},"63":{"start":{"line":159,"column":4},"end":{"line":217,"column":5}},"64":{"start":{"line":161,"column":6},"end":{"line":167,"column":7}},"65":{"start":{"line":162,"column":8},"end":{"line":162,"column":32}},"66":{"start":{"line":165,"column":11},"end":{"line":167,"column":7}},"67":{"start":{"line":166,"column":8},"end":{"line":166,"column":32}},"68":{"start":{"line":170,"column":25},"end":{"line":174,"column":8}},"69":{"start":{"line":173,"column":8},"end":{"line":173,"column":28}},"70":{"start":{"line":176,"column":6},"end":{"line":181,"column":7}},"71":{"start":{"line":177,"column":8},"end":{"line":177,"column":43}},"72":{"start":{"line":178,"column":8},"end":{"line":178,"column":42}},"73":{"start":{"line":180,"column":8},"end":{"line":180,"column":28}},"74":{"start":{"line":183,"column":25},"end":{"line":187,"column":8}},"75":{"start":{"line":186,"column":8},"end":{"line":186,"column":28}},"76":{"start":{"line":189,"column":6},"end":{"line":189,"column":64}},"77":{"start":{"line":189,"column":44},"end":{"line":189,"column":64}},"78":{"start":{"line":191,"column":28},"end":{"line":202,"column":8}},"79":{"start":{"line":201,"column":8},"end":{"line":201,"column":28}},"80":{"start":{"line":204,"column":6},"end":{"line":214,"column":7}},"81":{"start":{"line":205,"column":8},"end":{"line":211,"column":12}},"82":{"start":{"line":210,"column":12},"end":{"line":210,"column":32}},"83":{"start":{"line":213,"column":8},"end":{"line":213,"column":28}},"84":{"start":{"line":216,"column":6},"end":{"line":216,"column":27}},"85":{"start":{"line":219,"column":2},"end":{"line":309,"column":3}},"86":{"start":{"line":315,"column":15},"end":{"line":328,"column":3}},"87":{"start":{"line":329,"column":2},"end":{"line":331,"column":3}},"88":{"start":{"line":333,"column":0},"end":{"line":342,"column":1}}},"fnMap":{"0":{"name":"Home","decl":{"start":{"line":19,"column":24},"end":{"line":19,"column":28}},"loc":{"start":{"line":19,"column":36},"end":{"line":310,"column":1}},"line":19},"1":{"name":"(anonymous_1)","decl":{"start":{"line":55,"column":27},"end":{"line":55,"column":28}},"loc":{"start":{"line":55,"column":40},"end":{"line":151,"column":3}},"line":55},"2":{"name":"(anonymous_2)","decl":{"start":{"line":82,"column":15},"end":{"line":82,"column":16}},"loc":{"start":{"line":82,"column":22},"end":{"line":84,"column":7}},"line":82},"3":{"name":"(anonymous_3)","decl":{"start":{"line":96,"column":15},"end":{"line":96,"column":16}},"loc":{"start":{"line":96,"column":22},"end":{"line":98,"column":7}},"line":96},"4":{"name":"(anonymous_4)","decl":{"start":{"line":102,"column":51},"end":{"line":102,"column":52}},"loc":{"start":{"line":102,"column":61},"end":{"line":104,"column":9}},"line":102},"5":{"name":"(anonymous_5)","decl":{"start":{"line":118,"column":15},"end":{"line":118,"column":16}},"loc":{"start":{"line":118,"column":22},"end":{"line":120,"column":7}},"line":118},"6":{"name":"(anonymous_6)","decl":{"start":{"line":133,"column":15},"end":{"line":133,"column":16}},"loc":{"start":{"line":133,"column":22},"end":{"line":135,"column":7}},"line":133},"7":{"name":"(anonymous_7)","decl":{"start":{"line":142,"column":17},"end":{"line":142,"column":18}},"loc":{"start":{"line":142,"column":24},"end":{"line":144,"column":11}},"line":142},"8":{"name":"(anonymous_8)","decl":{"start":{"line":153,"column":26},"end":{"line":153,"column":27}},"loc":{"start":{"line":153,"column":39},"end":{"line":218,"column":3}},"line":153},"9":{"name":"(anonymous_9)","decl":{"start":{"line":172,"column":15},"end":{"line":172,"column":16}},"loc":{"start":{"line":172,"column":22},"end":{"line":174,"column":7}},"line":172},"10":{"name":"(anonymous_10)","decl":{"start":{"line":185,"column":15},"end":{"line":185,"column":16}},"loc":{"start":{"line":185,"column":22},"end":{"line":187,"column":7}},"line":185},"11":{"name":"(anonymous_11)","decl":{"start":{"line":200,"column":15},"end":{"line":200,"column":16}},"loc":{"start":{"line":200,"column":22},"end":{"line":202,"column":7}},"line":200},"12":{"name":"(anonymous_12)","decl":{"start":{"line":209,"column":17},"end":{"line":209,"column":18}},"loc":{"start":{"line":209,"column":24},"end":{"line":211,"column":11}},"line":209},"13":{"name":"getStaticProps","decl":{"start":{"line":311,"column":22},"end":{"line":311,"column":36}},"loc":{"start":{"line":311,"column":49},"end":{"line":332,"column":1}},"line":311}},"branchMap":{"0":{"loc":{"start":{"line":40,"column":2},"end":{"line":53,"column":5}},"type":"if","locations":[{"start":{"line":40,"column":2},"end":{"line":53,"column":5}},{"start":{},"end":{}}],"line":40},"1":{"loc":{"start":{"line":41,"column":4},"end":{"line":53,"column":5}},"type":"switch","locations":[{"start":{"line":42,"column":6},"end":{"line":44,"column":13}},{"start":{"line":45,"column":6},"end":{"line":47,"column":13}},{"start":{"line":48,"column":6},"end":{"line":50,"column":13}},{"start":{"line":51,"column":6},"end":{"line":52,"column":37}}],"line":41},"2":{"loc":{"start":{"line":64,"column":6},"end":{"line":70,"column":7}},"type":"if","locations":[{"start":{"line":64,"column":6},"end":{"line":70,"column":7}},{"start":{"line":68,"column":11},"end":{"line":70,"column":7}}],"line":64},"3":{"loc":{"start":{"line":68,"column":11},"end":{"line":70,"column":7}},"type":"if","locations":[{"start":{"line":68,"column":11},"end":{"line":70,"column":7}},{"start":{},"end":{}}],"line":68},"4":{"loc":{"start":{"line":72,"column":6},"end":{"line":78,"column":7}},"type":"if","locations":[{"start":{"line":72,"column":6},"end":{"line":78,"column":7}},{"start":{"line":76,"column":11},"end":{"line":78,"column":7}}],"line":72},"5":{"loc":{"start":{"line":76,"column":11},"end":{"line":78,"column":7}},"type":"if","locations":[{"start":{"line":76,"column":11},"end":{"line":78,"column":7}},{"start":{},"end":{}}],"line":76},"6":{"loc":{"start":{"line":86,"column":6},"end":{"line":91,"column":7}},"type":"if","locations":[{"start":{"line":86,"column":6},"end":{"line":91,"column":7}},{"start":{"line":89,"column":13},"end":{"line":91,"column":7}}],"line":86},"7":{"loc":{"start":{"line":101,"column":6},"end":{"line":110,"column":7}},"type":"if","locations":[{"start":{"line":101,"column":6},"end":{"line":110,"column":7}},{"start":{"line":108,"column":13},"end":{"line":110,"column":7}}],"line":101},"8":{"loc":{"start":{"line":105,"column":8},"end":{"line":107,"column":9}},"type":"if","locations":[{"start":{"line":105,"column":8},"end":{"line":107,"column":9}},{"start":{},"end":{}}],"line":105},"9":{"loc":{"start":{"line":122,"column":6},"end":{"line":122,"column":70}},"type":"if","locations":[{"start":{"line":122,"column":6},"end":{"line":122,"column":70}},{"start":{},"end":{}}],"line":122},"10":{"loc":{"start":{"line":137,"column":6},"end":{"line":147,"column":7}},"type":"if","locations":[{"start":{"line":137,"column":6},"end":{"line":147,"column":7}},{"start":{"line":145,"column":13},"end":{"line":147,"column":7}}],"line":137},"11":{"loc":{"start":{"line":161,"column":6},"end":{"line":167,"column":7}},"type":"if","locations":[{"start":{"line":161,"column":6},"end":{"line":167,"column":7}},{"start":{"line":165,"column":11},"end":{"line":167,"column":7}}],"line":161},"12":{"loc":{"start":{"line":165,"column":11},"end":{"line":167,"column":7}},"type":"if","locations":[{"start":{"line":165,"column":11},"end":{"line":167,"column":7}},{"start":{},"end":{}}],"line":165},"13":{"loc":{"start":{"line":176,"column":6},"end":{"line":181,"column":7}},"type":"if","locations":[{"start":{"line":176,"column":6},"end":{"line":181,"column":7}},{"start":{"line":179,"column":13},"end":{"line":181,"column":7}}],"line":176},"14":{"loc":{"start":{"line":189,"column":6},"end":{"line":189,"column":64}},"type":"if","locations":[{"start":{"line":189,"column":6},"end":{"line":189,"column":64}},{"start":{},"end":{}}],"line":189},"15":{"loc":{"start":{"line":204,"column":6},"end":{"line":214,"column":7}},"type":"if","locations":[{"start":{"line":204,"column":6},"end":{"line":214,"column":7}},{"start":{"line":212,"column":13},"end":{"line":214,"column":7}}],"line":204},"16":{"loc":{"start":{"line":221,"column":7},"end":{"line":229,"column":19}},"type":"cond-expr","locations":[{"start":{"line":222,"column":8},"end":{"line":228,"column":14}},{"start":{"line":229,"column":10},"end":{"line":229,"column":19}}],"line":221},"17":{"loc":{"start":{"line":234,"column":10},"end":{"line":234,"column":41}},"type":"cond-expr","locations":[{"start":{"line":234,"column":27},"end":{"line":234,"column":36}},{"start":{"line":234,"column":39},"end":{"line":234,"column":41}}],"line":234},"18":{"loc":{"start":{"line":247,"column":15},"end":{"line":252,"column":27}},"type":"cond-expr","locations":[{"start":{"line":248,"column":16},"end":{"line":251,"column":30}},{"start":{"line":252,"column":18},"end":{"line":252,"column":27}}],"line":247},"19":{"loc":{"start":{"line":278,"column":13},"end":{"line":283,"column":25}},"type":"cond-expr","locations":[{"start":{"line":279,"column":14},"end":{"line":282,"column":28}},{"start":{"line":283,"column":16},"end":{"line":283,"column":25}}],"line":278}},"s":{"0":1,"1":1,"2":1,"3":1,"4":1,"5":1,"6":1,"7":1,"8":1,"9":1,"10":1,"11":0,"12":0,"13":0,"14":0,"15":0,"16":0,"17":0,"18":0,"19":1,"20":0,"21":0,"22":0,"23":0,"24":0,"25":0,"26":0,"27":0,"28":0,"29":0,"30":0,"31":0,"32":0,"33":0,"34":0,"35":0,"36":0,"37":0,"38":0,"39":0,"40":0,"41":0,"42":0,"43":0,"44":0,"45":0,"46":0,"47":0,"48":0,"49":0,"50":0,"51":0,"52":0,"53":0,"54":0,"55":0,"56":0,"57":0,"58":0,"59":1,"60":0,"61":0,"62":0,"63":0,"64":0,"65":0,"66":0,"67":0,"68":0,"69":0,"70":0,"71":0,"72":0,"73":0,"74":0,"75":0,"76":0,"77":0,"78":0,"79":0,"80":0,"81":0,"82":0,"83":0,"84":0,"85":1,"86":1,"87":1,"88":1},"f":{"0":1,"1":0,"2":0,"3":0,"4":0,"5":0,"6":0,"7":0,"8":0,"9":0,"10":0,"11":0,"12":0,"13":1},"b":{"0":[0,1],"1":[0,0,0,0],"2":[0,0],"3":[0,0],"4":[0,0],"5":[0,0],"6":[0,0],"7":[0,0],"8":[0,0],"9":[0,0],"10":[0,0],"11":[0,0],"12":[0,0],"13":[0,0],"14":[0,0],"15":[0,0],"16":[0,1],"17":[0,1],"18":[0,1],"19":[0,1]},"_coverageSchema":"1a1c01bbd47fc00a2c39e90264f33305004495a9","hash":"122149f0178ea79366451e0a376c297b3e5935b7"}
,"/home/runner/work/Scrum-Poker/Scrum-Poker/pages/index.js": {"path":"/home/runner/work/Scrum-Poker/Scrum-Poker/pages/index.js","statementMap":{"0":{"start":{"line":5,"column":2},"end":{"line":78,"column":3}},"1":{"start":{"line":82,"column":0},"end":{"line":84,"column":1}},"2":{"start":{"line":83,"column":2},"end":{"line":83,"column":20}},"3":{"start":{"line":90,"column":15},"end":{"line":103,"column":3}},"4":{"start":{"line":105,"column":2},"end":{"line":107,"column":3}}},"fnMap":{"0":{"name":"Index","decl":{"start":{"line":4,"column":24},"end":{"line":4,"column":29}},"loc":{"start":{"line":4,"column":37},"end":{"line":79,"column":1}},"line":4},"1":{"name":"PageLayout","decl":{"start":{"line":82,"column":27},"end":{"line":82,"column":37}},"loc":{"start":{"line":82,"column":44},"end":{"line":84,"column":1}},"line":82},"2":{"name":"getStaticProps","decl":{"start":{"line":86,"column":22},"end":{"line":86,"column":36}},"loc":{"start":{"line":86,"column":49},"end":{"line":108,"column":1}},"line":86}},"branchMap":{},"s":{"0":2,"1":2,"2":1,"3":1,"4":1},"f":{"0":2,"1":1,"2":1},"b":{},"_coverageSchema":"1a1c01bbd47fc00a2c39e90264f33305004495a9","hash":"98fd75f2d3d9ad5a6a3f221e56e2412e36d0531d"}
,"/home/runner/work/Scrum-Poker/Scrum-Poker/pages/api/metrics.js": {"path":"/home/runner/work/Scrum-Poker/Scrum-Poker/pages/api/metrics.js","statementMap":{},"fnMap":{},"branchMap":{},"s":{},"f":{},"b":{}}
,"/home/runner/work/Scrum-Poker/Scrum-Poker/pages/room/[id].js": {"path":"/home/runner/work/Scrum-Poker/Scrum-Poker/pages/room/[id].js","statementMap":{"0":{"start":{"line":20,"column":21},"end":{"line":29,"column":1}},"1":{"start":{"line":32,"column":12},"end":{"line":32,"column":43}},"2":{"start":{"line":33,"column":17},"end":{"line":33,"column":28}},"3":{"start":{"line":34,"column":24},"end":{"line":34,"column":48}},"4":{"start":{"line":35,"column":23},"end":{"line":35,"column":47}},"5":{"start":{"line":36,"column":23},"end":{"line":36,"column":47}},"6":{"start":{"line":37,"column":26},"end":{"line":37,"column":46}},"7":{"start":{"line":38,"column":28},"end":{"line":38,"column":49}},"8":{"start":{"line":39,"column":30},"end":{"line":39,"column":44}},"9":{"start":{"line":40,"column":22},"end":{"line":44,"column":3}},"10":{"start":{"line":41,"column":4},"end":{"line":43,"column":6}},"11":{"start":{"line":42,"column":6},"end":{"line":42,"column":31}},"12":{"start":{"line":45,"column":25},"end":{"line":53,"column":3}},"13":{"start":{"line":46,"column":18},"end":{"line":46,"column":63}},"14":{"start":{"line":46,"column":44},"end":{"line":46,"column":62}},"15":{"start":{"line":47,"column":4},"end":{"line":51,"column":5}},"16":{"start":{"line":48,"column":26},"end":{"line":48,"column":36}},"17":{"start":{"line":49,"column":6},"end":{"line":49,"column":36}},"18":{"start":{"line":50,"column":6},"end":{"line":50,"column":29}},"19":{"start":{"line":52,"column":4},"end":{"line":52,"column":15}},"20":{"start":{"line":55,"column":26},"end":{"line":69,"column":3}},"21":{"start":{"line":71,"column":22},"end":{"line":101,"column":3}},"22":{"start":{"line":72,"column":4},"end":{"line":72,"column":22}},"23":{"start":{"line":75,"column":4},"end":{"line":100,"column":5}},"24":{"start":{"line":76,"column":6},"end":{"line":87,"column":8}},"25":{"start":{"line":77,"column":8},"end":{"line":86,"column":10}},"26":{"start":{"line":90,"column":6},"end":{"line":96,"column":8}},"27":{"start":{"line":99,"column":6},"end":{"line":99,"column":20}},"28":{"start":{"line":103,"column":2},"end":{"line":124,"column":8}},"29":{"start":{"line":104,"column":23},"end":{"line":104,"column":44}},"30":{"start":{"line":106,"column":4},"end":{"line":123,"column":5}},"31":{"start":{"line":107,"column":6},"end":{"line":110,"column":8}},"32":{"start":{"line":113,"column":27},"end":{"line":113,"column":50}},"33":{"start":{"line":114,"column":6},"end":{"line":119,"column":7}},"34":{"start":{"line":115,"column":8},"end":{"line":118,"column":10}},"35":{"start":{"line":122,"column":6},"end":{"line":122,"column":27}},"36":{"start":{"line":127,"column":27},"end":{"line":129,"column":4}},"37":{"start":{"line":130,"column":2},"end":{"line":151,"column":24}},"38":{"start":{"line":131,"column":4},"end":{"line":133,"column":5}},"39":{"start":{"line":134,"column":4},"end":{"line":136,"column":5}},"40":{"start":{"line":137,"column":4},"end":{"line":150,"column":5}},"41":{"start":{"line":138,"column":22},"end":{"line":138,"column":27}},"42":{"start":{"line":139,"column":25},"end":{"line":145,"column":8}},"43":{"start":{"line":140,"column":8},"end":{"line":143,"column":9}},"44":{"start":{"line":141,"column":10},"end":{"line":141,"column":26}},"45":{"start":{"line":142,"column":10},"end":{"line":142,"column":51}},"46":{"start":{"line":144,"column":8},"end":{"line":144,"column":19}},"47":{"start":{"line":146,"column":6},"end":{"line":148,"column":7}},"48":{"start":{"line":147,"column":8},"end":{"line":147,"column":76}},"49":{"start":{"line":149,"column":6},"end":{"line":149,"column":28}},"50":{"start":{"line":154,"column":27},"end":{"line":156,"column":4}},"51":{"start":{"line":157,"column":2},"end":{"line":180,"column":24}},"52":{"start":{"line":158,"column":4},"end":{"line":179,"column":5}},"53":{"start":{"line":159,"column":30},"end":{"line":159,"column":51}},"54":{"start":{"line":161,"column":6},"end":{"line":169,"column":8}},"55":{"start":{"line":162,"column":26},"end":{"line":164,"column":9}},"56":{"start":{"line":163,"column":21},"end":{"line":163,"column":42}},"57":{"start":{"line":165,"column":8},"end":{"line":168,"column":9}},"58":{"start":{"line":167,"column":10},"end":{"line":167,"column":34}},"59":{"start":{"line":170,"column":30},"end":{"line":177,"column":7}},"60":{"start":{"line":174,"column":10},"end":{"line":174,"column":24}},"61":{"start":{"line":178,"column":6},"end":{"line":178,"column":30}},"62":{"start":{"line":182,"column":29},"end":{"line":200,"column":3}},"63":{"start":{"line":183,"column":28},"end":{"line":188,"column":5}},"64":{"start":{"line":189,"column":4},"end":{"line":199,"column":5}},"65":{"start":{"line":190,"column":28},"end":{"line":196,"column":8}},"66":{"start":{"line":195,"column":8},"end":{"line":195,"column":15}},"67":{"start":{"line":198,"column":6},"end":{"line":198,"column":20}},"68":{"start":{"line":202,"column":25},"end":{"line":242,"column":3}},"69":{"start":{"line":203,"column":4},"end":{"line":241,"column":5}},"70":{"start":{"line":204,"column":6},"end":{"line":206,"column":7}},"71":{"start":{"line":209,"column":20},"end":{"line":209,"column":48}},"72":{"start":{"line":210,"column":6},"end":{"line":240,"column":7}},"73":{"start":{"line":211,"column":32},"end":{"line":211,"column":49}},"74":{"start":{"line":212,"column":8},"end":{"line":212,"column":42}},"75":{"start":{"line":213,"column":8},"end":{"line":239,"column":9}},"76":{"start":{"line":215,"column":23},"end":{"line":223,"column":12}},"77":{"start":{"line":222,"column":12},"end":{"line":222,"column":19}},"78":{"start":{"line":225,"column":10},"end":{"line":231,"column":12}},"79":{"start":{"line":230,"column":12},"end":{"line":230,"column":19}},"80":{"start":{"line":234,"column":10},"end":{"line":236,"column":12}},"81":{"start":{"line":238,"column":10},"end":{"line":238,"column":24}},"82":{"start":{"line":243,"column":2},"end":{"line":373,"column":3}},"83":{"start":{"line":276,"column":16},"end":{"line":291,"column":17}},"84":{"start":{"line":282,"column":38},"end":{"line":282,"column":65}},"85":{"start":{"line":284,"column":24},"end":{"line":286,"column":25}},"86":{"start":{"line":285,"column":26},"end":{"line":285,"column":53}},"87":{"start":{"line":302,"column":20},"end":{"line":308,"column":22}},"88":{"start":{"line":318,"column":20},"end":{"line":324,"column":22}},"89":{"start":{"line":377,"column":17},"end":{"line":377,"column":26}},"90":{"start":{"line":380,"column":4},"end":{"line":380,"column":68}},"91":{"start":{"line":383,"column":15},"end":{"line":396,"column":3}},"92":{"start":{"line":399,"column":24},"end":{"line":402,"column":4}},"93":{"start":{"line":403,"column":19},"end":{"line":403,"column":47}},"94":{"start":{"line":405,"column":2},"end":{"line":412,"column":3}},"95":{"start":{"line":406,"column":4},"end":{"line":411,"column":5}},"96":{"start":{"line":413,"column":15},"end":{"line":420,"column":3}},"97":{"start":{"line":417,"column":6},"end":{"line":417,"column":20}},"98":{"start":{"line":422,"column":16},"end":{"line":422,"column":30}},"99":{"start":{"line":424,"column":2},"end":{"line":426,"column":3}},"100":{"start":{"line":429,"column":0},"end":{"line":434,"column":1}}},"fnMap":{"0":{"name":"Room","decl":{"start":{"line":31,"column":24},"end":{"line":31,"column":28}},"loc":{"start":{"line":31,"column":36},"end":{"line":374,"column":1}},"line":31},"1":{"name":"(anonymous_1)","decl":{"start":{"line":40,"column":22},"end":{"line":40,"column":23}},"loc":{"start":{"line":40,"column":34},"end":{"line":44,"column":3}},"line":40},"2":{"name":"(anonymous_2)","decl":{"start":{"line":41,"column":22},"end":{"line":41,"column":23}},"loc":{"start":{"line":41,"column":32},"end":{"line":43,"column":5}},"line":41},"3":{"name":"(anonymous_3)","decl":{"start":{"line":45,"column":25},"end":{"line":45,"column":26}},"loc":{"start":{"line":45,"column":37},"end":{"line":53,"column":3}},"line":45},"4":{"name":"(anonymous_4)","decl":{"start":{"line":46,"column":34},"end":{"line":46,"column":35}},"loc":{"start":{"line":46,"column":44},"end":{"line":46,"column":62}},"line":46},"5":{"name":"(anonymous_5)","decl":{"start":{"line":71,"column":22},"end":{"line":71,"column":23}},"loc":{"start":{"line":71,"column":29},"end":{"line":101,"column":3}},"line":71},"6":{"name":"(anonymous_6)","decl":{"start":{"line":76,"column":20},"end":{"line":76,"column":21}},"loc":{"start":{"line":76,"column":30},"end":{"line":87,"column":7}},"line":76},"7":{"name":"(anonymous_7)","decl":{"start":{"line":103,"column":12},"end":{"line":103,"column":13}},"loc":{"start":{"line":103,"column":18},"end":{"line":124,"column":3}},"line":103},"8":{"name":"(anonymous_8)","decl":{"start":{"line":130,"column":12},"end":{"line":130,"column":13}},"loc":{"start":{"line":130,"column":18},"end":{"line":151,"column":3}},"line":130},"9":{"name":"(anonymous_9)","decl":{"start":{"line":139,"column":35},"end":{"line":139,"column":36}},"loc":{"start":{"line":139,"column":45},"end":{"line":145,"column":7}},"line":139},"10":{"name":"(anonymous_10)","decl":{"start":{"line":157,"column":12},"end":{"line":157,"column":13}},"loc":{"start":{"line":157,"column":18},"end":{"line":180,"column":3}},"line":157},"11":{"name":"(anonymous_11)","decl":{"start":{"line":161,"column":20},"end":{"line":161,"column":21}},"loc":{"start":{"line":161,"column":31},"end":{"line":169,"column":7}},"line":161},"12":{"name":"(anonymous_12)","decl":{"start":{"line":163,"column":10},"end":{"line":163,"column":11}},"loc":{"start":{"line":163,"column":21},"end":{"line":163,"column":42}},"line":163},"13":{"name":"(anonymous_13)","decl":{"start":{"line":173,"column":39},"end":{"line":173,"column":40}},"loc":{"start":{"line":173,"column":49},"end":{"line":175,"column":9}},"line":173},"14":{"name":"(anonymous_14)","decl":{"start":{"line":182,"column":29},"end":{"line":182,"column":30}},"loc":{"start":{"line":182,"column":48},"end":{"line":200,"column":3}},"line":182},"15":{"name":"(anonymous_15)","decl":{"start":{"line":194,"column":15},"end":{"line":194,"column":16}},"loc":{"start":{"line":194,"column":22},"end":{"line":196,"column":7}},"line":194},"16":{"name":"(anonymous_16)","decl":{"start":{"line":202,"column":25},"end":{"line":202,"column":26}},"loc":{"start":{"line":202,"column":37},"end":{"line":242,"column":3}},"line":202},"17":{"name":"(anonymous_17)","decl":{"start":{"line":221,"column":19},"end":{"line":221,"column":20}},"loc":{"start":{"line":221,"column":26},"end":{"line":223,"column":11}},"line":221},"18":{"name":"(anonymous_18)","decl":{"start":{"line":229,"column":19},"end":{"line":229,"column":20}},"loc":{"start":{"line":229,"column":26},"end":{"line":231,"column":11}},"line":229},"19":{"name":"(anonymous_19)","decl":{"start":{"line":275,"column":25},"end":{"line":275,"column":26}},"loc":{"start":{"line":275,"column":35},"end":{"line":292,"column":15}},"line":275},"20":{"name":"(anonymous_20)","decl":{"start":{"line":282,"column":31},"end":{"line":282,"column":32}},"loc":{"start":{"line":282,"column":38},"end":{"line":282,"column":65}},"line":282},"21":{"name":"(anonymous_21)","decl":{"start":{"line":283,"column":33},"end":{"line":283,"column":34}},"loc":{"start":{"line":283,"column":40},"end":{"line":287,"column":23}},"line":283},"22":{"name":"(anonymous_22)","decl":{"start":{"line":301,"column":27},"end":{"line":301,"column":28}},"loc":{"start":{"line":302,"column":20},"end":{"line":308,"column":22}},"line":302},"23":{"name":"(anonymous_23)","decl":{"start":{"line":317,"column":27},"end":{"line":317,"column":28}},"loc":{"start":{"line":318,"column":20},"end":{"line":324,"column":22}},"line":318},"24":{"name":"getServerSideProps","decl":{"start":{"line":376,"column":22},"end":{"line":376,"column":40}},"loc":{"start":{"line":376,"column":61},"end":{"line":427,"column":1}},"line":376},"25":{"name":"(anonymous_25)","decl":{"start":{"line":416,"column":32},"end":{"line":416,"column":33}},"loc":{"start":{"line":416,"column":42},"end":{"line":418,"column":5}},"line":416}},"branchMap":{"0":{"loc":{"start":{"line":32,"column":12},"end":{"line":32,"column":43}},"type":"cond-expr","locations":[{"start":{"line":32,"column":36},"end":{"line":32,"column":38}},{"start":{"line":32,"column":41},"end":{"line":32,"column":43}}],"line":32},"1":{"loc":{"start":{"line":47,"column":4},"end":{"line":51,"column":5}},"type":"if","locations":[{"start":{"line":47,"column":4},"end":{"line":51,"column":5}},{"start":{},"end":{}}],"line":47},"2":{"loc":{"start":{"line":106,"column":4},"end":{"line":123,"column":5}},"type":"if","locations":[{"start":{"line":106,"column":4},"end":{"line":123,"column":5}},{"start":{"line":111,"column":11},"end":{"line":123,"column":5}}],"line":106},"3":{"loc":{"start":{"line":114,"column":6},"end":{"line":119,"column":7}},"type":"if","locations":[{"start":{"line":114,"column":6},"end":{"line":119,"column":7}},{"start":{},"end":{}}],"line":114},"4":{"loc":{"start":{"line":131,"column":4},"end":{"line":133,"column":5}},"type":"if","locations":[{"start":{"line":131,"column":4},"end":{"line":133,"column":5}},{"start":{},"end":{}}],"line":131},"5":{"loc":{"start":{"line":134,"column":4},"end":{"line":136,"column":5}},"type":"if","locations":[{"start":{"line":134,"column":4},"end":{"line":136,"column":5}},{"start":{},"end":{}}],"line":134},"6":{"loc":{"start":{"line":137,"column":4},"end":{"line":150,"column":5}},"type":"if","locations":[{"start":{"line":137,"column":4},"end":{"line":150,"column":5}},{"start":{},"end":{}}],"line":137},"7":{"loc":{"start":{"line":140,"column":8},"end":{"line":143,"column":9}},"type":"if","locations":[{"start":{"line":140,"column":8},"end":{"line":143,"column":9}},{"start":{},"end":{}}],"line":140},"8":{"loc":{"start":{"line":146,"column":6},"end":{"line":148,"column":7}},"type":"if","locations":[{"start":{"line":146,"column":6},"end":{"line":148,"column":7}},{"start":{},"end":{}}],"line":146},"9":{"loc":{"start":{"line":158,"column":4},"end":{"line":179,"column":5}},"type":"if","locations":[{"start":{"line":158,"column":4},"end":{"line":179,"column":5}},{"start":{},"end":{}}],"line":158},"10":{"loc":{"start":{"line":165,"column":8},"end":{"line":168,"column":9}},"type":"if","locations":[{"start":{"line":165,"column":8},"end":{"line":168,"column":9}},{"start":{},"end":{}}],"line":165},"11":{"loc":{"start":{"line":203,"column":4},"end":{"line":241,"column":5}},"type":"if","locations":[{"start":{"line":203,"column":4},"end":{"line":241,"column":5}},{"start":{"line":207,"column":11},"end":{"line":241,"column":5}}],"line":203},"12":{"loc":{"start":{"line":210,"column":6},"end":{"line":240,"column":7}},"type":"if","locations":[{"start":{"line":210,"column":6},"end":{"line":240,"column":7}},{"start":{},"end":{}}],"line":210},"13":{"loc":{"start":{"line":249,"column":11},"end":{"line":267,"column":11}},"type":"cond-expr","locations":[{"start":{"line":250,"column":12},"end":{"line":252,"column":17}},{"start":{"line":254,"column":12},"end":{"line":266,"column":17}}],"line":249},"14":{"loc":{"start":{"line":257,"column":17},"end":{"line":264,"column":17}},"type":"cond-expr","locations":[{"start":{"line":258,"column":18},"end":{"line":261,"column":25}},{"start":{"line":263,"column":18},"end":{"line":263,"column":43}}],"line":257},"15":{"loc":{"start":{"line":284,"column":24},"end":{"line":286,"column":25}},"type":"if","locations":[{"start":{"line":284,"column":24},"end":{"line":286,"column":25}},{"start":{},"end":{}}],"line":284},"16":{"loc":{"start":{"line":284,"column":28},"end":{"line":284,"column":64}},"type":"binary-expr","locations":[{"start":{"line":284,"column":28},"end":{"line":284,"column":44}},{"start":{"line":284,"column":48},"end":{"line":284,"column":64}}],"line":284},"17":{"loc":{"start":{"line":295,"column":11},"end":{"line":338,"column":18}},"type":"cond-expr","locations":[{"start":{"line":296,"column":12},"end":{"line":337,"column":18}},{"start":{"line":338,"column":14},"end":{"line":338,"column":18}}],"line":295},"18":{"loc":{"start":{"line":297,"column":15},"end":{"line":329,"column":15}},"type":"cond-expr","locations":[{"start":{"line":298,"column":16},"end":{"line":312,"column":25}},{"start":{"line":314,"column":16},"end":{"line":328,"column":25}}],"line":297},"19":{"loc":{"start":{"line":380,"column":4},"end":{"line":380,"column":68}},"type":"cond-expr","locations":[{"start":{"line":380,"column":22},"end":{"line":380,"column":45}},{"start":{"line":380,"column":48},"end":{"line":380,"column":68}}],"line":380},"20":{"loc":{"start":{"line":405,"column":2},"end":{"line":412,"column":3}},"type":"if","locations":[{"start":{"line":405,"column":2},"end":{"line":412,"column":3}},{"start":{},"end":{}}],"line":405}},"s":{"0":0,"1":0,"2":0,"3":0,"4":0,"5":0,"6":0,"7":0,"8":0,"9":0,"10":0,"11":0,"12":0,"13":0,"14":0,"15":0,"16":0,"17":0,"18":0,"19":0,"20":0,"21":0,"22":0,"23":0,"24":0,"25":0,"26":0,"27":0,"28":0,"29":0,"30":0,"31":0,"32":0,"33":0,"34":0,"35":0,"36":0,"37":0,"38":0,"39":0,"40":0,"41":0,"42":0,"43":0,"44":0,"45":0,"46":0,"47":0,"48":0,"49":0,"50":0,"51":0,"52":0,"53":0,"54":0,"55":0,"56":0,"57":0,"58":0,"59":0,"60":0,"61":0,"62":0,"63":0,"64":0,"65":0,"66":0,"67":0,"68":0,"69":0,"70":0,"71":0,"72":0,"73":0,"74":0,"75":0,"76":0,"77":0,"78":0,"79":0,"80":0,"81":0,"82":0,"83":0,"84":0,"85":0,"86":0,"87":0,"88":0,"89":0,"90":0,"91":0,"92":0,"93":0,"94":0,"95":0,"96":0,"97":0,"98":0,"99":0,"100":0},"f":{"0":0,"1":0,"2":0,"3":0,"4":0,"5":0,"6":0,"7":0,"8":0,"9":0,"10":0,"11":0,"12":0,"13":0,"14":0,"15":0,"16":0,"17":0,"18":0,"19":0,"20":0,"21":0,"22":0,"23":0,"24":0,"25":0},"b":{"0":[0,0],"1":[0,0],"2":[0,0],"3":[0,0],"4":[0,0],"5":[0,0],"6":[0,0],"7":[0,0],"8":[0,0],"9":[0,0],"10":[0,0],"11":[0,0],"12":[0,0],"13":[0,0],"14":[0,0],"15":[0,0],"16":[0,0],"17":[0,0],"18":[0,0],"19":[0,0],"20":[0,0]}}
}
