{"total": {"lines":{"total":381,"covered":133,"skipped":0,"pct":34.9},"statements":{"total":386,"covered":133,"skipped":0,"pct":34.45},"functions":{"total":99,"covered":38,"skipped":0,"pct":38.38},"branches":{"total":214,"covered":80,"skipped":0,"pct":37.38},"branchesTrue":{"total":0,"covered":0,"skipped":0,"pct":100}}
,"/home/runner/work/Scrum-Poker/Scrum-Poker/components/Card.js": {"lines":{"total":3,"covered":3,"skipped":0,"pct":100},"functions":{"total":1,"covered":1,"skipped":0,"pct":100},"statements":{"total":3,"covered":3,"skipped":0,"pct":100},"branches":{"total":8,"covered":7,"skipped":0,"pct":87.5}}
,"/home/runner/work/Scrum-Poker/Scrum-Poker/components/ChatRoom.js": {"lines":{"total":6,"covered":4,"skipped":0,"pct":66.66},"functions":{"total":4,"covered":2,"skipped":0,"pct":50},"statements":{"total":6,"covered":4,"skipped":0,"pct":66.66},"branches":{"total":6,"covered":6,"skipped":0,"pct":100}}
,"/home/runner/work/Scrum-Poker/Scrum-Poker/components/Container.js": {"lines":{"total":3,"covered":3,"skipped":0,"pct":100},"functions":{"total":1,"covered":1,"skipped":0,"pct":100},"statements":{"total":3,"covered":3,"skipped":0,"pct":100},"branches":{"total":0,"covered":0,"skipped":0,"pct":100}}
,"/home/runner/work/Scrum-Poker/Scrum-Poker/components/CountdownTimer.js": {"lines":{"total":14,"covered":13,"skipped":0,"pct":92.85},"functions":{"total":2,"covered":2,"skipped":0,"pct":100},"statements":{"total":14,"covered":13,"skipped":0,"pct":92.85},"branches":{"total":15,"covered":12,"skipped":0,"pct":80}}
,"/home/runner/work/Scrum-Poker/Scrum-Poker/components/CreateRoom.js": {"lines":{"total":51,"covered":17,"skipped":0,"pct":33.33},"functions":{"total":9,"covered":2,"skipped":0,"pct":22.22},"statements":{"total":52,"covered":17,"skipped":0,"pct":32.69},"branches":{"total":18,"covered":1,"skipped":0,"pct":5.55}}
,"/home/runner/work/Scrum-Poker/Scrum-Poker/components/DateModified.js": {"lines":{"total":3,"covered":3,"skipped":0,"pct":100},"functions":{"total":1,"covered":1,"skipped":0,"pct":100},"statements":{"total":3,"covered":3,"skipped":0,"pct":100},"branches":{"total":0,"covered":0,"skipped":0,"pct":100}}
,"/home/runner/work/Scrum-Poker/Scrum-Poker/components/ErrorLabel.js": {"lines":{"total":2,"covered":2,"skipped":0,"pct":100},"functions":{"total":1,"covered":1,"skipped":0,"pct":100},"statements":{"total":2,"covered":2,"skipped":0,"pct":100},"branches":{"total":2,"covered":1,"skipped":0,"pct":50}}
,"/home/runner/work/Scrum-Poker/Scrum-Poker/components/Footer.js": {"lines":{"total":4,"covered":4,"skipped":0,"pct":100},"functions":{"total":3,"covered":3,"skipped":0,"pct":100},"statements":{"total":4,"covered":4,"skipped":0,"pct":100},"branches":{"total":2,"covered":2,"skipped":0,"pct":100}}
,"/home/runner/work/Scrum-Poker/Scrum-Poker/components/FormButton.js": {"lines":{"total":2,"covered":2,"skipped":0,"pct":100},"functions":{"total":1,"covered":1,"skipped":0,"pct":100},"statements":{"total":2,"covered":2,"skipped":0,"pct":100},"branches":{"total":0,"covered":0,"skipped":0,"pct":100}}
,"/home/runner/work/Scrum-Poker/Scrum-Poker/components/Header.js": {"lines":{"total":2,"covered":2,"skipped":0,"pct":100},"functions":{"total":1,"covered":1,"skipped":0,"pct":100},"statements":{"total":2,"covered":2,"skipped":0,"pct":100},"branches":{"total":20,"covered":20,"skipped":0,"pct":100}}
,"/home/runner/work/Scrum-Poker/Scrum-Poker/components/JoinRoom.js": {"lines":{"total":54,"covered":14,"skipped":0,"pct":25.92},"functions":{"total":7,"covered":1,"skipped":0,"pct":14.28},"statements":{"total":54,"covered":14,"skipped":0,"pct":25.92},"branches":{"total":14,"covered":1,"skipped":0,"pct":7.14}}
,"/home/runner/work/Scrum-Poker/Scrum-Poker/components/Layout.js": {"lines":{"total":4,"covered":4,"skipped":0,"pct":100},"functions":{"total":1,"covered":1,"skipped":0,"pct":100},"statements":{"total":4,"covered":4,"skipped":0,"pct":100},"branches":{"total":2,"covered":2,"skipped":0,"pct":100}}
,"/home/runner/work/Scrum-Poker/Scrum-Poker/components/MetaData.js": {"lines":{"total":2,"covered":2,"skipped":0,"pct":100},"functions":{"total":1,"covered":1,"skipped":0,"pct":100},"statements":{"total":2,"covered":2,"skipped":0,"pct":100},"branches":{"total":2,"covered":2,"skipped":0,"pct":100}}
,"/home/runner/work/Scrum-Poker/Scrum-Poker/components/Player.js": {"lines":{"total":6,"covered":5,"skipped":0,"pct":83.33},"functions":{"total":3,"covered":2,"skipped":0,"pct":66.66},"statements":{"total":6,"covered":5,"skipped":0,"pct":83.33},"branches":{"total":8,"covered":5,"skipped":0,"pct":62.5}}
,"/home/runner/work/Scrum-Poker/Scrum-Poker/components/RoomInfo.js": {"lines":{"total":53,"covered":31,"skipped":0,"pct":58.49},"functions":{"total":13,"covered":8,"skipped":0,"pct":61.53},"statements":{"total":54,"covered":31,"skipped":0,"pct":57.4},"branches":{"total":28,"covered":10,"skipped":0,"pct":35.71}}
,"/home/runner/work/Scrum-Poker/Scrum-Poker/components/TextInput.js": {"lines":{"total":7,"covered":7,"skipped":0,"pct":100},"functions":{"total":1,"covered":1,"skipped":0,"pct":100},"statements":{"total":7,"covered":7,"skipped":0,"pct":100},"branches":{"total":8,"covered":5,"skipped":0,"pct":62.5}}
,"/home/runner/work/Scrum-Poker/Scrum-Poker/components/UserList.js": {"lines":{"total":30,"covered":0,"skipped":0,"pct":0},"functions":{"total":12,"covered":0,"skipped":0,"pct":0},"statements":{"total":32,"covered":0,"skipped":0,"pct":0},"branches":{"total":22,"covered":0,"skipped":0,"pct":0}}
,"/home/runner/work/Scrum-Poker/Scrum-Poker/pages/404.js": {"lines":{"total":3,"covered":3,"skipped":0,"pct":100},"functions":{"total":2,"covered":2,"skipped":0,"pct":100},"statements":{"total":3,"covered":3,"skipped":0,"pct":100},"branches":{"total":0,"covered":0,"skipped":0,"pct":100}}
,"/home/runner/work/Scrum-Poker/Scrum-Poker/pages/_app.js": {"lines":{"total":0,"covered":0,"skipped":0,"pct":100},"functions":{"total":1,"covered":1,"skipped":0,"pct":100},"statements":{"total":0,"covered":0,"skipped":0,"pct":100},"branches":{"total":0,"covered":0,"skipped":0,"pct":100}}
,"/home/runner/work/Scrum-Poker/Scrum-Poker/pages/_error.js": {"lines":{"total":1,"covered":1,"skipped":0,"pct":100},"functions":{"total":1,"covered":1,"skipped":0,"pct":100},"statements":{"total":1,"covered":1,"skipped":0,"pct":100},"branches":{"total":4,"covered":4,"skipped":0,"pct":100}}
,"/home/runner/work/Scrum-Poker/Scrum-Poker/pages/home.js": {"lines":{"total":18,"covered":8,"skipped":0,"pct":44.44},"functions":{"total":2,"covered":2,"skipped":0,"pct":100},"statements":{"total":18,"covered":8,"skipped":0,"pct":44.44},"branches":{"total":9,"covered":2,"skipped":0,"pct":22.22}}
,"/home/runner/work/Scrum-Poker/Scrum-Poker/pages/index.js": {"lines":{"total":5,"covered":5,"skipped":0,"pct":100},"functions":{"total":3,"covered":3,"skipped":0,"pct":100},"statements":{"total":5,"covered":5,"skipped":0,"pct":100},"branches":{"total":0,"covered":0,"skipped":0,"pct":100}}
,"/home/runner/work/Scrum-Poker/Scrum-Poker/pages/api/metrics.js": {"lines":{"total":0,"covered":0,"skipped":0,"pct":100},"functions":{"total":0,"covered":0,"skipped":0,"pct":100},"statements":{"total":0,"covered":0,"skipped":0,"pct":100},"branches":{"total":0,"covered":0,"skipped":0,"pct":100}}
,"/home/runner/work/Scrum-Poker/Scrum-Poker/pages/room/[id].js": {"lines":{"total":108,"covered":0,"skipped":0,"pct":0},"functions":{"total":28,"covered":0,"skipped":0,"pct":0},"statements":{"total":109,"covered":0,"skipped":0,"pct":0},"branches":{"total":46,"covered":0,"skipped":0,"pct":0}}
}
