{"/home/runner/work/Scrum-Poker/Scrum-Poker/components/Card.js": {"path":"/home/runner/work/Scrum-Poker/Scrum-Poker/components/Card.js","statementMap":{"0":{"start":{"line":7,"column":2},"end":{"line":29,"column":3}},"1":{"start":{"line":32,"column":0},"end":{"line":37,"column":1}},"2":{"start":{"line":39,"column":0},"end":{"line":57,"column":1}}},"fnMap":{"0":{"name":"Card","decl":{"start":{"line":6,"column":24},"end":{"line":6,"column":28}},"loc":{"start":{"line":6,"column":36},"end":{"line":30,"column":1}},"line":6}},"branchMap":{"0":{"loc":{"start":{"line":10,"column":8},"end":{"line":14,"column":69}},"type":"cond-expr","locations":[{"start":{"line":11,"column":12},"end":{"line":11,"column":71}},{"start":{"line":12,"column":12},"end":{"line":14,"column":69}}],"line":10},"1":{"loc":{"start":{"line":12,"column":12},"end":{"line":14,"column":69}},"type":"cond-expr","locations":[{"start":{"line":13,"column":12},"end":{"line":13,"column":29}},{"start":{"line":14,"column":12},"end":{"line":14,"column":69}}],"line":12}},"s":{"0":2,"1":2,"2":2},"f":{"0":2},"b":{"0":[2,0],"1":[0,0]},"_coverageSchema":"1a1c01bbd47fc00a2c39e90264f33305004495a9","hash":"f7713d76830b150f99cbcfe251f3a25790251289"}
,"/home/runner/work/Scrum-Poker/Scrum-Poker/components/Container.js": {"path":"/home/runner/work/Scrum-Poker/Scrum-Poker/components/Container.js","statementMap":{"0":{"start":{"line":7,"column":2},"end":{"line":13,"column":3}},"1":{"start":{"line":16,"column":0},"end":{"line":18,"column":1}},"2":{"start":{"line":20,"column":0},"end":{"line":23,"column":1}}},"fnMap":{"0":{"name":"Container","decl":{"start":{"line":6,"column":24},"end":{"line":6,"column":33}},"loc":{"start":{"line":6,"column":41},"end":{"line":14,"column":1}},"line":6}},"branchMap":{},"s":{"0":4,"1":2,"2":2},"f":{"0":4},"b":{},"_coverageSchema":"1a1c01bbd47fc00a2c39e90264f33305004495a9","hash":"1509d5c4108c419abf6b8d1f7fbfbb70c6dc2528"}
,"/home/runner/work/Scrum-Poker/Scrum-Poker/components/DateModified.js": {"path":"/home/runner/work/Scrum-Poker/Scrum-Poker/components/DateModified.js","statementMap":{"0":{"start":{"line":7,"column":2},"end":{"line":12,"column":3}},"1":{"start":{"line":15,"column":0},"end":{"line":18,"column":1}},"2":{"start":{"line":20,"column":0},"end":{"line":26,"column":1}}},"fnMap":{"0":{"name":"DateModified","decl":{"start":{"line":6,"column":24},"end":{"line":6,"column":36}},"loc":{"start":{"line":6,"column":44},"end":{"line":13,"column":1}},"line":6}},"branchMap":{},"s":{"0":11,"1":4,"2":4},"f":{"0":11},"b":{},"_coverageSchema":"1a1c01bbd47fc00a2c39e90264f33305004495a9","hash":"77d197a384c427997c1ead4c4b788e0175d297b4"}
,"/home/runner/work/Scrum-Poker/Scrum-Poker/components/ErrorLabel.js": {"path":"/home/runner/work/Scrum-Poker/Scrum-Poker/components/ErrorLabel.js","statementMap":{"0":{"start":{"line":7,"column":2},"end":{"line":13,"column":3}},"1":{"start":{"line":16,"column":0},"end":{"line":26,"column":1}}},"fnMap":{"0":{"name":"ErrorLabel","decl":{"start":{"line":6,"column":16},"end":{"line":6,"column":26}},"loc":{"start":{"line":6,"column":34},"end":{"line":14,"column":1}},"line":6}},"branchMap":{},"s":{"0":2,"1":2},"f":{"0":2},"b":{},"_coverageSchema":"1a1c01bbd47fc00a2c39e90264f33305004495a9","hash":"121ab63bc8f3a696e22bc73f5af0feab3f0cee5e"}
,"/home/runner/work/Scrum-Poker/Scrum-Poker/components/Footer.js": {"path":"/home/runner/work/Scrum-Poker/Scrum-Poker/components/Footer.js","statementMap":{"0":{"start":{"line":9,"column":2},"end":{"line":93,"column":3}},"1":{"start":{"line":26,"column":16},"end":{"line":44,"column":17}},"2":{"start":{"line":61,"column":18},"end":{"line":78,"column":19}},"3":{"start":{"line":96,"column":0},"end":{"line":134,"column":1}}},"fnMap":{"0":{"name":"Footer","decl":{"start":{"line":8,"column":24},"end":{"line":8,"column":30}},"loc":{"start":{"line":8,"column":38},"end":{"line":94,"column":1}},"line":8},"1":{"name":"(anonymous_1)","decl":{"start":{"line":25,"column":40},"end":{"line":25,"column":41}},"loc":{"start":{"line":25,"column":58},"end":{"line":45,"column":15}},"line":25},"2":{"name":"(anonymous_2)","decl":{"start":{"line":60,"column":33},"end":{"line":60,"column":34}},"loc":{"start":{"line":60,"column":51},"end":{"line":79,"column":17}},"line":60}},"branchMap":{"0":{"loc":{"start":{"line":65,"column":24},"end":{"line":67,"column":79}},"type":"cond-expr","locations":[{"start":{"line":66,"column":28},"end":{"line":66,"column":92}},{"start":{"line":67,"column":28},"end":{"line":67,"column":79}}],"line":65}},"s":{"0":9,"1":24,"2":40,"3":3},"f":{"0":9,"1":24,"2":40},"b":{"0":[9,31]},"_coverageSchema":"1a1c01bbd47fc00a2c39e90264f33305004495a9","hash":"ba15838ea60a10538052250b17e3effe0bfa0669"}
,"/home/runner/work/Scrum-Poker/Scrum-Poker/components/Header.js": {"path":"/home/runner/work/Scrum-Poker/Scrum-Poker/components/Header.js","statementMap":{"0":{"start":{"line":5,"column":2},"end":{"line":111,"column":3}},"1":{"start":{"line":121,"column":0},"end":{"line":156,"column":1}}},"fnMap":{"0":{"name":"Header","decl":{"start":{"line":4,"column":24},"end":{"line":4,"column":30}},"loc":{"start":{"line":4,"column":38},"end":{"line":112,"column":1}},"line":4}},"branchMap":{"0":{"loc":{"start":{"line":29,"column":18},"end":{"line":31,"column":39}},"type":"cond-expr","locations":[{"start":{"line":30,"column":22},"end":{"line":30,"column":39}},{"start":{"line":31,"column":22},"end":{"line":31,"column":39}}],"line":29},"1":{"loc":{"start":{"line":34,"column":18},"end":{"line":36,"column":46}},"type":"cond-expr","locations":[{"start":{"line":35,"column":22},"end":{"line":35,"column":44}},{"start":{"line":36,"column":22},"end":{"line":36,"column":46}}],"line":34},"2":{"loc":{"start":{"line":44,"column":20},"end":{"line":44,"column":47}},"type":"binary-expr","locations":[{"start":{"line":44,"column":20},"end":{"line":44,"column":40}},{"start":{"line":44,"column":44},"end":{"line":44,"column":47}}],"line":44},"3":{"loc":{"start":{"line":45,"column":22},"end":{"line":45,"column":59}},"type":"cond-expr","locations":[{"start":{"line":45,"column":48},"end":{"line":45,"column":52}},{"start":{"line":45,"column":55},"end":{"line":45,"column":59}}],"line":45},"4":{"loc":{"start":{"line":50,"column":22},"end":{"line":50,"column":59}},"type":"cond-expr","locations":[{"start":{"line":50,"column":48},"end":{"line":50,"column":52}},{"start":{"line":50,"column":55},"end":{"line":50,"column":59}}],"line":50},"5":{"loc":{"start":{"line":52,"column":17},"end":{"line":52,"column":54}},"type":"cond-expr","locations":[{"start":{"line":52,"column":43},"end":{"line":52,"column":47}},{"start":{"line":52,"column":50},"end":{"line":52,"column":54}}],"line":52},"6":{"loc":{"start":{"line":61,"column":20},"end":{"line":61,"column":47}},"type":"binary-expr","locations":[{"start":{"line":61,"column":20},"end":{"line":61,"column":40}},{"start":{"line":61,"column":44},"end":{"line":61,"column":47}}],"line":61},"7":{"loc":{"start":{"line":62,"column":22},"end":{"line":62,"column":59}},"type":"cond-expr","locations":[{"start":{"line":62,"column":48},"end":{"line":62,"column":52}},{"start":{"line":62,"column":55},"end":{"line":62,"column":59}}],"line":62},"8":{"loc":{"start":{"line":68,"column":22},"end":{"line":68,"column":59}},"type":"cond-expr","locations":[{"start":{"line":68,"column":48},"end":{"line":68,"column":52}},{"start":{"line":68,"column":55},"end":{"line":68,"column":59}}],"line":68},"9":{"loc":{"start":{"line":70,"column":17},"end":{"line":70,"column":65}},"type":"cond-expr","locations":[{"start":{"line":70,"column":43},"end":{"line":70,"column":53}},{"start":{"line":70,"column":56},"end":{"line":70,"column":65}}],"line":70}},"s":{"0":10,"1":3},"f":{"0":10},"b":{"0":[8,2],"1":[8,2],"2":[10,10],"3":[8,2],"4":[8,2],"5":[8,2],"6":[10,10],"7":[8,2],"8":[8,2],"9":[8,2]},"_coverageSchema":"1a1c01bbd47fc00a2c39e90264f33305004495a9","hash":"c8fd1f94d3750103134e07fc00f3a6c21302eb4b"}
,"/home/runner/work/Scrum-Poker/Scrum-Poker/components/Layout.js": {"path":"/home/runner/work/Scrum-Poker/Scrum-Poker/components/Layout.js","statementMap":{"0":{"start":{"line":10,"column":12},"end":{"line":10,"column":43}},"1":{"start":{"line":12,"column":2},"end":{"line":70,"column":3}},"2":{"start":{"line":77,"column":0},"end":{"line":79,"column":1}},"3":{"start":{"line":81,"column":0},"end":{"line":98,"column":1}}},"fnMap":{"0":{"name":"Layout","decl":{"start":{"line":9,"column":24},"end":{"line":9,"column":30}},"loc":{"start":{"line":9,"column":38},"end":{"line":71,"column":1}},"line":9}},"branchMap":{"0":{"loc":{"start":{"line":10,"column":12},"end":{"line":10,"column":43}},"type":"cond-expr","locations":[{"start":{"line":10,"column":36},"end":{"line":10,"column":38}},{"start":{"line":10,"column":41},"end":{"line":10,"column":43}}],"line":10}},"s":{"0":7,"1":7,"2":2,"3":2},"f":{"0":7},"b":{"0":[6,1]},"_coverageSchema":"1a1c01bbd47fc00a2c39e90264f33305004495a9","hash":"f6ffa25a354eae28d4300e17595912fdef0e1e11"}
,"/home/runner/work/Scrum-Poker/Scrum-Poker/components/MetaData.js": {"path":"/home/runner/work/Scrum-Poker/Scrum-Poker/components/MetaData.js","statementMap":{"0":{"start":{"line":5,"column":12},"end":{"line":5,"column":77}},"1":{"start":{"line":7,"column":2},"end":{"line":20,"column":3}}},"fnMap":{"0":{"name":"MetaData","decl":{"start":{"line":4,"column":24},"end":{"line":4,"column":32}},"loc":{"start":{"line":4,"column":40},"end":{"line":21,"column":1}},"line":4}},"branchMap":{"0":{"loc":{"start":{"line":5,"column":12},"end":{"line":5,"column":77}},"type":"cond-expr","locations":[{"start":{"line":5,"column":38},"end":{"line":5,"column":56}},{"start":{"line":5,"column":59},"end":{"line":5,"column":77}}],"line":5}},"s":{"0":9,"1":9},"f":{"0":9},"b":{"0":[8,1]},"_coverageSchema":"1a1c01bbd47fc00a2c39e90264f33305004495a9","hash":"ac505e5ec52131d6401073d880f6c8dc16c206fd"}
,"/home/runner/work/Scrum-Poker/Scrum-Poker/components/Player.js": {"path":"/home/runner/work/Scrum-Poker/Scrum-Poker/components/Player.js","statementMap":{"0":{"start":{"line":9,"column":2},"end":{"line":58,"column":3}},"1":{"start":{"line":61,"column":0},"end":{"line":73,"column":1}}},"fnMap":{"0":{"name":"Player","decl":{"start":{"line":8,"column":24},"end":{"line":8,"column":30}},"loc":{"start":{"line":8,"column":38},"end":{"line":59,"column":1}},"line":8}},"branchMap":{"0":{"loc":{"start":{"line":34,"column":9},"end":{"line":54,"column":9}},"type":"cond-expr","locations":[{"start":{"line":35,"column":10},"end":{"line":42,"column":12}},{"start":{"line":44,"column":10},"end":{"line":53,"column":16}}],"line":34}},"s":{"0":4,"1":1},"f":{"0":4},"b":{"0":[0,4]},"_coverageSchema":"1a1c01bbd47fc00a2c39e90264f33305004495a9","hash":"d61b2df6dc7f7633c953780078ac4d35f89cbeb3"}
,"/home/runner/work/Scrum-Poker/Scrum-Poker/components/RoomInfo.js": {"path":"/home/runner/work/Scrum-Poker/Scrum-Poker/components/RoomInfo.js","statementMap":{"0":{"start":{"line":9,"column":4},"end":{"line":16,"column":5}},"1":{"start":{"line":11,"column":8},"end":{"line":11,"column":70}},"2":{"start":{"line":14,"column":8},"end":{"line":14,"column":36}},"3":{"start":{"line":19,"column":2},"end":{"line":47,"column":3}},"4":{"start":{"line":30,"column":27},"end":{"line":30,"column":44}},"5":{"start":{"line":50,"column":0},"end":{"line":61,"column":1}},"6":{"start":{"line":63,"column":0},"end":{"line":78,"column":1}}},"fnMap":{"0":{"name":"RoomInfo","decl":{"start":{"line":5,"column":24},"end":{"line":5,"column":32}},"loc":{"start":{"line":5,"column":40},"end":{"line":48,"column":1}},"line":5},"1":{"name":"copyToClipboard","decl":{"start":{"line":8,"column":11},"end":{"line":8,"column":26}},"loc":{"start":{"line":8,"column":29},"end":{"line":17,"column":3}},"line":8},"2":{"name":"(anonymous_2)","decl":{"start":{"line":10,"column":6},"end":{"line":10,"column":7}},"loc":{"start":{"line":10,"column":18},"end":{"line":12,"column":7}},"line":10},"3":{"name":"(anonymous_3)","decl":{"start":{"line":13,"column":6},"end":{"line":13,"column":7}},"loc":{"start":{"line":13,"column":18},"end":{"line":15,"column":7}},"line":13},"4":{"name":"(anonymous_4)","decl":{"start":{"line":30,"column":21},"end":{"line":30,"column":22}},"loc":{"start":{"line":30,"column":27},"end":{"line":30,"column":44}},"line":30}},"branchMap":{},"s":{"0":0,"1":0,"2":0,"3":3,"4":0,"5":1,"6":1},"f":{"0":3,"1":0,"2":0,"3":0,"4":0},"b":{},"_coverageSchema":"1a1c01bbd47fc00a2c39e90264f33305004495a9","hash":"7e76b0698e342b02425e8cf23d0d04473d68b82c"}
,"/home/runner/work/Scrum-Poker/Scrum-Poker/components/TextInput.js": {"path":"/home/runner/work/Scrum-Poker/Scrum-Poker/components/TextInput.js","statementMap":{"0":{"start":{"line":4,"column":2},"end":{"line":20,"column":3}},"1":{"start":{"line":23,"column":0},"end":{"line":27,"column":1}},"2":{"start":{"line":29,"column":0},"end":{"line":38,"column":1}}},"fnMap":{"0":{"name":"TextInput","decl":{"start":{"line":3,"column":24},"end":{"line":3,"column":33}},"loc":{"start":{"line":3,"column":41},"end":{"line":21,"column":1}},"line":3}},"branchMap":{},"s":{"0":5,"1":2,"2":2},"f":{"0":5},"b":{},"_coverageSchema":"1a1c01bbd47fc00a2c39e90264f33305004495a9","hash":"63038fab6f8702ca30885d4049300e3bba026c45"}
,"/home/runner/work/Scrum-Poker/Scrum-Poker/components/UserList.js": {"path":"/home/runner/work/Scrum-Poker/Scrum-Poker/components/UserList.js","statementMap":{"0":{"start":{"line":8,"column":21},"end":{"line":12,"column":3}},"1":{"start":{"line":14,"column":26},"end":{"line":14,"column":79}},"2":{"start":{"line":14,"column":37},"end":{"line":14,"column":79}},"3":{"start":{"line":14,"column":58},"end":{"line":14,"column":78}},"4":{"start":{"line":16,"column":25},"end":{"line":43,"column":4}},"5":{"start":{"line":17,"column":4},"end":{"line":42,"column":9}},"6":{"start":{"line":44,"column":2},"end":{"line":55,"column":3}},"7":{"start":{"line":58,"column":0},"end":{"line":83,"column":1}}},"fnMap":{"0":{"name":"UserList","decl":{"start":{"line":7,"column":24},"end":{"line":7,"column":32}},"loc":{"start":{"line":7,"column":40},"end":{"line":56,"column":1}},"line":7},"1":{"name":"(anonymous_1)","decl":{"start":{"line":14,"column":26},"end":{"line":14,"column":27}},"loc":{"start":{"line":14,"column":37},"end":{"line":14,"column":79}},"line":14},"2":{"name":"(anonymous_2)","decl":{"start":{"line":14,"column":48},"end":{"line":14,"column":49}},"loc":{"start":{"line":14,"column":58},"end":{"line":14,"column":78}},"line":14},"3":{"name":"(anonymous_3)","decl":{"start":{"line":16,"column":44},"end":{"line":16,"column":45}},"loc":{"start":{"line":17,"column":4},"end":{"line":42,"column":9}},"line":17}},"branchMap":{"0":{"loc":{"start":{"line":18,"column":7},"end":{"line":41,"column":7}},"type":"cond-expr","locations":[{"start":{"line":20,"column":8},"end":{"line":25,"column":10}},{"start":{"line":29,"column":8},"end":{"line":40,"column":10}}],"line":18},"1":{"loc":{"start":{"line":32,"column":12},"end":{"line":36,"column":20}},"type":"cond-expr","locations":[{"start":{"line":33,"column":16},"end":{"line":35,"column":28}},{"start":{"line":36,"column":16},"end":{"line":36,"column":20}}],"line":32},"2":{"loc":{"start":{"line":33,"column":16},"end":{"line":35,"column":28}},"type":"cond-expr","locations":[{"start":{"line":34,"column":18},"end":{"line":34,"column":46}},{"start":{"line":35,"column":18},"end":{"line":35,"column":28}}],"line":33},"3":{"loc":{"start":{"line":51,"column":9},"end":{"line":51,"column":45}},"type":"cond-expr","locations":[{"start":{"line":51,"column":26},"end":{"line":51,"column":40}},{"start":{"line":51,"column":43},"end":{"line":51,"column":45}}],"line":51}},"s":{"0":0,"1":0,"2":0,"3":0,"4":0,"5":0,"6":0,"7":0},"f":{"0":0,"1":0,"2":0,"3":0},"b":{"0":[0,0],"1":[0,0],"2":[0,0],"3":[0,0]}}
,"/home/runner/work/Scrum-Poker/Scrum-Poker/pages/404.js": {"path":"/home/runner/work/Scrum-Poker/Scrum-Poker/pages/404.js","statementMap":{"0":{"start":{"line":4,"column":2},"end":{"line":54,"column":3}},"1":{"start":{"line":59,"column":15},"end":{"line":72,"column":3}},"2":{"start":{"line":74,"column":2},"end":{"line":76,"column":3}}},"fnMap":{"0":{"name":"Custom404","decl":{"start":{"line":3,"column":24},"end":{"line":3,"column":33}},"loc":{"start":{"line":3,"column":36},"end":{"line":55,"column":1}},"line":3},"1":{"name":"getStaticProps","decl":{"start":{"line":57,"column":22},"end":{"line":57,"column":36}},"loc":{"start":{"line":57,"column":49},"end":{"line":77,"column":1}},"line":57}},"branchMap":{},"s":{"0":1,"1":1,"2":1},"f":{"0":1,"1":1},"b":{},"_coverageSchema":"1a1c01bbd47fc00a2c39e90264f33305004495a9","hash":"4f96716a1a627b26c5f2a6e8aa58182332471132"}
,"/home/runner/work/Scrum-Poker/Scrum-Poker/pages/_app.js": {"path":"/home/runner/work/Scrum-Poker/Scrum-Poker/pages/_app.js","statementMap":{},"fnMap":{"0":{"name":"MyApp","decl":{"start":{"line":7,"column":9},"end":{"line":7,"column":14}},"loc":{"start":{"line":7,"column":41},"end":{"line":25,"column":1}},"line":7}},"branchMap":{},"s":{},"f":{"0":1},"b":{},"_coverageSchema":"1a1c01bbd47fc00a2c39e90264f33305004495a9","hash":"a07b3499d3f0b1cb8acb3472fd5db958fb50ae8e"}
,"/home/runner/work/Scrum-Poker/Scrum-Poker/pages/_error.js": {"path":"/home/runner/work/Scrum-Poker/Scrum-Poker/pages/_error.js","statementMap":{"0":{"start":{"line":4,"column":2},"end":{"line":62,"column":3}}},"fnMap":{"0":{"name":"CustomError","decl":{"start":{"line":3,"column":9},"end":{"line":3,"column":20}},"loc":{"start":{"line":3,"column":37},"end":{"line":63,"column":1}},"line":3}},"branchMap":{"0":{"loc":{"start":{"line":9,"column":11},"end":{"line":11,"column":43}},"type":"cond-expr","locations":[{"start":{"line":10,"column":14},"end":{"line":10,"column":57}},{"start":{"line":11,"column":14},"end":{"line":11,"column":43}}],"line":9},"1":{"loc":{"start":{"line":37,"column":11},"end":{"line":39,"column":45}},"type":"cond-expr","locations":[{"start":{"line":38,"column":14},"end":{"line":38,"column":36}},{"start":{"line":39,"column":14},"end":{"line":39,"column":45}}],"line":37}},"s":{"0":2},"f":{"0":2},"b":{"0":[1,1],"1":[1,1]},"_coverageSchema":"1a1c01bbd47fc00a2c39e90264f33305004495a9","hash":"59517d70950cea740a64ce9c15b349c82fb72784"}
,"/home/runner/work/Scrum-Poker/Scrum-Poker/pages/home.js": {"path":"/home/runner/work/Scrum-Poker/Scrum-Poker/pages/home.js","statementMap":{"0":{"start":{"line":22,"column":48},"end":{"line":22,"column":67}},"1":{"start":{"line":23,"column":44},"end":{"line":23,"column":63}},"2":{"start":{"line":25,"column":17},"end":{"line":25,"column":28}},"3":{"start":{"line":29,"column":20},"end":{"line":29,"column":47}},"4":{"start":{"line":30,"column":20},"end":{"line":30,"column":47}},"5":{"start":{"line":31,"column":24},"end":{"line":31,"column":48}},"6":{"start":{"line":32,"column":23},"end":{"line":32,"column":53}},"7":{"start":{"line":33,"column":25},"end":{"line":33,"column":53}},"8":{"start":{"line":35,"column":27},"end":{"line":125,"column":3}},"9":{"start":{"line":37,"column":4},"end":{"line":37,"column":22}},"10":{"start":{"line":39,"column":19},"end":{"line":39,"column":36}},"11":{"start":{"line":40,"column":15},"end":{"line":40,"column":80}},"12":{"start":{"line":42,"column":4},"end":{"line":124,"column":5}},"13":{"start":{"line":44,"column":6},"end":{"line":50,"column":7}},"14":{"start":{"line":45,"column":8},"end":{"line":45,"column":32}},"15":{"start":{"line":48,"column":11},"end":{"line":50,"column":7}},"16":{"start":{"line":49,"column":8},"end":{"line":49,"column":32}},"17":{"start":{"line":53,"column":25},"end":{"line":57,"column":8}},"18":{"start":{"line":56,"column":8},"end":{"line":56,"column":42}},"19":{"start":{"line":59,"column":6},"end":{"line":64,"column":7}},"20":{"start":{"line":60,"column":8},"end":{"line":60,"column":43}},"21":{"start":{"line":61,"column":8},"end":{"line":61,"column":44}},"22":{"start":{"line":63,"column":8},"end":{"line":63,"column":42}},"23":{"start":{"line":67,"column":29},"end":{"line":71,"column":8}},"24":{"start":{"line":70,"column":8},"end":{"line":70,"column":42}},"25":{"start":{"line":73,"column":23},"end":{"line":73,"column":25}},"26":{"start":{"line":74,"column":6},"end":{"line":83,"column":7}},"27":{"start":{"line":75,"column":8},"end":{"line":77,"column":10}},"28":{"start":{"line":76,"column":10},"end":{"line":76,"column":42}},"29":{"start":{"line":78,"column":8},"end":{"line":80,"column":9}},"30":{"start":{"line":79,"column":10},"end":{"line":79,"column":33}},"31":{"start":{"line":82,"column":8},"end":{"line":82,"column":42}},"32":{"start":{"line":85,"column":28},"end":{"line":93,"column":8}},"33":{"start":{"line":92,"column":8},"end":{"line":92,"column":42}},"34":{"start":{"line":95,"column":6},"end":{"line":96,"column":42}},"35":{"start":{"line":96,"column":8},"end":{"line":96,"column":42}},"36":{"start":{"line":98,"column":28},"end":{"line":109,"column":8}},"37":{"start":{"line":108,"column":8},"end":{"line":108,"column":42}},"38":{"start":{"line":111,"column":6},"end":{"line":121,"column":7}},"39":{"start":{"line":112,"column":8},"end":{"line":118,"column":12}},"40":{"start":{"line":117,"column":12},"end":{"line":117,"column":46}},"41":{"start":{"line":120,"column":8},"end":{"line":120,"column":42}},"42":{"start":{"line":123,"column":6},"end":{"line":123,"column":25}},"43":{"start":{"line":127,"column":26},"end":{"line":194,"column":3}},"44":{"start":{"line":129,"column":4},"end":{"line":129,"column":22}},"45":{"start":{"line":131,"column":19},"end":{"line":131,"column":30}},"46":{"start":{"line":132,"column":15},"end":{"line":132,"column":80}},"47":{"start":{"line":134,"column":4},"end":{"line":193,"column":5}},"48":{"start":{"line":136,"column":6},"end":{"line":142,"column":7}},"49":{"start":{"line":137,"column":8},"end":{"line":137,"column":32}},"50":{"start":{"line":140,"column":11},"end":{"line":142,"column":7}},"51":{"start":{"line":141,"column":8},"end":{"line":141,"column":32}},"52":{"start":{"line":145,"column":25},"end":{"line":149,"column":8}},"53":{"start":{"line":148,"column":8},"end":{"line":148,"column":42}},"54":{"start":{"line":151,"column":6},"end":{"line":157,"column":7}},"55":{"start":{"line":152,"column":8},"end":{"line":152,"column":43}},"56":{"start":{"line":153,"column":8},"end":{"line":153,"column":44}},"57":{"start":{"line":154,"column":8},"end":{"line":154,"column":45}},"58":{"start":{"line":156,"column":8},"end":{"line":156,"column":42}},"59":{"start":{"line":159,"column":25},"end":{"line":163,"column":8}},"60":{"start":{"line":162,"column":8},"end":{"line":162,"column":42}},"61":{"start":{"line":165,"column":6},"end":{"line":165,"column":78}},"62":{"start":{"line":165,"column":44},"end":{"line":165,"column":78}},"63":{"start":{"line":167,"column":28},"end":{"line":178,"column":8}},"64":{"start":{"line":177,"column":8},"end":{"line":177,"column":42}},"65":{"start":{"line":180,"column":6},"end":{"line":190,"column":7}},"66":{"start":{"line":181,"column":8},"end":{"line":187,"column":12}},"67":{"start":{"line":186,"column":12},"end":{"line":186,"column":46}},"68":{"start":{"line":189,"column":8},"end":{"line":189,"column":42}},"69":{"start":{"line":192,"column":6},"end":{"line":192,"column":27}},"70":{"start":{"line":195,"column":2},"end":{"line":260,"column":3}},"71":{"start":{"line":266,"column":15},"end":{"line":279,"column":3}},"72":{"start":{"line":280,"column":2},"end":{"line":282,"column":3}},"73":{"start":{"line":284,"column":0},"end":{"line":293,"column":1}}},"fnMap":{"0":{"name":"Home","decl":{"start":{"line":18,"column":24},"end":{"line":18,"column":28}},"loc":{"start":{"line":18,"column":36},"end":{"line":261,"column":1}},"line":18},"1":{"name":"(anonymous_1)","decl":{"start":{"line":35,"column":27},"end":{"line":35,"column":28}},"loc":{"start":{"line":35,"column":40},"end":{"line":125,"column":3}},"line":35},"2":{"name":"(anonymous_2)","decl":{"start":{"line":55,"column":15},"end":{"line":55,"column":16}},"loc":{"start":{"line":55,"column":22},"end":{"line":57,"column":7}},"line":55},"3":{"name":"(anonymous_3)","decl":{"start":{"line":69,"column":15},"end":{"line":69,"column":16}},"loc":{"start":{"line":69,"column":22},"end":{"line":71,"column":7}},"line":69},"4":{"name":"(anonymous_4)","decl":{"start":{"line":75,"column":51},"end":{"line":75,"column":52}},"loc":{"start":{"line":75,"column":61},"end":{"line":77,"column":9}},"line":75},"5":{"name":"(anonymous_5)","decl":{"start":{"line":91,"column":15},"end":{"line":91,"column":16}},"loc":{"start":{"line":91,"column":22},"end":{"line":93,"column":7}},"line":91},"6":{"name":"(anonymous_6)","decl":{"start":{"line":107,"column":15},"end":{"line":107,"column":16}},"loc":{"start":{"line":107,"column":22},"end":{"line":109,"column":7}},"line":107},"7":{"name":"(anonymous_7)","decl":{"start":{"line":116,"column":17},"end":{"line":116,"column":18}},"loc":{"start":{"line":116,"column":24},"end":{"line":118,"column":11}},"line":116},"8":{"name":"(anonymous_8)","decl":{"start":{"line":127,"column":26},"end":{"line":127,"column":27}},"loc":{"start":{"line":127,"column":39},"end":{"line":194,"column":3}},"line":127},"9":{"name":"(anonymous_9)","decl":{"start":{"line":147,"column":15},"end":{"line":147,"column":16}},"loc":{"start":{"line":147,"column":22},"end":{"line":149,"column":7}},"line":147},"10":{"name":"(anonymous_10)","decl":{"start":{"line":161,"column":15},"end":{"line":161,"column":16}},"loc":{"start":{"line":161,"column":22},"end":{"line":163,"column":7}},"line":161},"11":{"name":"(anonymous_11)","decl":{"start":{"line":176,"column":15},"end":{"line":176,"column":16}},"loc":{"start":{"line":176,"column":22},"end":{"line":178,"column":7}},"line":176},"12":{"name":"(anonymous_12)","decl":{"start":{"line":185,"column":17},"end":{"line":185,"column":18}},"loc":{"start":{"line":185,"column":24},"end":{"line":187,"column":11}},"line":185},"13":{"name":"getStaticProps","decl":{"start":{"line":262,"column":22},"end":{"line":262,"column":36}},"loc":{"start":{"line":262,"column":49},"end":{"line":283,"column":1}},"line":262}},"branchMap":{"0":{"loc":{"start":{"line":40,"column":15},"end":{"line":40,"column":80}},"type":"binary-expr","locations":[{"start":{"line":40,"column":15},"end":{"line":40,"column":67}},{"start":{"line":40,"column":71},"end":{"line":40,"column":80}}],"line":40},"1":{"loc":{"start":{"line":44,"column":6},"end":{"line":50,"column":7}},"type":"if","locations":[{"start":{"line":44,"column":6},"end":{"line":50,"column":7}},{"start":{"line":48,"column":11},"end":{"line":50,"column":7}}],"line":44},"2":{"loc":{"start":{"line":48,"column":11},"end":{"line":50,"column":7}},"type":"if","locations":[{"start":{"line":48,"column":11},"end":{"line":50,"column":7}},{"start":{},"end":{}}],"line":48},"3":{"loc":{"start":{"line":59,"column":6},"end":{"line":64,"column":7}},"type":"if","locations":[{"start":{"line":59,"column":6},"end":{"line":64,"column":7}},{"start":{"line":62,"column":13},"end":{"line":64,"column":7}}],"line":59},"4":{"loc":{"start":{"line":74,"column":6},"end":{"line":83,"column":7}},"type":"if","locations":[{"start":{"line":74,"column":6},"end":{"line":83,"column":7}},{"start":{"line":81,"column":13},"end":{"line":83,"column":7}}],"line":74},"5":{"loc":{"start":{"line":78,"column":8},"end":{"line":80,"column":9}},"type":"if","locations":[{"start":{"line":78,"column":8},"end":{"line":80,"column":9}},{"start":{},"end":{}}],"line":78},"6":{"loc":{"start":{"line":95,"column":6},"end":{"line":96,"column":42}},"type":"if","locations":[{"start":{"line":95,"column":6},"end":{"line":96,"column":42}},{"start":{},"end":{}}],"line":95},"7":{"loc":{"start":{"line":111,"column":6},"end":{"line":121,"column":7}},"type":"if","locations":[{"start":{"line":111,"column":6},"end":{"line":121,"column":7}},{"start":{"line":119,"column":13},"end":{"line":121,"column":7}}],"line":111},"8":{"loc":{"start":{"line":132,"column":15},"end":{"line":132,"column":80}},"type":"binary-expr","locations":[{"start":{"line":132,"column":15},"end":{"line":132,"column":67}},{"start":{"line":132,"column":71},"end":{"line":132,"column":80}}],"line":132},"9":{"loc":{"start":{"line":136,"column":6},"end":{"line":142,"column":7}},"type":"if","locations":[{"start":{"line":136,"column":6},"end":{"line":142,"column":7}},{"start":{"line":140,"column":11},"end":{"line":142,"column":7}}],"line":136},"10":{"loc":{"start":{"line":140,"column":11},"end":{"line":142,"column":7}},"type":"if","locations":[{"start":{"line":140,"column":11},"end":{"line":142,"column":7}},{"start":{},"end":{}}],"line":140},"11":{"loc":{"start":{"line":151,"column":6},"end":{"line":157,"column":7}},"type":"if","locations":[{"start":{"line":151,"column":6},"end":{"line":157,"column":7}},{"start":{"line":155,"column":13},"end":{"line":157,"column":7}}],"line":151},"12":{"loc":{"start":{"line":165,"column":6},"end":{"line":165,"column":78}},"type":"if","locations":[{"start":{"line":165,"column":6},"end":{"line":165,"column":78}},{"start":{},"end":{}}],"line":165},"13":{"loc":{"start":{"line":180,"column":6},"end":{"line":190,"column":7}},"type":"if","locations":[{"start":{"line":180,"column":6},"end":{"line":190,"column":7}},{"start":{"line":188,"column":13},"end":{"line":190,"column":7}}],"line":180},"14":{"loc":{"start":{"line":213,"column":11},"end":{"line":215,"column":23}},"type":"cond-expr","locations":[{"start":{"line":214,"column":12},"end":{"line":214,"column":63}},{"start":{"line":215,"column":14},"end":{"line":215,"column":23}}],"line":213},"15":{"loc":{"start":{"line":238,"column":11},"end":{"line":240,"column":23}},"type":"cond-expr","locations":[{"start":{"line":239,"column":12},"end":{"line":239,"column":61}},{"start":{"line":240,"column":14},"end":{"line":240,"column":23}}],"line":238}},"s":{"0":1,"1":1,"2":1,"3":1,"4":1,"5":1,"6":1,"7":1,"8":1,"9":0,"10":0,"11":0,"12":0,"13":0,"14":0,"15":0,"16":0,"17":0,"18":0,"19":0,"20":0,"21":0,"22":0,"23":0,"24":0,"25":0,"26":0,"27":0,"28":0,"29":0,"30":0,"31":0,"32":0,"33":0,"34":0,"35":0,"36":0,"37":0,"38":0,"39":0,"40":0,"41":0,"42":0,"43":1,"44":0,"45":0,"46":0,"47":0,"48":0,"49":0,"50":0,"51":0,"52":0,"53":0,"54":0,"55":0,"56":0,"57":0,"58":0,"59":0,"60":0,"61":0,"62":0,"63":0,"64":0,"65":0,"66":0,"67":0,"68":0,"69":0,"70":1,"71":1,"72":1,"73":1},"f":{"0":1,"1":0,"2":0,"3":0,"4":0,"5":0,"6":0,"7":0,"8":0,"9":0,"10":0,"11":0,"12":0,"13":1},"b":{"0":[0,0],"1":[0,0],"2":[0,0],"3":[0,0],"4":[0,0],"5":[0,0],"6":[0,0],"7":[0,0],"8":[0,0],"9":[0,0],"10":[0,0],"11":[0,0],"12":[0,0],"13":[0,0],"14":[0,1],"15":[0,1]},"_coverageSchema":"1a1c01bbd47fc00a2c39e90264f33305004495a9","hash":"666bd303c12b42a9507f39b99c5e75a362c4d96b"}
,"/home/runner/work/Scrum-Poker/Scrum-Poker/pages/index.js": {"path":"/home/runner/work/Scrum-Poker/Scrum-Poker/pages/index.js","statementMap":{"0":{"start":{"line":5,"column":2},"end":{"line":78,"column":3}},"1":{"start":{"line":82,"column":0},"end":{"line":84,"column":1}},"2":{"start":{"line":83,"column":2},"end":{"line":83,"column":20}},"3":{"start":{"line":90,"column":15},"end":{"line":103,"column":3}},"4":{"start":{"line":105,"column":2},"end":{"line":107,"column":3}}},"fnMap":{"0":{"name":"Index","decl":{"start":{"line":4,"column":24},"end":{"line":4,"column":29}},"loc":{"start":{"line":4,"column":37},"end":{"line":79,"column":1}},"line":4},"1":{"name":"PageLayout","decl":{"start":{"line":82,"column":27},"end":{"line":82,"column":37}},"loc":{"start":{"line":82,"column":44},"end":{"line":84,"column":1}},"line":82},"2":{"name":"getStaticProps","decl":{"start":{"line":86,"column":22},"end":{"line":86,"column":36}},"loc":{"start":{"line":86,"column":49},"end":{"line":108,"column":1}},"line":86}},"branchMap":{},"s":{"0":2,"1":2,"2":1,"3":1,"4":1},"f":{"0":2,"1":1,"2":1},"b":{},"_coverageSchema":"1a1c01bbd47fc00a2c39e90264f33305004495a9","hash":"98fd75f2d3d9ad5a6a3f221e56e2412e36d0531d"}
,"/home/runner/work/Scrum-Poker/Scrum-Poker/pages/api/metrics.js": {"path":"/home/runner/work/Scrum-Poker/Scrum-Poker/pages/api/metrics.js","statementMap":{},"fnMap":{},"branchMap":{},"s":{},"f":{},"b":{}}
,"/home/runner/work/Scrum-Poker/Scrum-Poker/pages/room/[id].js": {"path":"/home/runner/work/Scrum-Poker/Scrum-Poker/pages/room/[id].js","statementMap":{"0":{"start":{"line":16,"column":21},"end":{"line":25,"column":1}},"1":{"start":{"line":28,"column":12},"end":{"line":28,"column":43}},"2":{"start":{"line":30,"column":24},"end":{"line":30,"column":48}},"3":{"start":{"line":31,"column":23},"end":{"line":31,"column":47}},"4":{"start":{"line":32,"column":26},"end":{"line":32,"column":46}},"5":{"start":{"line":33,"column":28},"end":{"line":33,"column":49}},"6":{"start":{"line":34,"column":30},"end":{"line":34,"column":44}},"7":{"start":{"line":35,"column":22},"end":{"line":39,"column":3}},"8":{"start":{"line":36,"column":4},"end":{"line":38,"column":6}},"9":{"start":{"line":37,"column":6},"end":{"line":37,"column":31}},"10":{"start":{"line":41,"column":22},"end":{"line":71,"column":3}},"11":{"start":{"line":42,"column":4},"end":{"line":42,"column":22}},"12":{"start":{"line":45,"column":4},"end":{"line":70,"column":5}},"13":{"start":{"line":46,"column":6},"end":{"line":57,"column":8}},"14":{"start":{"line":47,"column":8},"end":{"line":56,"column":10}},"15":{"start":{"line":60,"column":6},"end":{"line":66,"column":8}},"16":{"start":{"line":69,"column":6},"end":{"line":69,"column":20}},"17":{"start":{"line":73,"column":2},"end":{"line":75,"column":8}},"18":{"start":{"line":74,"column":4},"end":{"line":74,"column":75}},"19":{"start":{"line":78,"column":27},"end":{"line":80,"column":4}},"20":{"start":{"line":81,"column":2},"end":{"line":102,"column":24}},"21":{"start":{"line":82,"column":4},"end":{"line":84,"column":5}},"22":{"start":{"line":85,"column":4},"end":{"line":87,"column":5}},"23":{"start":{"line":88,"column":4},"end":{"line":101,"column":5}},"24":{"start":{"line":89,"column":22},"end":{"line":89,"column":27}},"25":{"start":{"line":90,"column":25},"end":{"line":96,"column":8}},"26":{"start":{"line":91,"column":8},"end":{"line":94,"column":9}},"27":{"start":{"line":92,"column":10},"end":{"line":92,"column":26}},"28":{"start":{"line":93,"column":10},"end":{"line":93,"column":51}},"29":{"start":{"line":95,"column":8},"end":{"line":95,"column":19}},"30":{"start":{"line":97,"column":6},"end":{"line":99,"column":7}},"31":{"start":{"line":98,"column":8},"end":{"line":98,"column":76}},"32":{"start":{"line":100,"column":6},"end":{"line":100,"column":28}},"33":{"start":{"line":105,"column":27},"end":{"line":107,"column":4}},"34":{"start":{"line":108,"column":2},"end":{"line":121,"column":24}},"35":{"start":{"line":109,"column":4},"end":{"line":120,"column":5}},"36":{"start":{"line":110,"column":30},"end":{"line":110,"column":51}},"37":{"start":{"line":111,"column":30},"end":{"line":118,"column":7}},"38":{"start":{"line":115,"column":10},"end":{"line":115,"column":24}},"39":{"start":{"line":119,"column":6},"end":{"line":119,"column":30}},"40":{"start":{"line":123,"column":29},"end":{"line":141,"column":3}},"41":{"start":{"line":124,"column":28},"end":{"line":129,"column":5}},"42":{"start":{"line":130,"column":4},"end":{"line":140,"column":5}},"43":{"start":{"line":131,"column":28},"end":{"line":137,"column":8}},"44":{"start":{"line":136,"column":8},"end":{"line":136,"column":15}},"45":{"start":{"line":139,"column":6},"end":{"line":139,"column":20}},"46":{"start":{"line":142,"column":2},"end":{"line":235,"column":3}},"47":{"start":{"line":168,"column":10},"end":{"line":183,"column":11}},"48":{"start":{"line":174,"column":32},"end":{"line":174,"column":59}},"49":{"start":{"line":176,"column":18},"end":{"line":178,"column":19}},"50":{"start":{"line":177,"column":20},"end":{"line":177,"column":47}},"51":{"start":{"line":192,"column":14},"end":{"line":198,"column":16}},"52":{"start":{"line":207,"column":14},"end":{"line":213,"column":16}},"53":{"start":{"line":239,"column":17},"end":{"line":239,"column":26}},"54":{"start":{"line":242,"column":4},"end":{"line":242,"column":68}},"55":{"start":{"line":245,"column":15},"end":{"line":258,"column":3}},"56":{"start":{"line":261,"column":24},"end":{"line":264,"column":4}},"57":{"start":{"line":265,"column":19},"end":{"line":265,"column":47}},"58":{"start":{"line":267,"column":15},"end":{"line":274,"column":3}},"59":{"start":{"line":271,"column":6},"end":{"line":271,"column":20}},"60":{"start":{"line":276,"column":16},"end":{"line":276,"column":30}},"61":{"start":{"line":278,"column":2},"end":{"line":280,"column":3}},"62":{"start":{"line":283,"column":0},"end":{"line":288,"column":1}}},"fnMap":{"0":{"name":"Room","decl":{"start":{"line":27,"column":24},"end":{"line":27,"column":28}},"loc":{"start":{"line":27,"column":36},"end":{"line":236,"column":1}},"line":27},"1":{"name":"(anonymous_1)","decl":{"start":{"line":35,"column":22},"end":{"line":35,"column":23}},"loc":{"start":{"line":35,"column":34},"end":{"line":39,"column":3}},"line":35},"2":{"name":"(anonymous_2)","decl":{"start":{"line":36,"column":22},"end":{"line":36,"column":23}},"loc":{"start":{"line":36,"column":32},"end":{"line":38,"column":5}},"line":36},"3":{"name":"(anonymous_3)","decl":{"start":{"line":41,"column":22},"end":{"line":41,"column":23}},"loc":{"start":{"line":41,"column":29},"end":{"line":71,"column":3}},"line":41},"4":{"name":"(anonymous_4)","decl":{"start":{"line":46,"column":20},"end":{"line":46,"column":21}},"loc":{"start":{"line":46,"column":30},"end":{"line":57,"column":7}},"line":46},"5":{"name":"(anonymous_5)","decl":{"start":{"line":73,"column":12},"end":{"line":73,"column":13}},"loc":{"start":{"line":73,"column":18},"end":{"line":75,"column":3}},"line":73},"6":{"name":"(anonymous_6)","decl":{"start":{"line":81,"column":12},"end":{"line":81,"column":13}},"loc":{"start":{"line":81,"column":18},"end":{"line":102,"column":3}},"line":81},"7":{"name":"(anonymous_7)","decl":{"start":{"line":90,"column":35},"end":{"line":90,"column":36}},"loc":{"start":{"line":90,"column":45},"end":{"line":96,"column":7}},"line":90},"8":{"name":"(anonymous_8)","decl":{"start":{"line":108,"column":12},"end":{"line":108,"column":13}},"loc":{"start":{"line":108,"column":18},"end":{"line":121,"column":3}},"line":108},"9":{"name":"(anonymous_9)","decl":{"start":{"line":114,"column":39},"end":{"line":114,"column":40}},"loc":{"start":{"line":114,"column":49},"end":{"line":116,"column":9}},"line":114},"10":{"name":"(anonymous_10)","decl":{"start":{"line":123,"column":29},"end":{"line":123,"column":30}},"loc":{"start":{"line":123,"column":48},"end":{"line":141,"column":3}},"line":123},"11":{"name":"(anonymous_11)","decl":{"start":{"line":135,"column":15},"end":{"line":135,"column":16}},"loc":{"start":{"line":135,"column":22},"end":{"line":137,"column":7}},"line":135},"12":{"name":"(anonymous_12)","decl":{"start":{"line":167,"column":19},"end":{"line":167,"column":20}},"loc":{"start":{"line":167,"column":29},"end":{"line":184,"column":9}},"line":167},"13":{"name":"(anonymous_13)","decl":{"start":{"line":174,"column":25},"end":{"line":174,"column":26}},"loc":{"start":{"line":174,"column":32},"end":{"line":174,"column":59}},"line":174},"14":{"name":"(anonymous_14)","decl":{"start":{"line":175,"column":27},"end":{"line":175,"column":28}},"loc":{"start":{"line":175,"column":34},"end":{"line":179,"column":17}},"line":175},"15":{"name":"(anonymous_15)","decl":{"start":{"line":191,"column":21},"end":{"line":191,"column":22}},"loc":{"start":{"line":192,"column":14},"end":{"line":198,"column":16}},"line":192},"16":{"name":"(anonymous_16)","decl":{"start":{"line":206,"column":21},"end":{"line":206,"column":22}},"loc":{"start":{"line":207,"column":14},"end":{"line":213,"column":16}},"line":207},"17":{"name":"getServerSideProps","decl":{"start":{"line":238,"column":22},"end":{"line":238,"column":40}},"loc":{"start":{"line":238,"column":61},"end":{"line":281,"column":1}},"line":238},"18":{"name":"(anonymous_18)","decl":{"start":{"line":270,"column":32},"end":{"line":270,"column":33}},"loc":{"start":{"line":270,"column":42},"end":{"line":272,"column":5}},"line":270}},"branchMap":{"0":{"loc":{"start":{"line":28,"column":12},"end":{"line":28,"column":43}},"type":"cond-expr","locations":[{"start":{"line":28,"column":36},"end":{"line":28,"column":38}},{"start":{"line":28,"column":41},"end":{"line":28,"column":43}}],"line":28},"1":{"loc":{"start":{"line":74,"column":14},"end":{"line":74,"column":74}},"type":"binary-expr","locations":[{"start":{"line":74,"column":14},"end":{"line":74,"column":66}},{"start":{"line":74,"column":70},"end":{"line":74,"column":74}}],"line":74},"2":{"loc":{"start":{"line":82,"column":4},"end":{"line":84,"column":5}},"type":"if","locations":[{"start":{"line":82,"column":4},"end":{"line":84,"column":5}},{"start":{},"end":{}}],"line":82},"3":{"loc":{"start":{"line":85,"column":4},"end":{"line":87,"column":5}},"type":"if","locations":[{"start":{"line":85,"column":4},"end":{"line":87,"column":5}},{"start":{},"end":{}}],"line":85},"4":{"loc":{"start":{"line":88,"column":4},"end":{"line":101,"column":5}},"type":"if","locations":[{"start":{"line":88,"column":4},"end":{"line":101,"column":5}},{"start":{},"end":{}}],"line":88},"5":{"loc":{"start":{"line":91,"column":8},"end":{"line":94,"column":9}},"type":"if","locations":[{"start":{"line":91,"column":8},"end":{"line":94,"column":9}},{"start":{},"end":{}}],"line":91},"6":{"loc":{"start":{"line":97,"column":6},"end":{"line":99,"column":7}},"type":"if","locations":[{"start":{"line":97,"column":6},"end":{"line":99,"column":7}},{"start":{},"end":{}}],"line":97},"7":{"loc":{"start":{"line":109,"column":4},"end":{"line":120,"column":5}},"type":"if","locations":[{"start":{"line":109,"column":4},"end":{"line":120,"column":5}},{"start":{},"end":{}}],"line":109},"8":{"loc":{"start":{"line":155,"column":7},"end":{"line":162,"column":7}},"type":"cond-expr","locations":[{"start":{"line":156,"column":8},"end":{"line":156,"column":33}},{"start":{"line":158,"column":8},"end":{"line":161,"column":13}}],"line":155},"9":{"loc":{"start":{"line":176,"column":18},"end":{"line":178,"column":19}},"type":"if","locations":[{"start":{"line":176,"column":18},"end":{"line":178,"column":19}},{"start":{},"end":{}}],"line":176},"10":{"loc":{"start":{"line":176,"column":22},"end":{"line":176,"column":58}},"type":"binary-expr","locations":[{"start":{"line":176,"column":22},"end":{"line":176,"column":38}},{"start":{"line":176,"column":42},"end":{"line":176,"column":58}}],"line":176},"11":{"loc":{"start":{"line":186,"column":7},"end":{"line":226,"column":14}},"type":"cond-expr","locations":[{"start":{"line":187,"column":8},"end":{"line":225,"column":14}},{"start":{"line":226,"column":10},"end":{"line":226,"column":14}}],"line":186},"12":{"loc":{"start":{"line":242,"column":4},"end":{"line":242,"column":68}},"type":"cond-expr","locations":[{"start":{"line":242,"column":22},"end":{"line":242,"column":45}},{"start":{"line":242,"column":48},"end":{"line":242,"column":68}}],"line":242}},"s":{"0":0,"1":0,"2":0,"3":0,"4":0,"5":0,"6":0,"7":0,"8":0,"9":0,"10":0,"11":0,"12":0,"13":0,"14":0,"15":0,"16":0,"17":0,"18":0,"19":0,"20":0,"21":0,"22":0,"23":0,"24":0,"25":0,"26":0,"27":0,"28":0,"29":0,"30":0,"31":0,"32":0,"33":0,"34":0,"35":0,"36":0,"37":0,"38":0,"39":0,"40":0,"41":0,"42":0,"43":0,"44":0,"45":0,"46":0,"47":0,"48":0,"49":0,"50":0,"51":0,"52":0,"53":0,"54":0,"55":0,"56":0,"57":0,"58":0,"59":0,"60":0,"61":0,"62":0},"f":{"0":0,"1":0,"2":0,"3":0,"4":0,"5":0,"6":0,"7":0,"8":0,"9":0,"10":0,"11":0,"12":0,"13":0,"14":0,"15":0,"16":0,"17":0,"18":0},"b":{"0":[0,0],"1":[0,0],"2":[0,0],"3":[0,0],"4":[0,0],"5":[0,0],"6":[0,0],"7":[0,0],"8":[0,0],"9":[0,0],"10":[0,0],"11":[0,0],"12":[0,0]}}
}
