TN:
SF:components/Card.js
FN:6,Card
FNF:1
FNH:1
FNDA:16,Card
DA:7,16
DA:36,3
DA:43,3
LF:3
LH:3
BRDA:10,0,0,13
BRDA:10,0,1,2
BRDA:12,1,0,12
BRDA:12,1,1,3
BRDA:13,2,0,10
BRDA:13,2,1,2
BRDA:16,3,0,0
BRDA:16,3,1,3
BRF:8
BRH:7
end_of_record
TN:
SF:components/ChatRoom.js
FN:6,ChatRoom
FN:8,submitMsg
FN:26,(anonymous_2)
FN:67,(anonymous_3)
FNF:4
FNH:2
FNDA:2,ChatRoom
FNDA:0,submitMsg
FNDA:10,(anonymous_2)
FNDA:0,(anonymous_3)
DA:9,0
DA:13,2
DA:27,10
DA:67,0
DA:88,1
DA:101,1
LF:6
LH:4
BRDA:30,0,0,2
BRDA:30,0,1,8
BRDA:36,1,0,8
BRDA:36,1,1,2
BRDA:42,2,0,8
BRDA:42,2,1,2
BRF:6
BRH:6
end_of_record
TN:
SF:components/Container.js
FN:6,Container
FNF:1
FNH:1
FNDA:5,Container
DA:7,5
DA:16,2
DA:20,2
LF:3
LH:3
BRF:0
BRH:0
end_of_record
TN:
SF:components/DateModified.js
FN:6,DateModified
FNF:1
FNH:1
FNDA:11,DateModified
DA:7,11
DA:15,4
DA:20,4
LF:3
LH:3
BRF:0
BRH:0
end_of_record
TN:
SF:components/ErrorLabel.js
FN:6,ErrorLabel
FNF:1
FNH:1
FNDA:2,ErrorLabel
DA:7,2
DA:18,2
LF:2
LH:2
BRF:0
BRH:0
end_of_record
TN:
SF:components/Footer.js
FN:8,Footer
FN:25,(anonymous_1)
FN:60,(anonymous_2)
FNF:3
FNH:3
FNDA:9,Footer
FNDA:24,(anonymous_1)
FNDA:40,(anonymous_2)
DA:9,9
DA:26,24
DA:61,40
DA:96,3
LF:4
LH:4
BRDA:65,0,0,9
BRDA:65,0,1,31
BRF:2
BRH:2
end_of_record
TN:
SF:components/Header.js
FN:4,Header
FNF:1
FNH:1
FNDA:10,Header
DA:5,10
DA:121,3
LF:2
LH:2
BRDA:29,0,0,8
BRDA:29,0,1,2
BRDA:34,1,0,8
BRDA:34,1,1,2
BRDA:44,2,0,10
BRDA:44,2,1,10
BRDA:45,3,0,8
BRDA:45,3,1,2
BRDA:50,4,0,8
BRDA:50,4,1,2
BRDA:52,5,0,8
BRDA:52,5,1,2
BRDA:61,6,0,10
BRDA:61,6,1,10
BRDA:62,7,0,8
BRDA:62,7,1,2
BRDA:68,8,0,8
BRDA:68,8,1,2
BRDA:70,9,0,8
BRDA:70,9,1,2
BRF:20
BRH:20
end_of_record
TN:
SF:components/Layout.js
FN:9,Layout
FNF:1
FNH:1
FNDA:7,Layout
DA:10,7
DA:12,7
DA:77,2
DA:81,2
LF:4
LH:4
BRDA:10,0,0,6
BRDA:10,0,1,1
BRF:2
BRH:2
end_of_record
TN:
SF:components/MetaData.js
FN:4,MetaData
FNF:1
FNH:1
FNDA:9,MetaData
DA:5,9
DA:7,9
LF:2
LH:2
BRDA:5,0,0,8
BRDA:5,0,1,1
BRF:2
BRH:2
end_of_record
TN:
SF:components/Player.js
FN:10,Player
FN:14,(anonymous_1)
FN:67,(anonymous_2)
FNF:3
FNH:2
FNDA:8,Player
FNDA:4,(anonymous_1)
FNDA:0,(anonymous_2)
DA:12,8
DA:14,8
DA:15,4
DA:18,8
DA:67,0
DA:109,1
LF:6
LH:5
BRDA:41,0,0,0
BRDA:41,0,1,8
BRDA:41,1,0,8
BRDA:41,1,1,4
BRDA:65,2,0,0
BRDA:65,2,1,8
BRDA:81,3,0,0
BRDA:81,3,1,8
BRF:8
BRH:5
end_of_record
TN:
SF:components/RoomInfo.js
FN:8,RoomInfo
FN:12,(anonymous_1)
FN:41,(anonymous_2)
FN:43,(anonymous_3)
FN:72,(anonymous_4)
FNF:5
FNH:2
FNDA:5,RoomInfo
FNDA:2,(anonymous_1)
FNDA:0,(anonymous_2)
FNDA:0,(anonymous_3)
FNDA:0,(anonymous_4)
DA:10,5
DA:12,4
DA:13,2
DA:16,4
DA:42,0
DA:43,0
DA:73,0
DA:93,1
DA:106,1
LF:9
LH:6
BRDA:36,0,0,4
BRDA:36,0,1,2
BRF:2
BRH:2
end_of_record
TN:
SF:components/TextInput.js
FN:3,TextInput
FNF:1
FNH:1
FNDA:5,TextInput
DA:4,5
DA:29,2
DA:35,2
LF:3
LH:3
BRF:0
BRH:0
end_of_record
TN:
SF:components/UserList.js
FN:10,UserList
FN:26,randomColor
FN:33,setInitialState
FN:34,(anonymous_3)
FN:41,(anonymous_4)
FN:57,isUserInState
FN:61,(anonymous_6)
FN:67,getUserColorById
FN:69,(anonymous_8)
FN:80,(anonymous_9)
FN:80,(anonymous_10)
FN:82,(anonymous_11)
FNF:12
FNH:0
FNDA:0,UserList
FNDA:0,randomColor
FNDA:0,setInitialState
FNDA:0,(anonymous_3)
FNDA:0,(anonymous_4)
FNDA:0,isUserInState
FNDA:0,(anonymous_6)
FNDA:0,getUserColorById
FNDA:0,(anonymous_8)
FNDA:0,(anonymous_9)
FNDA:0,(anonymous_10)
FNDA:0,(anonymous_11)
DA:11,0
DA:17,0
DA:27,0
DA:28,0
DA:31,0
DA:34,0
DA:35,0
DA:36,0
DA:41,0
DA:42,0
DA:43,0
DA:44,0
DA:47,0
DA:48,0
DA:49,0
DA:54,0
DA:58,0
DA:59,0
DA:61,0
DA:62,0
DA:68,0
DA:69,0
DA:70,0
DA:73,0
DA:76,0
DA:80,0
DA:82,0
DA:83,0
DA:113,0
DA:127,0
LF:30
LH:0
BRDA:35,0,0,0
BRDA:35,0,1,0
BRDA:42,1,0,0
BRDA:42,1,1,0
BRDA:47,2,0,0
BRDA:47,2,1,0
BRDA:58,3,0,0
BRDA:58,3,1,0
BRDA:68,4,0,0
BRDA:68,4,1,0
BRDA:88,5,0,0
BRDA:88,5,1,0
BRDA:93,6,0,0
BRDA:93,6,1,0
BRDA:95,7,0,0
BRDA:95,7,1,0
BRDA:96,8,0,0
BRDA:96,8,1,0
BRDA:105,9,0,0
BRDA:105,9,1,0
BRDA:120,10,0,0
BRDA:120,10,1,0
BRF:22
BRH:0
end_of_record
TN:
SF:pages/404.js
FN:3,Custom404
FN:57,getStaticProps
FNF:2
FNH:2
FNDA:1,Custom404
FNDA:1,getStaticProps
DA:4,1
DA:59,1
DA:74,1
LF:3
LH:3
BRF:0
BRH:0
end_of_record
TN:
SF:pages/_app.js
FN:7,MyApp
FNF:1
FNH:1
FNDA:1,MyApp
LF:0
LH:0
BRF:0
BRH:0
end_of_record
TN:
SF:pages/_error.js
FN:3,CustomError
FNF:1
FNH:1
FNDA:2,CustomError
DA:4,2
LF:1
LH:1
BRDA:9,0,0,1
BRDA:9,0,1,1
BRDA:37,1,0,1
BRDA:37,1,1,1
BRF:4
BRH:4
end_of_record
TN:
SF:pages/home.js
FN:21,Home
FN:29,(anonymous_1)
FN:61,(anonymous_2)
FN:64,(anonymous_3)
FN:73,(anonymous_4)
FN:100,(anonymous_5)
FN:114,(anonymous_6)
FN:120,(anonymous_7)
FN:136,(anonymous_8)
FN:151,(anonymous_9)
FN:160,(anonymous_10)
FN:171,(anonymous_11)
FN:194,(anonymous_12)
FN:207,(anonymous_13)
FN:222,(anonymous_14)
FN:231,(anonymous_15)
FN:298,(anonymous_16)
FN:306,(anonymous_17)
FN:307,(anonymous_18)
FN:371,getStaticProps
FNF:20
FNH:3
FNDA:2,Home
FNDA:0,(anonymous_1)
FNDA:0,(anonymous_2)
FNDA:0,(anonymous_3)
FNDA:0,(anonymous_4)
FNDA:0,(anonymous_5)
FNDA:0,(anonymous_6)
FNDA:0,(anonymous_7)
FNDA:0,(anonymous_8)
FNDA:0,(anonymous_9)
FNDA:0,(anonymous_10)
FNDA:0,(anonymous_11)
FNDA:0,(anonymous_12)
FNDA:0,(anonymous_13)
FNDA:0,(anonymous_14)
FNDA:0,(anonymous_15)
FNDA:13,(anonymous_16)
FNDA:0,(anonymous_17)
FNDA:0,(anonymous_18)
FNDA:1,getStaticProps
DA:25,1
DA:26,1
DA:29,1
DA:30,1
DA:32,1
DA:36,1
DA:37,1
DA:38,1
DA:39,1
DA:40,1
DA:44,1
DA:45,1
DA:46,1
DA:47,0
DA:49,0
DA:50,0
DA:52,0
DA:53,0
DA:55,0
DA:56,0
DA:58,0
DA:61,1
DA:62,0
DA:63,0
DA:64,0
DA:66,0
DA:68,0
DA:70,0
DA:73,1
DA:75,0
DA:76,0
DA:77,0
DA:78,0
DA:80,0
DA:82,0
DA:83,0
DA:86,0
DA:87,0
DA:90,0
DA:91,0
DA:94,0
DA:95,0
DA:98,0
DA:101,0
DA:104,0
DA:105,0
DA:106,0
DA:108,0
DA:112,0
DA:115,0
DA:118,0
DA:119,0
DA:120,0
DA:121,0
DA:123,0
DA:124,0
DA:127,0
DA:130,0
DA:137,0
DA:140,0
DA:142,0
DA:152,0
DA:155,0
DA:156,0
DA:161,0
DA:164,0
DA:167,0
DA:171,1
DA:173,0
DA:174,0
DA:175,0
DA:177,0
DA:179,0
DA:180,0
DA:183,0
DA:184,0
DA:187,0
DA:188,0
DA:192,0
DA:195,0
DA:198,0
DA:199,0
DA:200,0
DA:202,0
DA:205,0
DA:208,0
DA:211,0
DA:213,0
DA:223,0
DA:226,0
DA:227,0
DA:232,0
DA:235,0
DA:238,0
DA:241,1
DA:299,13
DA:306,0
DA:308,0
DA:309,0
DA:375,1
DA:389,1
DA:393,1
LF:102
LH:21
BRDA:46,0,0,0
BRDA:46,0,1,1
BRDA:47,1,0,0
BRDA:47,1,1,0
BRDA:47,1,2,0
BRDA:47,1,3,0
BRDA:62,2,0,0
BRDA:62,2,1,0
BRDA:82,3,0,0
BRDA:82,3,1,0
BRDA:86,4,0,0
BRDA:86,4,1,0
BRDA:90,5,0,0
BRDA:90,5,1,0
BRDA:94,6,0,0
BRDA:94,6,1,0
BRDA:104,7,0,0
BRDA:104,7,1,0
BRDA:119,8,0,0
BRDA:119,8,1,0
BRDA:123,9,0,0
BRDA:123,9,1,0
BRDA:140,10,0,0
BRDA:140,10,1,0
BRDA:155,11,0,0
BRDA:155,11,1,0
BRDA:179,12,0,0
BRDA:179,12,1,0
BRDA:183,13,0,0
BRDA:183,13,1,0
BRDA:187,14,0,0
BRDA:187,14,1,0
BRDA:198,15,0,0
BRDA:198,15,1,0
BRDA:211,16,0,0
BRDA:211,16,1,0
BRDA:226,17,0,0
BRDA:226,17,1,0
BRDA:243,18,0,0
BRDA:243,18,1,1
BRDA:256,19,0,0
BRDA:256,19,1,1
BRDA:269,20,0,0
BRDA:269,20,1,1
BRDA:269,21,0,1
BRDA:269,21,1,1
BRDA:284,22,0,0
BRDA:284,22,1,1
BRDA:308,23,0,0
BRDA:308,23,1,0
BRDA:308,24,0,0
BRDA:308,24,1,0
BRDA:338,25,0,0
BRDA:338,25,1,1
BRF:54
BRH:8
end_of_record
TN:
SF:pages/index.js
FN:4,Index
FN:82,PageLayout
FN:86,getStaticProps
FNF:3
FNH:3
FNDA:2,Index
FNDA:1,PageLayout
FNDA:1,getStaticProps
DA:5,2
DA:82,2
DA:83,1
DA:90,1
DA:105,1
LF:5
LH:5
BRF:0
BRH:0
end_of_record
TN:
SF:pages/api/metrics.js
FNF:0
FNH:0
LF:0
LH:0
BRF:0
BRH:0
end_of_record
TN:
SF:pages/room/[id].js
FN:30,Room
FN:38,(anonymous_1)
FN:39,(anonymous_2)
FN:60,(anonymous_3)
FN:65,(anonymous_4)
FN:92,(anonymous_5)
FN:119,(anonymous_6)
FN:128,(anonymous_7)
FN:146,(anonymous_8)
FN:152,(anonymous_9)
FN:161,(anonymous_10)
FN:173,(anonymous_11)
FN:212,(anonymous_12)
FN:219,(anonymous_13)
FN:220,(anonymous_14)
FN:238,(anonymous_15)
FN:254,(anonymous_16)
FN:312,getServerSideProps
FN:352,(anonymous_18)
FNF:19
FNH:0
FNDA:0,Room
FNDA:0,(anonymous_1)
FNDA:0,(anonymous_2)
FNDA:0,(anonymous_3)
FNDA:0,(anonymous_4)
FNDA:0,(anonymous_5)
FNDA:0,(anonymous_6)
FNDA:0,(anonymous_7)
FNDA:0,(anonymous_8)
FNDA:0,(anonymous_9)
FNDA:0,(anonymous_10)
FNDA:0,(anonymous_11)
FNDA:0,(anonymous_12)
FNDA:0,(anonymous_13)
FNDA:0,(anonymous_14)
FNDA:0,(anonymous_15)
FNDA:0,(anonymous_16)
FNDA:0,getServerSideProps
FNDA:0,(anonymous_18)
DA:19,0
DA:31,0
DA:32,0
DA:33,0
DA:34,0
DA:35,0
DA:36,0
DA:37,0
DA:38,0
DA:39,0
DA:40,0
DA:44,0
DA:60,0
DA:61,0
DA:64,0
DA:65,0
DA:66,0
DA:79,0
DA:88,0
DA:92,0
DA:93,0
DA:95,0
DA:96,0
DA:102,0
DA:103,0
DA:104,0
DA:111,0
DA:116,0
DA:119,0
DA:120,0
DA:123,0
DA:126,0
DA:127,0
DA:128,0
DA:129,0
DA:130,0
DA:131,0
DA:133,0
DA:135,0
DA:136,0
DA:138,0
DA:143,0
DA:146,0
DA:147,0
DA:148,0
DA:149,0
DA:153,0
DA:157,0
DA:161,0
DA:162,0
DA:168,0
DA:169,0
DA:174,0
DA:177,0
DA:180,0
DA:213,0
DA:219,0
DA:221,0
DA:222,0
DA:239,0
DA:255,0
DA:313,0
DA:316,0
DA:319,0
DA:335,0
DA:339,0
DA:341,0
DA:342,0
DA:349,0
DA:353,0
DA:358,0
DA:360,0
DA:365,0
LF:73
LH:0
BRDA:31,0,0,0
BRDA:31,0,1,0
BRDA:95,1,0,0
BRDA:95,1,1,0
BRDA:103,2,0,0
BRDA:103,2,1,0
BRDA:120,3,0,0
BRDA:120,3,1,0
BRDA:123,4,0,0
BRDA:123,4,1,0
BRDA:126,5,0,0
BRDA:126,5,1,0
BRDA:129,6,0,0
BRDA:129,6,1,0
BRDA:135,7,0,0
BRDA:135,7,1,0
BRDA:147,8,0,0
BRDA:147,8,1,0
BRDA:186,9,0,0
BRDA:186,9,1,0
BRDA:194,10,0,0
BRDA:194,10,1,0
BRDA:221,11,0,0
BRDA:221,11,1,0
BRDA:221,12,0,0
BRDA:221,12,1,0
BRDA:232,13,0,0
BRDA:232,13,1,0
BRDA:234,14,0,0
BRDA:234,14,1,0
BRDA:316,15,0,0
BRDA:316,15,1,0
BRDA:341,16,0,0
BRDA:341,16,1,0
BRF:34
BRH:0
end_of_record
