TN:
SF:components/Card.js
FN:6,Card
FNF:1
FNH:1
FNDA:3,Card
DA:7,3
DA:32,1
DA:39,1
LF:3
LH:3
BRDA:10,0,0,2
BRDA:10,0,1,0
BRDA:12,1,0,0
BRDA:12,1,1,0
BRF:4
BRH:1
end_of_record
TN:
SF:components/Container.js
FN:6,Container
FNF:1
FNH:1
FNDA:4,Container
DA:7,4
DA:16,2
DA:20,2
LF:3
LH:3
BRF:0
BRH:0
end_of_record
TN:
SF:components/DateModified.js
FN:6,DateModified
FNF:1
FNH:1
FNDA:11,DateModified
DA:7,11
DA:15,4
DA:20,4
LF:3
LH:3
BRF:0
BRH:0
end_of_record
TN:
SF:components/Footer.js
FN:8,Footer
FN:25,(anonymous_1)
FN:60,(anonymous_2)
FNF:3
FNH:3
FNDA:9,Footer
FNDA:24,(anonymous_1)
FNDA:40,(anonymous_2)
DA:9,9
DA:26,24
DA:61,40
DA:96,3
LF:4
LH:4
BRDA:65,0,0,9
BRDA:65,0,1,31
BRF:2
BRH:2
end_of_record
TN:
SF:components/Header.js
FN:4,Header
FNF:1
FNH:1
FNDA:10,Header
DA:5,10
DA:121,3
LF:2
LH:2
BRDA:29,0,0,8
BRDA:29,0,1,2
BRDA:34,1,0,8
BRDA:34,1,1,2
BRDA:44,2,0,10
BRDA:44,2,1,10
BRDA:45,3,0,8
BRDA:45,3,1,2
BRDA:50,4,0,8
BRDA:50,4,1,2
BRDA:52,5,0,8
BRDA:52,5,1,2
BRDA:61,6,0,10
BRDA:61,6,1,10
BRDA:62,7,0,8
BRDA:62,7,1,2
BRDA:68,8,0,8
BRDA:68,8,1,2
BRDA:70,9,0,8
BRDA:70,9,1,2
BRF:20
BRH:20
end_of_record
TN:
SF:components/Layout.js
FN:9,Layout
FNF:1
FNH:1
FNDA:7,Layout
DA:10,7
DA:12,7
DA:77,2
DA:81,2
LF:4
LH:4
BRDA:10,0,0,6
BRDA:10,0,1,1
BRF:2
BRH:2
end_of_record
TN:
SF:components/MetaData.js
FN:4,MetaData
FNF:1
FNH:1
FNDA:9,MetaData
DA:5,9
DA:7,9
LF:2
LH:2
BRDA:5,0,0,8
BRDA:5,0,1,1
BRF:2
BRH:2
end_of_record
TN:
SF:components/Player.js
FN:8,Player
FNF:1
FNH:0
FNDA:0,Player
DA:9,0
DA:53,0
LF:2
LH:0
BRDA:28,0,0,0
BRDA:28,0,1,0
BRF:2
BRH:0
end_of_record
TN:
SF:components/TextInput.js
FN:3,TextInput
FNF:1
FNH:1
FNDA:5,TextInput
DA:4,5
DA:23,2
DA:29,2
LF:3
LH:3
BRF:0
BRH:0
end_of_record
TN:
SF:components/UserList.js
FN:7,UserList
FN:8,(anonymous_1)
FNF:2
FNH:0
FNDA:0,UserList
FNDA:0,(anonymous_1)
DA:8,0
DA:9,0
DA:28,0
DA:42,0
LF:4
LH:0
BRDA:10,0,0,0
BRDA:10,0,1,0
BRDA:35,1,0,0
BRDA:35,1,1,0
BRF:4
BRH:0
end_of_record
TN:
SF:pages/404.js
FN:3,Custom404
FN:57,getStaticProps
FNF:2
FNH:2
FNDA:1,Custom404
FNDA:1,getStaticProps
DA:4,1
DA:59,1
DA:74,1
LF:3
LH:3
BRF:0
BRH:0
end_of_record
TN:
SF:pages/_app.js
FN:7,MyApp
FNF:1
FNH:1
FNDA:1,MyApp
LF:0
LH:0
BRF:0
BRH:0
end_of_record
TN:
SF:pages/_error.js
FN:3,CustomError
FNF:1
FNH:1
FNDA:2,CustomError
DA:4,2
LF:1
LH:1
BRDA:9,0,0,1
BRDA:9,0,1,1
BRDA:37,1,0,1
BRDA:37,1,1,1
BRF:4
BRH:4
end_of_record
TN:
SF:pages/home.js
FN:13,Home
FN:33,(anonymous_1)
FN:43,(anonymous_2)
FN:106,getStaticProps
FNF:4
FNH:2
FNDA:6,Home
FNDA:0,(anonymous_1)
FNDA:0,(anonymous_2)
FNDA:1,getStaticProps
DA:18,5
DA:20,5
DA:21,3
DA:26,2
DA:27,1
DA:33,1
DA:34,0
DA:35,0
DA:43,1
DA:44,0
DA:46,1
DA:107,1
DA:111,1
DA:125,1
DA:129,1
LF:15
LH:12
BRDA:20,0,0,3
BRDA:20,0,1,2
BRDA:26,1,0,1
BRDA:26,1,1,1
BRF:4
BRH:4
end_of_record
TN:
SF:pages/index.js
FN:4,Index
FN:82,PageLayout
FN:86,getStaticProps
FNF:3
FNH:3
FNDA:2,Index
FNDA:1,PageLayout
FNDA:1,getStaticProps
DA:5,2
DA:82,2
DA:83,1
DA:90,1
DA:105,1
LF:5
LH:5
BRF:0
BRH:0
end_of_record
TN:
SF:pages/api/metrics.js
FNF:0
FNH:0
LF:0
LH:0
BRF:0
BRH:0
end_of_record
TN:
SF:pages/room/[id].js
FN:8,Room
FN:69,(anonymous_1)
FN:76,(anonymous_2)
FN:77,(anonymous_3)
FN:92,(anonymous_4)
FN:99,(anonymous_5)
FN:106,(anonymous_6)
FN:125,getServerSideProps
FNF:8
FNH:0
FNDA:0,Room
FNDA:0,(anonymous_1)
FNDA:0,(anonymous_2)
FNDA:0,(anonymous_3)
FNDA:0,(anonymous_4)
FNDA:0,(anonymous_5)
FNDA:0,(anonymous_6)
FNDA:0,getServerSideProps
DA:9,0
DA:10,0
DA:20,0
DA:26,0
DA:27,0
DA:28,0
DA:31,0
DA:45,0
DA:51,0
DA:70,0
DA:76,0
DA:78,0
DA:79,0
DA:92,0
DA:99,0
DA:107,0
DA:108,0
DA:126,0
DA:129,0
DA:132,0
DA:149,0
DA:154,0
LF:22
LH:0
BRDA:9,0,0,0
BRDA:9,0,1,0
BRDA:57,1,0,0
BRDA:57,1,1,0
BRDA:78,2,0,0
BRDA:78,2,1,0
BRDA:78,3,0,0
BRDA:78,3,1,0
BRDA:99,4,0,0
BRDA:99,4,1,0
BRDA:118,5,0,0
BRDA:118,5,1,0
BRDA:129,6,0,0
BRDA:129,6,1,0
BRF:14
BRH:0
end_of_record
