{"/home/runner/work/Scrum-Poker/Scrum-Poker/components/Card.js": {"path":"/home/runner/work/Scrum-Poker/Scrum-Poker/components/Card.js","statementMap":{"0":{"start":{"line":7,"column":2},"end":{"line":29,"column":3}},"1":{"start":{"line":32,"column":0},"end":{"line":37,"column":1}},"2":{"start":{"line":39,"column":0},"end":{"line":57,"column":1}}},"fnMap":{"0":{"name":"Card","decl":{"start":{"line":6,"column":24},"end":{"line":6,"column":28}},"loc":{"start":{"line":6,"column":36},"end":{"line":30,"column":1}},"line":6}},"branchMap":{"0":{"loc":{"start":{"line":10,"column":8},"end":{"line":14,"column":69}},"type":"cond-expr","locations":[{"start":{"line":11,"column":12},"end":{"line":11,"column":71}},{"start":{"line":12,"column":12},"end":{"line":14,"column":69}}],"line":10},"1":{"loc":{"start":{"line":12,"column":12},"end":{"line":14,"column":69}},"type":"cond-expr","locations":[{"start":{"line":13,"column":12},"end":{"line":13,"column":29}},{"start":{"line":14,"column":12},"end":{"line":14,"column":69}}],"line":12}},"s":{"0":2,"1":2,"2":2},"f":{"0":2},"b":{"0":[2,0],"1":[0,0]},"_coverageSchema":"1a1c01bbd47fc00a2c39e90264f33305004495a9","hash":"f7713d76830b150f99cbcfe251f3a25790251289"}
,"/home/runner/work/Scrum-Poker/Scrum-Poker/components/Container.js": {"path":"/home/runner/work/Scrum-Poker/Scrum-Poker/components/Container.js","statementMap":{"0":{"start":{"line":7,"column":2},"end":{"line":13,"column":3}},"1":{"start":{"line":16,"column":0},"end":{"line":18,"column":1}},"2":{"start":{"line":20,"column":0},"end":{"line":23,"column":1}}},"fnMap":{"0":{"name":"Container","decl":{"start":{"line":6,"column":24},"end":{"line":6,"column":33}},"loc":{"start":{"line":6,"column":41},"end":{"line":14,"column":1}},"line":6}},"branchMap":{},"s":{"0":4,"1":2,"2":2},"f":{"0":4},"b":{},"_coverageSchema":"1a1c01bbd47fc00a2c39e90264f33305004495a9","hash":"1509d5c4108c419abf6b8d1f7fbfbb70c6dc2528"}
,"/home/runner/work/Scrum-Poker/Scrum-Poker/components/DateModified.js": {"path":"/home/runner/work/Scrum-Poker/Scrum-Poker/components/DateModified.js","statementMap":{"0":{"start":{"line":7,"column":2},"end":{"line":12,"column":3}},"1":{"start":{"line":15,"column":0},"end":{"line":18,"column":1}},"2":{"start":{"line":20,"column":0},"end":{"line":26,"column":1}}},"fnMap":{"0":{"name":"DateModified","decl":{"start":{"line":6,"column":24},"end":{"line":6,"column":36}},"loc":{"start":{"line":6,"column":44},"end":{"line":13,"column":1}},"line":6}},"branchMap":{},"s":{"0":11,"1":4,"2":4},"f":{"0":11},"b":{},"_coverageSchema":"1a1c01bbd47fc00a2c39e90264f33305004495a9","hash":"77d197a384c427997c1ead4c4b788e0175d297b4"}
,"/home/runner/work/Scrum-Poker/Scrum-Poker/components/ErrorLabel.js": {"path":"/home/runner/work/Scrum-Poker/Scrum-Poker/components/ErrorLabel.js","statementMap":{"0":{"start":{"line":7,"column":2},"end":{"line":13,"column":3}},"1":{"start":{"line":16,"column":0},"end":{"line":26,"column":1}}},"fnMap":{"0":{"name":"ErrorLabel","decl":{"start":{"line":6,"column":16},"end":{"line":6,"column":26}},"loc":{"start":{"line":6,"column":34},"end":{"line":14,"column":1}},"line":6}},"branchMap":{},"s":{"0":2,"1":2},"f":{"0":2},"b":{},"_coverageSchema":"1a1c01bbd47fc00a2c39e90264f33305004495a9","hash":"121ab63bc8f3a696e22bc73f5af0feab3f0cee5e"}
,"/home/runner/work/Scrum-Poker/Scrum-Poker/components/Footer.js": {"path":"/home/runner/work/Scrum-Poker/Scrum-Poker/components/Footer.js","statementMap":{"0":{"start":{"line":9,"column":2},"end":{"line":93,"column":3}},"1":{"start":{"line":26,"column":16},"end":{"line":44,"column":17}},"2":{"start":{"line":61,"column":18},"end":{"line":78,"column":19}},"3":{"start":{"line":96,"column":0},"end":{"line":134,"column":1}}},"fnMap":{"0":{"name":"Footer","decl":{"start":{"line":8,"column":24},"end":{"line":8,"column":30}},"loc":{"start":{"line":8,"column":38},"end":{"line":94,"column":1}},"line":8},"1":{"name":"(anonymous_1)","decl":{"start":{"line":25,"column":40},"end":{"line":25,"column":41}},"loc":{"start":{"line":25,"column":58},"end":{"line":45,"column":15}},"line":25},"2":{"name":"(anonymous_2)","decl":{"start":{"line":60,"column":33},"end":{"line":60,"column":34}},"loc":{"start":{"line":60,"column":51},"end":{"line":79,"column":17}},"line":60}},"branchMap":{"0":{"loc":{"start":{"line":65,"column":24},"end":{"line":67,"column":79}},"type":"cond-expr","locations":[{"start":{"line":66,"column":28},"end":{"line":66,"column":92}},{"start":{"line":67,"column":28},"end":{"line":67,"column":79}}],"line":65}},"s":{"0":9,"1":24,"2":40,"3":3},"f":{"0":9,"1":24,"2":40},"b":{"0":[9,31]},"_coverageSchema":"1a1c01bbd47fc00a2c39e90264f33305004495a9","hash":"ba15838ea60a10538052250b17e3effe0bfa0669"}
,"/home/runner/work/Scrum-Poker/Scrum-Poker/components/Header.js": {"path":"/home/runner/work/Scrum-Poker/Scrum-Poker/components/Header.js","statementMap":{"0":{"start":{"line":5,"column":2},"end":{"line":111,"column":3}},"1":{"start":{"line":121,"column":0},"end":{"line":156,"column":1}}},"fnMap":{"0":{"name":"Header","decl":{"start":{"line":4,"column":24},"end":{"line":4,"column":30}},"loc":{"start":{"line":4,"column":38},"end":{"line":112,"column":1}},"line":4}},"branchMap":{"0":{"loc":{"start":{"line":29,"column":18},"end":{"line":31,"column":39}},"type":"cond-expr","locations":[{"start":{"line":30,"column":22},"end":{"line":30,"column":39}},{"start":{"line":31,"column":22},"end":{"line":31,"column":39}}],"line":29},"1":{"loc":{"start":{"line":34,"column":18},"end":{"line":36,"column":46}},"type":"cond-expr","locations":[{"start":{"line":35,"column":22},"end":{"line":35,"column":44}},{"start":{"line":36,"column":22},"end":{"line":36,"column":46}}],"line":34},"2":{"loc":{"start":{"line":44,"column":20},"end":{"line":44,"column":47}},"type":"binary-expr","locations":[{"start":{"line":44,"column":20},"end":{"line":44,"column":40}},{"start":{"line":44,"column":44},"end":{"line":44,"column":47}}],"line":44},"3":{"loc":{"start":{"line":45,"column":22},"end":{"line":45,"column":59}},"type":"cond-expr","locations":[{"start":{"line":45,"column":48},"end":{"line":45,"column":52}},{"start":{"line":45,"column":55},"end":{"line":45,"column":59}}],"line":45},"4":{"loc":{"start":{"line":50,"column":22},"end":{"line":50,"column":59}},"type":"cond-expr","locations":[{"start":{"line":50,"column":48},"end":{"line":50,"column":52}},{"start":{"line":50,"column":55},"end":{"line":50,"column":59}}],"line":50},"5":{"loc":{"start":{"line":52,"column":17},"end":{"line":52,"column":54}},"type":"cond-expr","locations":[{"start":{"line":52,"column":43},"end":{"line":52,"column":47}},{"start":{"line":52,"column":50},"end":{"line":52,"column":54}}],"line":52},"6":{"loc":{"start":{"line":61,"column":20},"end":{"line":61,"column":47}},"type":"binary-expr","locations":[{"start":{"line":61,"column":20},"end":{"line":61,"column":40}},{"start":{"line":61,"column":44},"end":{"line":61,"column":47}}],"line":61},"7":{"loc":{"start":{"line":62,"column":22},"end":{"line":62,"column":59}},"type":"cond-expr","locations":[{"start":{"line":62,"column":48},"end":{"line":62,"column":52}},{"start":{"line":62,"column":55},"end":{"line":62,"column":59}}],"line":62},"8":{"loc":{"start":{"line":68,"column":22},"end":{"line":68,"column":59}},"type":"cond-expr","locations":[{"start":{"line":68,"column":48},"end":{"line":68,"column":52}},{"start":{"line":68,"column":55},"end":{"line":68,"column":59}}],"line":68},"9":{"loc":{"start":{"line":70,"column":17},"end":{"line":70,"column":65}},"type":"cond-expr","locations":[{"start":{"line":70,"column":43},"end":{"line":70,"column":53}},{"start":{"line":70,"column":56},"end":{"line":70,"column":65}}],"line":70}},"s":{"0":10,"1":3},"f":{"0":10},"b":{"0":[8,2],"1":[8,2],"2":[10,10],"3":[8,2],"4":[8,2],"5":[8,2],"6":[10,10],"7":[8,2],"8":[8,2],"9":[8,2]},"_coverageSchema":"1a1c01bbd47fc00a2c39e90264f33305004495a9","hash":"c8fd1f94d3750103134e07fc00f3a6c21302eb4b"}
,"/home/runner/work/Scrum-Poker/Scrum-Poker/components/Layout.js": {"path":"/home/runner/work/Scrum-Poker/Scrum-Poker/components/Layout.js","statementMap":{"0":{"start":{"line":10,"column":12},"end":{"line":10,"column":43}},"1":{"start":{"line":12,"column":2},"end":{"line":70,"column":3}},"2":{"start":{"line":77,"column":0},"end":{"line":79,"column":1}},"3":{"start":{"line":81,"column":0},"end":{"line":98,"column":1}}},"fnMap":{"0":{"name":"Layout","decl":{"start":{"line":9,"column":24},"end":{"line":9,"column":30}},"loc":{"start":{"line":9,"column":38},"end":{"line":71,"column":1}},"line":9}},"branchMap":{"0":{"loc":{"start":{"line":10,"column":12},"end":{"line":10,"column":43}},"type":"cond-expr","locations":[{"start":{"line":10,"column":36},"end":{"line":10,"column":38}},{"start":{"line":10,"column":41},"end":{"line":10,"column":43}}],"line":10}},"s":{"0":7,"1":7,"2":2,"3":2},"f":{"0":7},"b":{"0":[6,1]},"_coverageSchema":"1a1c01bbd47fc00a2c39e90264f33305004495a9","hash":"f6ffa25a354eae28d4300e17595912fdef0e1e11"}
,"/home/runner/work/Scrum-Poker/Scrum-Poker/components/MetaData.js": {"path":"/home/runner/work/Scrum-Poker/Scrum-Poker/components/MetaData.js","statementMap":{"0":{"start":{"line":5,"column":12},"end":{"line":5,"column":77}},"1":{"start":{"line":7,"column":2},"end":{"line":20,"column":3}}},"fnMap":{"0":{"name":"MetaData","decl":{"start":{"line":4,"column":24},"end":{"line":4,"column":32}},"loc":{"start":{"line":4,"column":40},"end":{"line":21,"column":1}},"line":4}},"branchMap":{"0":{"loc":{"start":{"line":5,"column":12},"end":{"line":5,"column":77}},"type":"cond-expr","locations":[{"start":{"line":5,"column":38},"end":{"line":5,"column":56}},{"start":{"line":5,"column":59},"end":{"line":5,"column":77}}],"line":5}},"s":{"0":9,"1":9},"f":{"0":9},"b":{"0":[8,1]},"_coverageSchema":"1a1c01bbd47fc00a2c39e90264f33305004495a9","hash":"ac505e5ec52131d6401073d880f6c8dc16c206fd"}
,"/home/runner/work/Scrum-Poker/Scrum-Poker/components/Player.js": {"path":"/home/runner/work/Scrum-Poker/Scrum-Poker/components/Player.js","statementMap":{"0":{"start":{"line":9,"column":2},"end":{"line":58,"column":3}},"1":{"start":{"line":61,"column":0},"end":{"line":73,"column":1}}},"fnMap":{"0":{"name":"Player","decl":{"start":{"line":8,"column":24},"end":{"line":8,"column":30}},"loc":{"start":{"line":8,"column":38},"end":{"line":59,"column":1}},"line":8}},"branchMap":{"0":{"loc":{"start":{"line":34,"column":9},"end":{"line":54,"column":9}},"type":"cond-expr","locations":[{"start":{"line":35,"column":10},"end":{"line":42,"column":12}},{"start":{"line":44,"column":10},"end":{"line":53,"column":16}}],"line":34}},"s":{"0":4,"1":1},"f":{"0":4},"b":{"0":[0,4]},"_coverageSchema":"1a1c01bbd47fc00a2c39e90264f33305004495a9","hash":"d61b2df6dc7f7633c953780078ac4d35f89cbeb3"}
,"/home/runner/work/Scrum-Poker/Scrum-Poker/components/RoomInfo.js": {"path":"/home/runner/work/Scrum-Poker/Scrum-Poker/components/RoomInfo.js","statementMap":{"0":{"start":{"line":9,"column":4},"end":{"line":16,"column":5}},"1":{"start":{"line":11,"column":8},"end":{"line":11,"column":70}},"2":{"start":{"line":14,"column":8},"end":{"line":14,"column":36}},"3":{"start":{"line":19,"column":2},"end":{"line":47,"column":3}},"4":{"start":{"line":30,"column":27},"end":{"line":30,"column":44}},"5":{"start":{"line":50,"column":0},"end":{"line":61,"column":1}},"6":{"start":{"line":63,"column":0},"end":{"line":78,"column":1}}},"fnMap":{"0":{"name":"RoomInfo","decl":{"start":{"line":5,"column":24},"end":{"line":5,"column":32}},"loc":{"start":{"line":5,"column":40},"end":{"line":48,"column":1}},"line":5},"1":{"name":"copyToClipboard","decl":{"start":{"line":8,"column":11},"end":{"line":8,"column":26}},"loc":{"start":{"line":8,"column":29},"end":{"line":17,"column":3}},"line":8},"2":{"name":"(anonymous_2)","decl":{"start":{"line":10,"column":6},"end":{"line":10,"column":7}},"loc":{"start":{"line":10,"column":18},"end":{"line":12,"column":7}},"line":10},"3":{"name":"(anonymous_3)","decl":{"start":{"line":13,"column":6},"end":{"line":13,"column":7}},"loc":{"start":{"line":13,"column":18},"end":{"line":15,"column":7}},"line":13},"4":{"name":"(anonymous_4)","decl":{"start":{"line":30,"column":21},"end":{"line":30,"column":22}},"loc":{"start":{"line":30,"column":27},"end":{"line":30,"column":44}},"line":30}},"branchMap":{},"s":{"0":0,"1":0,"2":0,"3":3,"4":0,"5":1,"6":1},"f":{"0":3,"1":0,"2":0,"3":0,"4":0},"b":{},"_coverageSchema":"1a1c01bbd47fc00a2c39e90264f33305004495a9","hash":"7e76b0698e342b02425e8cf23d0d04473d68b82c"}
,"/home/runner/work/Scrum-Poker/Scrum-Poker/components/TextInput.js": {"path":"/home/runner/work/Scrum-Poker/Scrum-Poker/components/TextInput.js","statementMap":{"0":{"start":{"line":4,"column":2},"end":{"line":20,"column":3}},"1":{"start":{"line":23,"column":0},"end":{"line":27,"column":1}},"2":{"start":{"line":29,"column":0},"end":{"line":38,"column":1}}},"fnMap":{"0":{"name":"TextInput","decl":{"start":{"line":3,"column":24},"end":{"line":3,"column":33}},"loc":{"start":{"line":3,"column":41},"end":{"line":21,"column":1}},"line":3}},"branchMap":{},"s":{"0":5,"1":2,"2":2},"f":{"0":5},"b":{},"_coverageSchema":"1a1c01bbd47fc00a2c39e90264f33305004495a9","hash":"63038fab6f8702ca30885d4049300e3bba026c45"}
,"/home/runner/work/Scrum-Poker/Scrum-Poker/components/UserList.js": {"path":"/home/runner/work/Scrum-Poker/Scrum-Poker/components/UserList.js","statementMap":{"0":{"start":{"line":8,"column":21},"end":{"line":12,"column":3}},"1":{"start":{"line":14,"column":26},"end":{"line":14,"column":79}},"2":{"start":{"line":14,"column":37},"end":{"line":14,"column":79}},"3":{"start":{"line":14,"column":58},"end":{"line":14,"column":78}},"4":{"start":{"line":16,"column":25},"end":{"line":38,"column":4}},"5":{"start":{"line":17,"column":4},"end":{"line":37,"column":9}},"6":{"start":{"line":39,"column":2},"end":{"line":50,"column":3}},"7":{"start":{"line":53,"column":0},"end":{"line":78,"column":1}}},"fnMap":{"0":{"name":"UserList","decl":{"start":{"line":7,"column":24},"end":{"line":7,"column":32}},"loc":{"start":{"line":7,"column":40},"end":{"line":51,"column":1}},"line":7},"1":{"name":"(anonymous_1)","decl":{"start":{"line":14,"column":26},"end":{"line":14,"column":27}},"loc":{"start":{"line":14,"column":37},"end":{"line":14,"column":79}},"line":14},"2":{"name":"(anonymous_2)","decl":{"start":{"line":14,"column":48},"end":{"line":14,"column":49}},"loc":{"start":{"line":14,"column":58},"end":{"line":14,"column":78}},"line":14},"3":{"name":"(anonymous_3)","decl":{"start":{"line":16,"column":44},"end":{"line":16,"column":45}},"loc":{"start":{"line":17,"column":4},"end":{"line":37,"column":9}},"line":17}},"branchMap":{"0":{"loc":{"start":{"line":18,"column":7},"end":{"line":36,"column":7}},"type":"cond-expr","locations":[{"start":{"line":20,"column":8},"end":{"line":27,"column":10}},{"start":{"line":31,"column":8},"end":{"line":35,"column":10}}],"line":18},"1":{"loc":{"start":{"line":23,"column":12},"end":{"line":23,"column":69}},"type":"cond-expr","locations":[{"start":{"line":23,"column":28},"end":{"line":23,"column":56}},{"start":{"line":23,"column":59},"end":{"line":23,"column":69}}],"line":23},"2":{"loc":{"start":{"line":46,"column":9},"end":{"line":46,"column":45}},"type":"cond-expr","locations":[{"start":{"line":46,"column":26},"end":{"line":46,"column":40}},{"start":{"line":46,"column":43},"end":{"line":46,"column":45}}],"line":46}},"s":{"0":0,"1":0,"2":0,"3":0,"4":0,"5":0,"6":0,"7":0},"f":{"0":0,"1":0,"2":0,"3":0},"b":{"0":[0,0],"1":[0,0],"2":[0,0]}}
,"/home/runner/work/Scrum-Poker/Scrum-Poker/pages/404.js": {"path":"/home/runner/work/Scrum-Poker/Scrum-Poker/pages/404.js","statementMap":{"0":{"start":{"line":4,"column":2},"end":{"line":54,"column":3}},"1":{"start":{"line":59,"column":15},"end":{"line":72,"column":3}},"2":{"start":{"line":74,"column":2},"end":{"line":76,"column":3}}},"fnMap":{"0":{"name":"Custom404","decl":{"start":{"line":3,"column":24},"end":{"line":3,"column":33}},"loc":{"start":{"line":3,"column":36},"end":{"line":55,"column":1}},"line":3},"1":{"name":"getStaticProps","decl":{"start":{"line":57,"column":22},"end":{"line":57,"column":36}},"loc":{"start":{"line":57,"column":49},"end":{"line":77,"column":1}},"line":57}},"branchMap":{},"s":{"0":1,"1":1,"2":1},"f":{"0":1,"1":1},"b":{},"_coverageSchema":"1a1c01bbd47fc00a2c39e90264f33305004495a9","hash":"4f96716a1a627b26c5f2a6e8aa58182332471132"}
,"/home/runner/work/Scrum-Poker/Scrum-Poker/pages/_app.js": {"path":"/home/runner/work/Scrum-Poker/Scrum-Poker/pages/_app.js","statementMap":{},"fnMap":{"0":{"name":"MyApp","decl":{"start":{"line":7,"column":9},"end":{"line":7,"column":14}},"loc":{"start":{"line":7,"column":41},"end":{"line":25,"column":1}},"line":7}},"branchMap":{},"s":{},"f":{"0":1},"b":{},"_coverageSchema":"1a1c01bbd47fc00a2c39e90264f33305004495a9","hash":"a07b3499d3f0b1cb8acb3472fd5db958fb50ae8e"}
,"/home/runner/work/Scrum-Poker/Scrum-Poker/pages/_error.js": {"path":"/home/runner/work/Scrum-Poker/Scrum-Poker/pages/_error.js","statementMap":{"0":{"start":{"line":4,"column":2},"end":{"line":62,"column":3}}},"fnMap":{"0":{"name":"CustomError","decl":{"start":{"line":3,"column":9},"end":{"line":3,"column":20}},"loc":{"start":{"line":3,"column":37},"end":{"line":63,"column":1}},"line":3}},"branchMap":{"0":{"loc":{"start":{"line":9,"column":11},"end":{"line":11,"column":43}},"type":"cond-expr","locations":[{"start":{"line":10,"column":14},"end":{"line":10,"column":57}},{"start":{"line":11,"column":14},"end":{"line":11,"column":43}}],"line":9},"1":{"loc":{"start":{"line":37,"column":11},"end":{"line":39,"column":45}},"type":"cond-expr","locations":[{"start":{"line":38,"column":14},"end":{"line":38,"column":36}},{"start":{"line":39,"column":14},"end":{"line":39,"column":45}}],"line":37}},"s":{"0":2},"f":{"0":2},"b":{"0":[1,1],"1":[1,1]},"_coverageSchema":"1a1c01bbd47fc00a2c39e90264f33305004495a9","hash":"59517d70950cea740a64ce9c15b349c82fb72784"}
,"/home/runner/work/Scrum-Poker/Scrum-Poker/pages/home.js": {"path":"/home/runner/work/Scrum-Poker/Scrum-Poker/pages/home.js","statementMap":{"0":{"start":{"line":24,"column":48},"end":{"line":24,"column":67}},"1":{"start":{"line":25,"column":44},"end":{"line":25,"column":63}},"2":{"start":{"line":27,"column":17},"end":{"line":27,"column":28}},"3":{"start":{"line":31,"column":20},"end":{"line":31,"column":47}},"4":{"start":{"line":32,"column":20},"end":{"line":32,"column":47}},"5":{"start":{"line":33,"column":24},"end":{"line":33,"column":48}},"6":{"start":{"line":34,"column":23},"end":{"line":34,"column":53}},"7":{"start":{"line":36,"column":27},"end":{"line":84,"column":3}},"8":{"start":{"line":37,"column":4},"end":{"line":37,"column":22}},"9":{"start":{"line":39,"column":4},"end":{"line":83,"column":8}},"10":{"start":{"line":43,"column":8},"end":{"line":43,"column":57}},"11":{"start":{"line":44,"column":8},"end":{"line":44,"column":34}},"12":{"start":{"line":47,"column":23},"end":{"line":47,"column":46}},"13":{"start":{"line":50,"column":8},"end":{"line":82,"column":12}},"14":{"start":{"line":53,"column":29},"end":{"line":53,"column":31}},"15":{"start":{"line":54,"column":12},"end":{"line":56,"column":14}},"16":{"start":{"line":55,"column":14},"end":{"line":55,"column":46}},"17":{"start":{"line":58,"column":28},"end":{"line":58,"column":53}},"18":{"start":{"line":59,"column":12},"end":{"line":59,"column":35}},"19":{"start":{"line":60,"column":12},"end":{"line":81,"column":16}},"20":{"start":{"line":69,"column":16},"end":{"line":76,"column":20}},"21":{"start":{"line":75,"column":20},"end":{"line":75,"column":34}},"22":{"start":{"line":80,"column":16},"end":{"line":80,"column":39}},"23":{"start":{"line":86,"column":24},"end":{"line":153,"column":3}},"24":{"start":{"line":88,"column":4},"end":{"line":88,"column":22}},"25":{"start":{"line":90,"column":19},"end":{"line":90,"column":30}},"26":{"start":{"line":91,"column":15},"end":{"line":91,"column":80}},"27":{"start":{"line":93,"column":4},"end":{"line":152,"column":5}},"28":{"start":{"line":95,"column":6},"end":{"line":101,"column":7}},"29":{"start":{"line":96,"column":8},"end":{"line":96,"column":32}},"30":{"start":{"line":99,"column":11},"end":{"line":101,"column":7}},"31":{"start":{"line":100,"column":8},"end":{"line":100,"column":32}},"32":{"start":{"line":104,"column":25},"end":{"line":108,"column":8}},"33":{"start":{"line":107,"column":8},"end":{"line":107,"column":42}},"34":{"start":{"line":110,"column":6},"end":{"line":116,"column":7}},"35":{"start":{"line":111,"column":8},"end":{"line":111,"column":43}},"36":{"start":{"line":112,"column":8},"end":{"line":112,"column":44}},"37":{"start":{"line":113,"column":8},"end":{"line":113,"column":45}},"38":{"start":{"line":115,"column":8},"end":{"line":115,"column":42}},"39":{"start":{"line":118,"column":25},"end":{"line":122,"column":8}},"40":{"start":{"line":121,"column":8},"end":{"line":121,"column":42}},"41":{"start":{"line":124,"column":6},"end":{"line":124,"column":78}},"42":{"start":{"line":124,"column":44},"end":{"line":124,"column":78}},"43":{"start":{"line":126,"column":28},"end":{"line":137,"column":8}},"44":{"start":{"line":136,"column":8},"end":{"line":136,"column":42}},"45":{"start":{"line":139,"column":6},"end":{"line":149,"column":7}},"46":{"start":{"line":140,"column":8},"end":{"line":146,"column":12}},"47":{"start":{"line":145,"column":12},"end":{"line":145,"column":46}},"48":{"start":{"line":148,"column":8},"end":{"line":148,"column":42}},"49":{"start":{"line":151,"column":6},"end":{"line":151,"column":27}},"50":{"start":{"line":154,"column":2},"end":{"line":219,"column":3}},"51":{"start":{"line":225,"column":15},"end":{"line":238,"column":3}},"52":{"start":{"line":239,"column":2},"end":{"line":241,"column":3}},"53":{"start":{"line":243,"column":0},"end":{"line":252,"column":1}}},"fnMap":{"0":{"name":"Home","decl":{"start":{"line":20,"column":24},"end":{"line":20,"column":28}},"loc":{"start":{"line":20,"column":36},"end":{"line":220,"column":1}},"line":20},"1":{"name":"(anonymous_1)","decl":{"start":{"line":36,"column":27},"end":{"line":36,"column":28}},"loc":{"start":{"line":36,"column":34},"end":{"line":84,"column":3}},"line":36},"2":{"name":"(anonymous_2)","decl":{"start":{"line":40,"column":12},"end":{"line":40,"column":13}},"loc":{"start":{"line":40,"column":21},"end":{"line":45,"column":7}},"line":40},"3":{"name":"(anonymous_3)","decl":{"start":{"line":46,"column":12},"end":{"line":46,"column":13}},"loc":{"start":{"line":46,"column":24},"end":{"line":83,"column":7}},"line":46},"4":{"name":"(anonymous_4)","decl":{"start":{"line":52,"column":16},"end":{"line":52,"column":17}},"loc":{"start":{"line":52,"column":25},"end":{"line":82,"column":11}},"line":52},"5":{"name":"(anonymous_5)","decl":{"start":{"line":54,"column":44},"end":{"line":54,"column":45}},"loc":{"start":{"line":54,"column":54},"end":{"line":56,"column":13}},"line":54},"6":{"name":"(anonymous_6)","decl":{"start":{"line":67,"column":20},"end":{"line":67,"column":21}},"loc":{"start":{"line":69,"column":16},"end":{"line":76,"column":20}},"line":69},"7":{"name":"(anonymous_7)","decl":{"start":{"line":73,"column":25},"end":{"line":73,"column":26}},"loc":{"start":{"line":73,"column":32},"end":{"line":76,"column":19}},"line":73},"8":{"name":"(anonymous_8)","decl":{"start":{"line":78,"column":21},"end":{"line":78,"column":22}},"loc":{"start":{"line":78,"column":28},"end":{"line":81,"column":15}},"line":78},"9":{"name":"(anonymous_9)","decl":{"start":{"line":86,"column":24},"end":{"line":86,"column":25}},"loc":{"start":{"line":86,"column":37},"end":{"line":153,"column":3}},"line":86},"10":{"name":"(anonymous_10)","decl":{"start":{"line":106,"column":15},"end":{"line":106,"column":16}},"loc":{"start":{"line":106,"column":22},"end":{"line":108,"column":7}},"line":106},"11":{"name":"(anonymous_11)","decl":{"start":{"line":120,"column":15},"end":{"line":120,"column":16}},"loc":{"start":{"line":120,"column":22},"end":{"line":122,"column":7}},"line":120},"12":{"name":"(anonymous_12)","decl":{"start":{"line":135,"column":15},"end":{"line":135,"column":16}},"loc":{"start":{"line":135,"column":22},"end":{"line":137,"column":7}},"line":135},"13":{"name":"(anonymous_13)","decl":{"start":{"line":144,"column":17},"end":{"line":144,"column":18}},"loc":{"start":{"line":144,"column":24},"end":{"line":146,"column":11}},"line":144},"14":{"name":"getStaticProps","decl":{"start":{"line":221,"column":22},"end":{"line":221,"column":36}},"loc":{"start":{"line":221,"column":49},"end":{"line":242,"column":1}},"line":221}},"branchMap":{"0":{"loc":{"start":{"line":91,"column":15},"end":{"line":91,"column":80}},"type":"binary-expr","locations":[{"start":{"line":91,"column":15},"end":{"line":91,"column":67}},{"start":{"line":91,"column":71},"end":{"line":91,"column":80}}],"line":91},"1":{"loc":{"start":{"line":95,"column":6},"end":{"line":101,"column":7}},"type":"if","locations":[{"start":{"line":95,"column":6},"end":{"line":101,"column":7}},{"start":{"line":99,"column":11},"end":{"line":101,"column":7}}],"line":95},"2":{"loc":{"start":{"line":99,"column":11},"end":{"line":101,"column":7}},"type":"if","locations":[{"start":{"line":99,"column":11},"end":{"line":101,"column":7}},{"start":{},"end":{}}],"line":99},"3":{"loc":{"start":{"line":110,"column":6},"end":{"line":116,"column":7}},"type":"if","locations":[{"start":{"line":110,"column":6},"end":{"line":116,"column":7}},{"start":{"line":114,"column":13},"end":{"line":116,"column":7}}],"line":110},"4":{"loc":{"start":{"line":124,"column":6},"end":{"line":124,"column":78}},"type":"if","locations":[{"start":{"line":124,"column":6},"end":{"line":124,"column":78}},{"start":{},"end":{}}],"line":124},"5":{"loc":{"start":{"line":139,"column":6},"end":{"line":149,"column":7}},"type":"if","locations":[{"start":{"line":139,"column":6},"end":{"line":149,"column":7}},{"start":{"line":147,"column":13},"end":{"line":149,"column":7}}],"line":139},"6":{"loc":{"start":{"line":172,"column":11},"end":{"line":174,"column":23}},"type":"cond-expr","locations":[{"start":{"line":173,"column":12},"end":{"line":173,"column":63}},{"start":{"line":174,"column":14},"end":{"line":174,"column":23}}],"line":172},"7":{"loc":{"start":{"line":197,"column":11},"end":{"line":199,"column":23}},"type":"cond-expr","locations":[{"start":{"line":198,"column":12},"end":{"line":198,"column":61}},{"start":{"line":199,"column":14},"end":{"line":199,"column":23}}],"line":197}},"s":{"0":1,"1":1,"2":1,"3":1,"4":1,"5":1,"6":1,"7":1,"8":0,"9":0,"10":0,"11":0,"12":0,"13":0,"14":0,"15":0,"16":0,"17":0,"18":0,"19":0,"20":0,"21":0,"22":0,"23":1,"24":0,"25":0,"26":0,"27":0,"28":0,"29":0,"30":0,"31":0,"32":0,"33":0,"34":0,"35":0,"36":0,"37":0,"38":0,"39":0,"40":0,"41":0,"42":0,"43":0,"44":0,"45":0,"46":0,"47":0,"48":0,"49":0,"50":1,"51":1,"52":1,"53":1},"f":{"0":1,"1":0,"2":0,"3":0,"4":0,"5":0,"6":0,"7":0,"8":0,"9":0,"10":0,"11":0,"12":0,"13":0,"14":1},"b":{"0":[0,0],"1":[0,0],"2":[0,0],"3":[0,0],"4":[0,0],"5":[0,0],"6":[0,1],"7":[0,1]},"_coverageSchema":"1a1c01bbd47fc00a2c39e90264f33305004495a9","hash":"7f73ed10add54b42a89d7c37f7217cbc20e6d6ad"}
,"/home/runner/work/Scrum-Poker/Scrum-Poker/pages/index.js": {"path":"/home/runner/work/Scrum-Poker/Scrum-Poker/pages/index.js","statementMap":{"0":{"start":{"line":5,"column":2},"end":{"line":78,"column":3}},"1":{"start":{"line":82,"column":0},"end":{"line":84,"column":1}},"2":{"start":{"line":83,"column":2},"end":{"line":83,"column":20}},"3":{"start":{"line":90,"column":15},"end":{"line":103,"column":3}},"4":{"start":{"line":105,"column":2},"end":{"line":107,"column":3}}},"fnMap":{"0":{"name":"Index","decl":{"start":{"line":4,"column":24},"end":{"line":4,"column":29}},"loc":{"start":{"line":4,"column":37},"end":{"line":79,"column":1}},"line":4},"1":{"name":"PageLayout","decl":{"start":{"line":82,"column":27},"end":{"line":82,"column":37}},"loc":{"start":{"line":82,"column":44},"end":{"line":84,"column":1}},"line":82},"2":{"name":"getStaticProps","decl":{"start":{"line":86,"column":22},"end":{"line":86,"column":36}},"loc":{"start":{"line":86,"column":49},"end":{"line":108,"column":1}},"line":86}},"branchMap":{},"s":{"0":2,"1":2,"2":1,"3":1,"4":1},"f":{"0":2,"1":1,"2":1},"b":{},"_coverageSchema":"1a1c01bbd47fc00a2c39e90264f33305004495a9","hash":"98fd75f2d3d9ad5a6a3f221e56e2412e36d0531d"}
,"/home/runner/work/Scrum-Poker/Scrum-Poker/pages/api/metrics.js": {"path":"/home/runner/work/Scrum-Poker/Scrum-Poker/pages/api/metrics.js","statementMap":{},"fnMap":{},"branchMap":{},"s":{},"f":{},"b":{}}
,"/home/runner/work/Scrum-Poker/Scrum-Poker/pages/room/[id].js": {"path":"/home/runner/work/Scrum-Poker/Scrum-Poker/pages/room/[id].js","statementMap":{"0":{"start":{"line":15,"column":21},"end":{"line":24,"column":1}},"1":{"start":{"line":27,"column":12},"end":{"line":27,"column":43}},"2":{"start":{"line":28,"column":36},"end":{"line":28,"column":50}},"3":{"start":{"line":29,"column":42},"end":{"line":29,"column":56}},"4":{"start":{"line":31,"column":38},"end":{"line":36,"column":4}},"5":{"start":{"line":38,"column":24},"end":{"line":38,"column":48}},"6":{"start":{"line":40,"column":29},"end":{"line":59,"column":3}},"7":{"start":{"line":41,"column":4},"end":{"line":41,"column":25}},"8":{"start":{"line":42,"column":28},"end":{"line":47,"column":5}},"9":{"start":{"line":48,"column":4},"end":{"line":58,"column":5}},"10":{"start":{"line":49,"column":28},"end":{"line":55,"column":8}},"11":{"start":{"line":54,"column":8},"end":{"line":54,"column":15}},"12":{"start":{"line":57,"column":6},"end":{"line":57,"column":20}},"13":{"start":{"line":61,"column":15},"end":{"line":61,"column":27}},"14":{"start":{"line":62,"column":28},"end":{"line":62,"column":42}},"15":{"start":{"line":63,"column":30},"end":{"line":63,"column":44}},"16":{"start":{"line":65,"column":20},"end":{"line":67,"column":4}},"17":{"start":{"line":68,"column":2},"end":{"line":108,"column":17}},"18":{"start":{"line":69,"column":4},"end":{"line":69,"column":53}},"19":{"start":{"line":69,"column":27},"end":{"line":69,"column":53}},"20":{"start":{"line":70,"column":4},"end":{"line":70,"column":57}},"21":{"start":{"line":70,"column":25},"end":{"line":70,"column":57}},"22":{"start":{"line":71,"column":4},"end":{"line":107,"column":5}},"23":{"start":{"line":73,"column":23},"end":{"line":73,"column":47}},"24":{"start":{"line":75,"column":8},"end":{"line":75,"column":68}},"25":{"start":{"line":77,"column":6},"end":{"line":106,"column":7}},"26":{"start":{"line":79,"column":24},"end":{"line":86,"column":9}},"27":{"start":{"line":83,"column":12},"end":{"line":83,"column":26}},"28":{"start":{"line":87,"column":8},"end":{"line":87,"column":32}},"29":{"start":{"line":90,"column":8},"end":{"line":90,"column":32}},"30":{"start":{"line":93,"column":8},"end":{"line":93,"column":31}},"31":{"start":{"line":96,"column":8},"end":{"line":100,"column":10}},"32":{"start":{"line":97,"column":10},"end":{"line":99,"column":11}},"33":{"start":{"line":98,"column":12},"end":{"line":98,"column":31}},"34":{"start":{"line":101,"column":8},"end":{"line":101,"column":26}},"35":{"start":{"line":103,"column":8},"end":{"line":104,"column":70}},"36":{"start":{"line":104,"column":10},"end":{"line":104,"column":70}},"37":{"start":{"line":105,"column":8},"end":{"line":105,"column":67}},"38":{"start":{"line":105,"column":23},"end":{"line":105,"column":67}},"39":{"start":{"line":110,"column":27},"end":{"line":112,"column":4}},"40":{"start":{"line":114,"column":27},"end":{"line":116,"column":4}},"41":{"start":{"line":118,"column":23},"end":{"line":118,"column":47}},"42":{"start":{"line":120,"column":2},"end":{"line":141,"column":24}},"43":{"start":{"line":121,"column":4},"end":{"line":123,"column":5}},"44":{"start":{"line":124,"column":4},"end":{"line":126,"column":5}},"45":{"start":{"line":127,"column":4},"end":{"line":140,"column":5}},"46":{"start":{"line":128,"column":22},"end":{"line":128,"column":27}},"47":{"start":{"line":129,"column":25},"end":{"line":135,"column":8}},"48":{"start":{"line":130,"column":8},"end":{"line":133,"column":9}},"49":{"start":{"line":131,"column":10},"end":{"line":131,"column":26}},"50":{"start":{"line":132,"column":10},"end":{"line":132,"column":51}},"51":{"start":{"line":134,"column":8},"end":{"line":134,"column":19}},"52":{"start":{"line":136,"column":6},"end":{"line":138,"column":7}},"53":{"start":{"line":137,"column":8},"end":{"line":137,"column":76}},"54":{"start":{"line":139,"column":6},"end":{"line":139,"column":28}},"55":{"start":{"line":143,"column":2},"end":{"line":156,"column":24}},"56":{"start":{"line":144,"column":4},"end":{"line":155,"column":5}},"57":{"start":{"line":145,"column":30},"end":{"line":145,"column":51}},"58":{"start":{"line":146,"column":30},"end":{"line":153,"column":7}},"59":{"start":{"line":150,"column":10},"end":{"line":150,"column":24}},"60":{"start":{"line":154,"column":6},"end":{"line":154,"column":36}},"61":{"start":{"line":158,"column":2},"end":{"line":262,"column":3}},"62":{"start":{"line":159,"column":4},"end":{"line":261,"column":5}},"63":{"start":{"line":185,"column":12},"end":{"line":200,"column":13}},"64":{"start":{"line":191,"column":34},"end":{"line":191,"column":61}},"65":{"start":{"line":193,"column":20},"end":{"line":195,"column":21}},"66":{"start":{"line":194,"column":22},"end":{"line":194,"column":49}},"67":{"start":{"line":209,"column":16},"end":{"line":215,"column":18}},"68":{"start":{"line":224,"column":16},"end":{"line":230,"column":18}},"69":{"start":{"line":239,"column":16},"end":{"line":239,"column":37}},"70":{"start":{"line":240,"column":16},"end":{"line":246,"column":18}},"71":{"start":{"line":264,"column":2},"end":{"line":264,"column":27}},"72":{"start":{"line":268,"column":17},"end":{"line":268,"column":26}},"73":{"start":{"line":271,"column":4},"end":{"line":271,"column":68}},"74":{"start":{"line":274,"column":15},"end":{"line":287,"column":3}},"75":{"start":{"line":291,"column":2},"end":{"line":293,"column":3}},"76":{"start":{"line":296,"column":0},"end":{"line":301,"column":1}}},"fnMap":{"0":{"name":"Room","decl":{"start":{"line":26,"column":24},"end":{"line":26,"column":28}},"loc":{"start":{"line":26,"column":36},"end":{"line":265,"column":1}},"line":26},"1":{"name":"(anonymous_1)","decl":{"start":{"line":40,"column":29},"end":{"line":40,"column":30}},"loc":{"start":{"line":40,"column":48},"end":{"line":59,"column":3}},"line":40},"2":{"name":"(anonymous_2)","decl":{"start":{"line":53,"column":15},"end":{"line":53,"column":16}},"loc":{"start":{"line":53,"column":22},"end":{"line":55,"column":7}},"line":53},"3":{"name":"(anonymous_3)","decl":{"start":{"line":68,"column":12},"end":{"line":68,"column":13}},"loc":{"start":{"line":68,"column":18},"end":{"line":108,"column":3}},"line":68},"4":{"name":"(anonymous_4)","decl":{"start":{"line":82,"column":38},"end":{"line":82,"column":39}},"loc":{"start":{"line":82,"column":48},"end":{"line":84,"column":11}},"line":82},"5":{"name":"(anonymous_5)","decl":{"start":{"line":96,"column":31},"end":{"line":96,"column":32}},"loc":{"start":{"line":96,"column":41},"end":{"line":100,"column":9}},"line":96},"6":{"name":"(anonymous_6)","decl":{"start":{"line":120,"column":12},"end":{"line":120,"column":13}},"loc":{"start":{"line":120,"column":18},"end":{"line":141,"column":3}},"line":120},"7":{"name":"(anonymous_7)","decl":{"start":{"line":129,"column":35},"end":{"line":129,"column":36}},"loc":{"start":{"line":129,"column":45},"end":{"line":135,"column":7}},"line":129},"8":{"name":"(anonymous_8)","decl":{"start":{"line":143,"column":12},"end":{"line":143,"column":13}},"loc":{"start":{"line":143,"column":18},"end":{"line":156,"column":3}},"line":143},"9":{"name":"(anonymous_9)","decl":{"start":{"line":149,"column":39},"end":{"line":149,"column":40}},"loc":{"start":{"line":149,"column":49},"end":{"line":151,"column":9}},"line":149},"10":{"name":"(anonymous_10)","decl":{"start":{"line":184,"column":21},"end":{"line":184,"column":22}},"loc":{"start":{"line":184,"column":31},"end":{"line":201,"column":11}},"line":184},"11":{"name":"(anonymous_11)","decl":{"start":{"line":191,"column":27},"end":{"line":191,"column":28}},"loc":{"start":{"line":191,"column":34},"end":{"line":191,"column":61}},"line":191},"12":{"name":"(anonymous_12)","decl":{"start":{"line":192,"column":29},"end":{"line":192,"column":30}},"loc":{"start":{"line":192,"column":36},"end":{"line":196,"column":19}},"line":192},"13":{"name":"(anonymous_13)","decl":{"start":{"line":208,"column":23},"end":{"line":208,"column":24}},"loc":{"start":{"line":209,"column":16},"end":{"line":215,"column":18}},"line":209},"14":{"name":"(anonymous_14)","decl":{"start":{"line":223,"column":23},"end":{"line":223,"column":24}},"loc":{"start":{"line":224,"column":16},"end":{"line":230,"column":18}},"line":224},"15":{"name":"(anonymous_15)","decl":{"start":{"line":238,"column":23},"end":{"line":238,"column":24}},"loc":{"start":{"line":238,"column":29},"end":{"line":247,"column":15}},"line":238},"16":{"name":"getServerSideProps","decl":{"start":{"line":267,"column":22},"end":{"line":267,"column":40}},"loc":{"start":{"line":267,"column":61},"end":{"line":294,"column":1}},"line":267}},"branchMap":{"0":{"loc":{"start":{"line":27,"column":12},"end":{"line":27,"column":43}},"type":"cond-expr","locations":[{"start":{"line":27,"column":36},"end":{"line":27,"column":38}},{"start":{"line":27,"column":41},"end":{"line":27,"column":43}}],"line":27},"1":{"loc":{"start":{"line":69,"column":4},"end":{"line":69,"column":53}},"type":"if","locations":[{"start":{"line":69,"column":4},"end":{"line":69,"column":53}},{"start":{},"end":{}}],"line":69},"2":{"loc":{"start":{"line":70,"column":4},"end":{"line":70,"column":57}},"type":"if","locations":[{"start":{"line":70,"column":4},"end":{"line":70,"column":57}},{"start":{},"end":{}}],"line":70},"3":{"loc":{"start":{"line":71,"column":4},"end":{"line":107,"column":5}},"type":"if","locations":[{"start":{"line":71,"column":4},"end":{"line":107,"column":5}},{"start":{},"end":{}}],"line":71},"4":{"loc":{"start":{"line":75,"column":8},"end":{"line":75,"column":68}},"type":"binary-expr","locations":[{"start":{"line":75,"column":8},"end":{"line":75,"column":60}},{"start":{"line":75,"column":64},"end":{"line":75,"column":68}}],"line":75},"5":{"loc":{"start":{"line":77,"column":6},"end":{"line":106,"column":7}},"type":"if","locations":[{"start":{"line":77,"column":6},"end":{"line":106,"column":7}},{"start":{"line":102,"column":13},"end":{"line":106,"column":7}}],"line":77},"6":{"loc":{"start":{"line":77,"column":10},"end":{"line":77,"column":34}},"type":"binary-expr","locations":[{"start":{"line":77,"column":10},"end":{"line":77,"column":18}},{"start":{"line":77,"column":22},"end":{"line":77,"column":34}}],"line":77},"7":{"loc":{"start":{"line":97,"column":10},"end":{"line":99,"column":11}},"type":"if","locations":[{"start":{"line":97,"column":10},"end":{"line":99,"column":11}},{"start":{},"end":{}}],"line":97},"8":{"loc":{"start":{"line":103,"column":8},"end":{"line":104,"column":70}},"type":"if","locations":[{"start":{"line":103,"column":8},"end":{"line":104,"column":70}},{"start":{},"end":{}}],"line":103},"9":{"loc":{"start":{"line":105,"column":8},"end":{"line":105,"column":67}},"type":"if","locations":[{"start":{"line":105,"column":8},"end":{"line":105,"column":67}},{"start":{},"end":{}}],"line":105},"10":{"loc":{"start":{"line":121,"column":4},"end":{"line":123,"column":5}},"type":"if","locations":[{"start":{"line":121,"column":4},"end":{"line":123,"column":5}},{"start":{},"end":{}}],"line":121},"11":{"loc":{"start":{"line":124,"column":4},"end":{"line":126,"column":5}},"type":"if","locations":[{"start":{"line":124,"column":4},"end":{"line":126,"column":5}},{"start":{},"end":{}}],"line":124},"12":{"loc":{"start":{"line":127,"column":4},"end":{"line":140,"column":5}},"type":"if","locations":[{"start":{"line":127,"column":4},"end":{"line":140,"column":5}},{"start":{},"end":{}}],"line":127},"13":{"loc":{"start":{"line":130,"column":8},"end":{"line":133,"column":9}},"type":"if","locations":[{"start":{"line":130,"column":8},"end":{"line":133,"column":9}},{"start":{},"end":{}}],"line":130},"14":{"loc":{"start":{"line":136,"column":6},"end":{"line":138,"column":7}},"type":"if","locations":[{"start":{"line":136,"column":6},"end":{"line":138,"column":7}},{"start":{},"end":{}}],"line":136},"15":{"loc":{"start":{"line":144,"column":4},"end":{"line":155,"column":5}},"type":"if","locations":[{"start":{"line":144,"column":4},"end":{"line":155,"column":5}},{"start":{},"end":{}}],"line":144},"16":{"loc":{"start":{"line":158,"column":2},"end":{"line":262,"column":3}},"type":"if","locations":[{"start":{"line":158,"column":2},"end":{"line":262,"column":3}},{"start":{},"end":{}}],"line":158},"17":{"loc":{"start":{"line":158,"column":6},"end":{"line":158,"column":25}},"type":"binary-expr","locations":[{"start":{"line":158,"column":6},"end":{"line":158,"column":16}},{"start":{"line":158,"column":20},"end":{"line":158,"column":25}}],"line":158},"18":{"loc":{"start":{"line":172,"column":9},"end":{"line":179,"column":9}},"type":"cond-expr","locations":[{"start":{"line":173,"column":10},"end":{"line":173,"column":35}},{"start":{"line":175,"column":10},"end":{"line":178,"column":15}}],"line":172},"19":{"loc":{"start":{"line":193,"column":20},"end":{"line":195,"column":21}},"type":"if","locations":[{"start":{"line":193,"column":20},"end":{"line":195,"column":21}},{"start":{},"end":{}}],"line":193},"20":{"loc":{"start":{"line":193,"column":24},"end":{"line":193,"column":60}},"type":"binary-expr","locations":[{"start":{"line":193,"column":24},"end":{"line":193,"column":40}},{"start":{"line":193,"column":44},"end":{"line":193,"column":60}}],"line":193},"21":{"loc":{"start":{"line":203,"column":9},"end":{"line":252,"column":16}},"type":"cond-expr","locations":[{"start":{"line":204,"column":10},"end":{"line":251,"column":16}},{"start":{"line":252,"column":12},"end":{"line":252,"column":16}}],"line":203},"22":{"loc":{"start":{"line":271,"column":4},"end":{"line":271,"column":68}},"type":"cond-expr","locations":[{"start":{"line":271,"column":22},"end":{"line":271,"column":45}},{"start":{"line":271,"column":48},"end":{"line":271,"column":68}}],"line":271}},"s":{"0":0,"1":0,"2":0,"3":0,"4":0,"5":0,"6":0,"7":0,"8":0,"9":0,"10":0,"11":0,"12":0,"13":0,"14":0,"15":0,"16":0,"17":0,"18":0,"19":0,"20":0,"21":0,"22":0,"23":0,"24":0,"25":0,"26":0,"27":0,"28":0,"29":0,"30":0,"31":0,"32":0,"33":0,"34":0,"35":0,"36":0,"37":0,"38":0,"39":0,"40":0,"41":0,"42":0,"43":0,"44":0,"45":0,"46":0,"47":0,"48":0,"49":0,"50":0,"51":0,"52":0,"53":0,"54":0,"55":0,"56":0,"57":0,"58":0,"59":0,"60":0,"61":0,"62":0,"63":0,"64":0,"65":0,"66":0,"67":0,"68":0,"69":0,"70":0,"71":0,"72":0,"73":0,"74":0,"75":0,"76":0},"f":{"0":0,"1":0,"2":0,"3":0,"4":0,"5":0,"6":0,"7":0,"8":0,"9":0,"10":0,"11":0,"12":0,"13":0,"14":0,"15":0,"16":0},"b":{"0":[0,0],"1":[0,0],"2":[0,0],"3":[0,0],"4":[0,0],"5":[0,0],"6":[0,0],"7":[0,0],"8":[0,0],"9":[0,0],"10":[0,0],"11":[0,0],"12":[0,0],"13":[0,0],"14":[0,0],"15":[0,0],"16":[0,0],"17":[0,0],"18":[0,0],"19":[0,0],"20":[0,0],"21":[0,0],"22":[0,0]}}
}
