TN:
SF:components/Card.js
FN:6,Card
FNF:1
FNH:1
FNDA:2,Card
DA:7,2
DA:32,2
DA:39,2
LF:3
LH:3
BRDA:10,0,0,2
BRDA:10,0,1,0
BRDA:12,1,0,0
BRDA:12,1,1,0
BRF:4
BRH:1
end_of_record
TN:
SF:components/Container.js
FN:6,Container
FNF:1
FNH:1
FNDA:4,Container
DA:7,4
DA:16,2
DA:20,2
LF:3
LH:3
BRF:0
BRH:0
end_of_record
TN:
SF:components/DateModified.js
FN:6,DateModified
FNF:1
FNH:1
FNDA:11,DateModified
DA:7,11
DA:15,4
DA:20,4
LF:3
LH:3
BRF:0
BRH:0
end_of_record
TN:
SF:components/ErrorLabel.js
FN:6,ErrorLabel
FNF:1
FNH:1
FNDA:2,ErrorLabel
DA:7,2
DA:16,2
LF:2
LH:2
BRF:0
BRH:0
end_of_record
TN:
SF:components/Footer.js
FN:8,Footer
FN:25,(anonymous_1)
FN:60,(anonymous_2)
FNF:3
FNH:3
FNDA:9,Footer
FNDA:24,(anonymous_1)
FNDA:40,(anonymous_2)
DA:9,9
DA:26,24
DA:61,40
DA:96,3
LF:4
LH:4
BRDA:65,0,0,9
BRDA:65,0,1,31
BRF:2
BRH:2
end_of_record
TN:
SF:components/Header.js
FN:4,Header
FNF:1
FNH:1
FNDA:10,Header
DA:5,10
DA:121,3
LF:2
LH:2
BRDA:29,0,0,8
BRDA:29,0,1,2
BRDA:34,1,0,8
BRDA:34,1,1,2
BRDA:44,2,0,10
BRDA:44,2,1,10
BRDA:45,3,0,8
BRDA:45,3,1,2
BRDA:50,4,0,8
BRDA:50,4,1,2
BRDA:52,5,0,8
BRDA:52,5,1,2
BRDA:61,6,0,10
BRDA:61,6,1,10
BRDA:62,7,0,8
BRDA:62,7,1,2
BRDA:68,8,0,8
BRDA:68,8,1,2
BRDA:70,9,0,8
BRDA:70,9,1,2
BRF:20
BRH:20
end_of_record
TN:
SF:components/Layout.js
FN:9,Layout
FNF:1
FNH:1
FNDA:7,Layout
DA:10,7
DA:12,7
DA:77,2
DA:81,2
LF:4
LH:4
BRDA:10,0,0,6
BRDA:10,0,1,1
BRF:2
BRH:2
end_of_record
TN:
SF:components/MetaData.js
FN:4,MetaData
FNF:1
FNH:1
FNDA:9,MetaData
DA:5,9
DA:7,9
LF:2
LH:2
BRDA:5,0,0,8
BRDA:5,0,1,1
BRF:2
BRH:2
end_of_record
TN:
SF:components/Player.js
FN:8,Player
FNF:1
FNH:1
FNDA:4,Player
DA:9,4
DA:61,1
LF:2
LH:2
BRDA:34,0,0,0
BRDA:34,0,1,4
BRF:2
BRH:1
end_of_record
TN:
SF:components/RoomInfo.js
FN:5,RoomInfo
FN:8,copyToClipboard
FN:10,(anonymous_2)
FN:13,(anonymous_3)
FN:30,(anonymous_4)
FNF:5
FNH:1
FNDA:3,RoomInfo
FNDA:0,copyToClipboard
FNDA:0,(anonymous_2)
FNDA:0,(anonymous_3)
FNDA:0,(anonymous_4)
DA:9,0
DA:11,0
DA:14,0
DA:19,3
DA:30,0
DA:50,1
DA:63,1
LF:7
LH:3
BRF:0
BRH:0
end_of_record
TN:
SF:components/TextInput.js
FN:3,TextInput
FNF:1
FNH:1
FNDA:5,TextInput
DA:4,5
DA:23,2
DA:29,2
LF:3
LH:3
BRF:0
BRH:0
end_of_record
TN:
SF:components/UserList.js
FN:7,UserList
FN:13,(anonymous_1)
FNF:2
FNH:0
FNDA:0,UserList
FNDA:0,(anonymous_1)
DA:8,0
DA:13,0
DA:14,0
DA:34,0
DA:48,0
LF:5
LH:0
BRDA:15,0,0,0
BRDA:15,0,1,0
BRDA:19,1,0,0
BRDA:19,1,1,0
BRDA:41,2,0,0
BRDA:41,2,1,0
BRF:6
BRH:0
end_of_record
TN:
SF:pages/404.js
FN:3,Custom404
FN:57,getStaticProps
FNF:2
FNH:2
FNDA:1,Custom404
FNDA:1,getStaticProps
DA:4,1
DA:59,1
DA:74,1
LF:3
LH:3
BRF:0
BRH:0
end_of_record
TN:
SF:pages/_app.js
FN:7,MyApp
FNF:1
FNH:1
FNDA:1,MyApp
LF:0
LH:0
BRF:0
BRH:0
end_of_record
TN:
SF:pages/_error.js
FN:3,CustomError
FNF:1
FNH:1
FNDA:2,CustomError
DA:4,2
LF:1
LH:1
BRDA:9,0,0,1
BRDA:9,0,1,1
BRDA:37,1,0,1
BRDA:37,1,1,1
BRF:4
BRH:4
end_of_record
TN:
SF:pages/home.js
FN:19,Home
FN:32,(anonymous_1)
FN:36,(anonymous_2)
FN:42,(anonymous_3)
FN:48,(anonymous_4)
FN:50,(anonymous_5)
FN:60,(anonymous_6)
FN:66,(anonymous_7)
FN:71,(anonymous_8)
FN:79,(anonymous_9)
FN:99,(anonymous_10)
FN:103,(anonymous_11)
FN:105,(anonymous_12)
FN:110,(anonymous_13)
FN:115,(anonymous_14)
FN:187,getStaticProps
FNF:16
FNH:2
FNDA:1,Home
FNDA:0,(anonymous_1)
FNDA:0,(anonymous_2)
FNDA:0,(anonymous_3)
FNDA:0,(anonymous_4)
FNDA:0,(anonymous_5)
FNDA:0,(anonymous_6)
FNDA:0,(anonymous_7)
FNDA:0,(anonymous_8)
FNDA:0,(anonymous_9)
FNDA:0,(anonymous_10)
FNDA:0,(anonymous_11)
FNDA:0,(anonymous_12)
FNDA:0,(anonymous_13)
FNDA:0,(anonymous_14)
FNDA:1,getStaticProps
DA:22,1
DA:24,1
DA:28,1
DA:29,1
DA:30,1
DA:32,1
DA:33,0
DA:35,0
DA:39,0
DA:40,0
DA:43,0
DA:46,0
DA:49,0
DA:50,0
DA:51,0
DA:53,0
DA:54,0
DA:62,0
DA:68,0
DA:73,0
DA:79,1
DA:81,0
DA:83,0
DA:86,0
DA:87,0
DA:90,0
DA:91,0
DA:93,0
DA:97,0
DA:98,0
DA:100,0
DA:101,0
DA:104,0
DA:106,0
DA:111,0
DA:112,0
DA:116,0
DA:117,0
DA:121,0
DA:123,1
DA:191,1
DA:205,1
DA:209,1
LF:43
LH:11
BRDA:86,0,0,0
BRDA:86,0,1,0
BRDA:90,1,0,0
BRDA:90,1,1,0
BRDA:97,2,0,0
BRDA:97,2,1,0
BRDA:141,3,0,0
BRDA:141,3,1,1
BRF:8
BRH:1
end_of_record
TN:
SF:pages/index.js
FN:4,Index
FN:82,PageLayout
FN:86,getStaticProps
FNF:3
FNH:3
FNDA:2,Index
FNDA:1,PageLayout
FNDA:1,getStaticProps
DA:5,2
DA:82,2
DA:83,1
DA:90,1
DA:105,1
LF:5
LH:5
BRF:0
BRH:0
end_of_record
TN:
SF:pages/api/metrics.js
FNF:0
FNH:0
LF:0
LH:0
BRF:0
BRH:0
end_of_record
TN:
SF:pages/room/[id].js
FN:13,Room
FN:43,(anonymous_1)
FN:56,(anonymous_2)
FN:77,(anonymous_3)
FN:86,(anonymous_4)
FN:126,(anonymous_5)
FN:133,(anonymous_6)
FN:134,(anonymous_7)
FN:150,(anonymous_8)
FN:157,(anonymous_9)
FN:164,(anonymous_10)
FN:188,getServerSideProps
FNF:12
FNH:0
FNDA:0,Room
FNDA:0,(anonymous_1)
FNDA:0,(anonymous_2)
FNDA:0,(anonymous_3)
FNDA:0,(anonymous_4)
FNDA:0,(anonymous_5)
FNDA:0,(anonymous_6)
FNDA:0,(anonymous_7)
FNDA:0,(anonymous_8)
FNDA:0,(anonymous_9)
FNDA:0,(anonymous_10)
FNDA:0,getServerSideProps
DA:14,0
DA:15,0
DA:16,0
DA:27,0
DA:28,0
DA:30,0
DA:32,0
DA:38,0
DA:40,0
DA:43,0
DA:44,0
DA:45,0
DA:46,0
DA:48,0
DA:49,0
DA:51,0
DA:53,0
DA:56,0
DA:57,0
DA:58,0
DA:60,0
DA:61,0
DA:62,0
DA:64,0
DA:66,0
DA:67,0
DA:68,0
DA:73,0
DA:77,0
DA:78,0
DA:81,0
DA:84,0
DA:85,0
DA:86,0
DA:87,0
DA:88,0
DA:89,0
DA:91,0
DA:93,0
DA:94,0
DA:96,0
DA:100,0
DA:101,0
DA:127,0
DA:133,0
DA:135,0
DA:136,0
DA:150,0
DA:157,0
DA:165,0
DA:166,0
DA:185,0
DA:189,0
DA:192,0
DA:195,0
DA:212,0
DA:217,0
LF:57
LH:0
BRDA:14,0,0,0
BRDA:14,0,1,0
BRDA:44,1,0,0
BRDA:44,1,1,0
BRDA:45,2,0,0
BRDA:45,2,1,0
BRDA:46,3,0,0
BRDA:46,3,1,0
BRDA:49,4,0,0
BRDA:49,4,1,0
BRDA:51,5,0,0
BRDA:51,5,1,0
BRDA:51,6,0,0
BRDA:51,6,1,0
BRDA:57,7,0,0
BRDA:57,7,1,0
BRDA:60,8,0,0
BRDA:60,8,1,0
BRDA:66,9,0,0
BRDA:66,9,1,0
BRDA:68,10,0,0
BRDA:68,10,1,0
BRDA:78,11,0,0
BRDA:78,11,1,0
BRDA:81,12,0,0
BRDA:81,12,1,0
BRDA:84,13,0,0
BRDA:84,13,1,0
BRDA:87,14,0,0
BRDA:87,14,1,0
BRDA:93,15,0,0
BRDA:93,15,1,0
BRDA:100,16,0,0
BRDA:100,16,1,0
BRDA:100,17,0,0
BRDA:100,17,1,0
BRDA:114,18,0,0
BRDA:114,18,1,0
BRDA:135,19,0,0
BRDA:135,19,1,0
BRDA:135,20,0,0
BRDA:135,20,1,0
BRDA:145,21,0,0
BRDA:145,21,1,0
BRDA:157,22,0,0
BRDA:157,22,1,0
BRDA:192,23,0,0
BRDA:192,23,1,0
BRF:48
BRH:0
end_of_record
