{"total": {"lines":{"total":84,"covered":49,"skipped":0,"pct":58.33},"statements":{"total":84,"covered":49,"skipped":0,"pct":58.33},"functions":{"total":38,"covered":20,"skipped":0,"pct":52.63},"branches":{"total":58,"covered":35,"skipped":0,"pct":60.34},"branchesTrue":{"total":0,"covered":0,"skipped":0,"pct":100}}
,"/home/runner/work/Scrum-Poker/Scrum-Poker/components/Card.js": {"lines":{"total":3,"covered":3,"skipped":0,"pct":100},"functions":{"total":1,"covered":1,"skipped":0,"pct":100},"statements":{"total":3,"covered":3,"skipped":0,"pct":100},"branches":{"total":4,"covered":1,"skipped":0,"pct":25}}
,"/home/runner/work/Scrum-Poker/Scrum-Poker/components/Container.js": {"lines":{"total":3,"covered":3,"skipped":0,"pct":100},"functions":{"total":1,"covered":1,"skipped":0,"pct":100},"statements":{"total":3,"covered":3,"skipped":0,"pct":100},"branches":{"total":0,"covered":0,"skipped":0,"pct":100}}
,"/home/runner/work/Scrum-Poker/Scrum-Poker/components/DateModified.js": {"lines":{"total":3,"covered":3,"skipped":0,"pct":100},"functions":{"total":1,"covered":1,"skipped":0,"pct":100},"statements":{"total":3,"covered":3,"skipped":0,"pct":100},"branches":{"total":0,"covered":0,"skipped":0,"pct":100}}
,"/home/runner/work/Scrum-Poker/Scrum-Poker/components/Footer.js": {"lines":{"total":4,"covered":4,"skipped":0,"pct":100},"functions":{"total":3,"covered":3,"skipped":0,"pct":100},"statements":{"total":4,"covered":4,"skipped":0,"pct":100},"branches":{"total":2,"covered":2,"skipped":0,"pct":100}}
,"/home/runner/work/Scrum-Poker/Scrum-Poker/components/Header.js": {"lines":{"total":2,"covered":2,"skipped":0,"pct":100},"functions":{"total":1,"covered":1,"skipped":0,"pct":100},"statements":{"total":2,"covered":2,"skipped":0,"pct":100},"branches":{"total":20,"covered":20,"skipped":0,"pct":100}}
,"/home/runner/work/Scrum-Poker/Scrum-Poker/components/Layout.js": {"lines":{"total":4,"covered":4,"skipped":0,"pct":100},"functions":{"total":1,"covered":1,"skipped":0,"pct":100},"statements":{"total":4,"covered":4,"skipped":0,"pct":100},"branches":{"total":2,"covered":2,"skipped":0,"pct":100}}
,"/home/runner/work/Scrum-Poker/Scrum-Poker/components/MetaData.js": {"lines":{"total":2,"covered":2,"skipped":0,"pct":100},"functions":{"total":1,"covered":1,"skipped":0,"pct":100},"statements":{"total":2,"covered":2,"skipped":0,"pct":100},"branches":{"total":2,"covered":2,"skipped":0,"pct":100}}
,"/home/runner/work/Scrum-Poker/Scrum-Poker/components/Player.js": {"lines":{"total":2,"covered":0,"skipped":0,"pct":0},"functions":{"total":1,"covered":0,"skipped":0,"pct":0},"statements":{"total":2,"covered":0,"skipped":0,"pct":0},"branches":{"total":2,"covered":0,"skipped":0,"pct":0}}
,"/home/runner/work/Scrum-Poker/Scrum-Poker/components/RoomInfo.js": {"lines":{"total":7,"covered":3,"skipped":0,"pct":42.85},"functions":{"total":5,"covered":1,"skipped":0,"pct":20},"statements":{"total":7,"covered":3,"skipped":0,"pct":42.85},"branches":{"total":0,"covered":0,"skipped":0,"pct":100}}
,"/home/runner/work/Scrum-Poker/Scrum-Poker/components/TextInput.js": {"lines":{"total":3,"covered":3,"skipped":0,"pct":100},"functions":{"total":1,"covered":1,"skipped":0,"pct":100},"statements":{"total":3,"covered":3,"skipped":0,"pct":100},"branches":{"total":0,"covered":0,"skipped":0,"pct":100}}
,"/home/runner/work/Scrum-Poker/Scrum-Poker/components/UserList.js": {"lines":{"total":4,"covered":0,"skipped":0,"pct":0},"functions":{"total":2,"covered":0,"skipped":0,"pct":0},"statements":{"total":4,"covered":0,"skipped":0,"pct":0},"branches":{"total":4,"covered":0,"skipped":0,"pct":0}}
,"/home/runner/work/Scrum-Poker/Scrum-Poker/pages/404.js": {"lines":{"total":3,"covered":3,"skipped":0,"pct":100},"functions":{"total":2,"covered":2,"skipped":0,"pct":100},"statements":{"total":3,"covered":3,"skipped":0,"pct":100},"branches":{"total":0,"covered":0,"skipped":0,"pct":100}}
,"/home/runner/work/Scrum-Poker/Scrum-Poker/pages/_app.js": {"lines":{"total":0,"covered":0,"skipped":0,"pct":100},"functions":{"total":1,"covered":1,"skipped":0,"pct":100},"statements":{"total":0,"covered":0,"skipped":0,"pct":100},"branches":{"total":0,"covered":0,"skipped":0,"pct":100}}
,"/home/runner/work/Scrum-Poker/Scrum-Poker/pages/_error.js": {"lines":{"total":1,"covered":1,"skipped":0,"pct":100},"functions":{"total":1,"covered":1,"skipped":0,"pct":100},"statements":{"total":1,"covered":1,"skipped":0,"pct":100},"branches":{"total":4,"covered":4,"skipped":0,"pct":100}}
,"/home/runner/work/Scrum-Poker/Scrum-Poker/pages/home.js": {"lines":{"total":17,"covered":13,"skipped":0,"pct":76.47},"functions":{"total":5,"covered":2,"skipped":0,"pct":40},"statements":{"total":17,"covered":13,"skipped":0,"pct":76.47},"branches":{"total":4,"covered":4,"skipped":0,"pct":100}}
,"/home/runner/work/Scrum-Poker/Scrum-Poker/pages/index.js": {"lines":{"total":5,"covered":5,"skipped":0,"pct":100},"functions":{"total":3,"covered":3,"skipped":0,"pct":100},"statements":{"total":5,"covered":5,"skipped":0,"pct":100},"branches":{"total":0,"covered":0,"skipped":0,"pct":100}}
,"/home/runner/work/Scrum-Poker/Scrum-Poker/pages/api/metrics.js": {"lines":{"total":0,"covered":0,"skipped":0,"pct":100},"functions":{"total":0,"covered":0,"skipped":0,"pct":100},"statements":{"total":0,"covered":0,"skipped":0,"pct":100},"branches":{"total":0,"covered":0,"skipped":0,"pct":100}}
,"/home/runner/work/Scrum-Poker/Scrum-Poker/pages/room/[id].js": {"lines":{"total":21,"covered":0,"skipped":0,"pct":0},"functions":{"total":8,"covered":0,"skipped":0,"pct":0},"statements":{"total":21,"covered":0,"skipped":0,"pct":0},"branches":{"total":14,"covered":0,"skipped":0,"pct":0}}
}
