<?xml version="1.0" encoding="UTF-8"?>
<coverage generated="1647539835054" clover="3.2.0">
  <project timestamp="1647539835054" name="All files">
    <metrics statements="83" coveredstatements="50" conditionals="58" coveredconditionals="36" methods="38" coveredmethods="21" elements="179" coveredelements="107" complexity="0" loc="83" ncloc="83" packages="4" files="18" classes="18"/>
    <package name="components">
      <metrics statements="37" coveredstatements="29" conditionals="36" coveredconditionals="28" methods="18" coveredmethods="12"/>
      <file name="Card.js" path="/home/runner/work/Scrum-Poker/Scrum-Poker/components/Card.js">
        <metrics statements="3" coveredstatements="3" conditionals="4" coveredconditionals="1" methods="1" coveredmethods="1"/>
        <line num="7" count="2" type="stmt"/>
        <line num="32" count="2" type="stmt"/>
        <line num="39" count="2" type="stmt"/>
      </file>
      <file name="Container.js" path="/home/runner/work/Scrum-Poker/Scrum-Poker/components/Container.js">
        <metrics statements="3" coveredstatements="3" conditionals="0" coveredconditionals="0" methods="1" coveredmethods="1"/>
        <line num="7" count="6" type="stmt"/>
        <line num="16" count="2" type="stmt"/>
        <line num="20" count="2" type="stmt"/>
      </file>
      <file name="DateModified.js" path="/home/runner/work/Scrum-Poker/Scrum-Poker/components/DateModified.js">
        <metrics statements="3" coveredstatements="3" conditionals="0" coveredconditionals="0" methods="1" coveredmethods="1"/>
        <line num="7" count="11" type="stmt"/>
        <line num="15" count="4" type="stmt"/>
        <line num="20" count="4" type="stmt"/>
      </file>
      <file name="Footer.js" path="/home/runner/work/Scrum-Poker/Scrum-Poker/components/Footer.js">
        <metrics statements="4" coveredstatements="4" conditionals="2" coveredconditionals="2" methods="3" coveredmethods="3"/>
        <line num="9" count="9" type="stmt"/>
        <line num="26" count="24" type="stmt"/>
        <line num="61" count="40" type="stmt"/>
        <line num="96" count="3" type="stmt"/>
      </file>
      <file name="Header.js" path="/home/runner/work/Scrum-Poker/Scrum-Poker/components/Header.js">
        <metrics statements="2" coveredstatements="2" conditionals="20" coveredconditionals="20" methods="1" coveredmethods="1"/>
        <line num="5" count="10" type="stmt"/>
        <line num="121" count="3" type="stmt"/>
      </file>
      <file name="Layout.js" path="/home/runner/work/Scrum-Poker/Scrum-Poker/components/Layout.js">
        <metrics statements="4" coveredstatements="4" conditionals="2" coveredconditionals="2" methods="1" coveredmethods="1"/>
        <line num="10" count="7" type="cond" truecount="2" falsecount="0"/>
        <line num="12" count="7" type="stmt"/>
        <line num="77" count="2" type="stmt"/>
        <line num="81" count="2" type="stmt"/>
      </file>
      <file name="MetaData.js" path="/home/runner/work/Scrum-Poker/Scrum-Poker/components/MetaData.js">
        <metrics statements="2" coveredstatements="2" conditionals="2" coveredconditionals="2" methods="1" coveredmethods="1"/>
        <line num="5" count="9" type="cond" truecount="2" falsecount="0"/>
        <line num="7" count="9" type="stmt"/>
      </file>
      <file name="Player.js" path="/home/runner/work/Scrum-Poker/Scrum-Poker/components/Player.js">
        <metrics statements="2" coveredstatements="2" conditionals="2" coveredconditionals="1" methods="1" coveredmethods="1"/>
        <line num="9" count="4" type="stmt"/>
        <line num="61" count="1" type="stmt"/>
      </file>
      <file name="RoomInfo.js" path="/home/runner/work/Scrum-Poker/Scrum-Poker/components/RoomInfo.js">
        <metrics statements="7" coveredstatements="3" conditionals="0" coveredconditionals="0" methods="5" coveredmethods="1"/>
        <line num="9" count="0" type="stmt"/>
        <line num="11" count="0" type="stmt"/>
        <line num="14" count="0" type="stmt"/>
        <line num="19" count="3" type="stmt"/>
        <line num="30" count="0" type="stmt"/>
        <line num="50" count="1" type="stmt"/>
        <line num="63" count="1" type="stmt"/>
      </file>
      <file name="TextInput.js" path="/home/runner/work/Scrum-Poker/Scrum-Poker/components/TextInput.js">
        <metrics statements="3" coveredstatements="3" conditionals="0" coveredconditionals="0" methods="1" coveredmethods="1"/>
        <line num="4" count="8" type="stmt"/>
        <line num="23" count="2" type="stmt"/>
        <line num="29" count="2" type="stmt"/>
      </file>
      <file name="UserList.js" path="/home/runner/work/Scrum-Poker/Scrum-Poker/components/UserList.js">
        <metrics statements="4" coveredstatements="0" conditionals="4" coveredconditionals="0" methods="2" coveredmethods="0"/>
        <line num="8" count="0" type="stmt"/>
        <line num="9" count="0" type="stmt"/>
        <line num="30" count="0" type="stmt"/>
        <line num="44" count="0" type="stmt"/>
      </file>
    </package>
    <package name="pages">
      <metrics statements="25" coveredstatements="21" conditionals="8" coveredconditionals="8" methods="12" coveredmethods="9"/>
      <file name="404.js" path="/home/runner/work/Scrum-Poker/Scrum-Poker/pages/404.js">
        <metrics statements="3" coveredstatements="3" conditionals="0" coveredconditionals="0" methods="2" coveredmethods="2"/>
        <line num="4" count="1" type="stmt"/>
        <line num="59" count="1" type="stmt"/>
        <line num="74" count="1" type="stmt"/>
      </file>
      <file name="_app.js" path="/home/runner/work/Scrum-Poker/Scrum-Poker/pages/_app.js">
        <metrics statements="0" coveredstatements="0" conditionals="0" coveredconditionals="0" methods="1" coveredmethods="1"/>
      </file>
      <file name="_error.js" path="/home/runner/work/Scrum-Poker/Scrum-Poker/pages/_error.js">
        <metrics statements="1" coveredstatements="1" conditionals="4" coveredconditionals="4" methods="1" coveredmethods="1"/>
        <line num="4" count="2" type="stmt"/>
      </file>
      <file name="home.js" path="/home/runner/work/Scrum-Poker/Scrum-Poker/pages/home.js">
        <metrics statements="16" coveredstatements="12" conditionals="4" coveredconditionals="4" methods="5" coveredmethods="2"/>
        <line num="16" count="7" type="stmt"/>
        <line num="19" count="7" type="stmt"/>
        <line num="20" count="7" type="stmt"/>
        <line num="21" count="7" type="cond" truecount="2" falsecount="0"/>
        <line num="22" count="4" type="stmt"/>
        <line num="27" count="3" type="cond" truecount="2" falsecount="0"/>
        <line num="28" count="1" type="stmt"/>
        <line num="33" count="2" type="stmt"/>
        <line num="34" count="0" type="stmt"/>
        <line num="36" count="2" type="stmt"/>
        <line num="52" count="0" type="stmt"/>
        <line num="53" count="0" type="stmt"/>
        <line num="54" count="0" type="stmt"/>
        <line num="108" count="1" type="stmt"/>
        <line num="122" count="1" type="stmt"/>
        <line num="126" count="1" type="stmt"/>
      </file>
      <file name="index.js" path="/home/runner/work/Scrum-Poker/Scrum-Poker/pages/index.js">
        <metrics statements="5" coveredstatements="5" conditionals="0" coveredconditionals="0" methods="3" coveredmethods="3"/>
        <line num="5" count="2" type="stmt"/>
        <line num="82" count="2" type="stmt"/>
        <line num="83" count="1" type="stmt"/>
        <line num="90" count="1" type="stmt"/>
        <line num="105" count="1" type="stmt"/>
      </file>
    </package>
    <package name="pages.api">
      <metrics statements="0" coveredstatements="0" conditionals="0" coveredconditionals="0" methods="0" coveredmethods="0"/>
      <file name="metrics.js" path="/home/runner/work/Scrum-Poker/Scrum-Poker/pages/api/metrics.js">
        <metrics statements="0" coveredstatements="0" conditionals="0" coveredconditionals="0" methods="0" coveredmethods="0"/>
      </file>
    </package>
    <package name="pages.room">
      <metrics statements="21" coveredstatements="0" conditionals="14" coveredconditionals="0" methods="8" coveredmethods="0"/>
      <file name="[id].js" path="/home/runner/work/Scrum-Poker/Scrum-Poker/pages/room/[id].js">
        <metrics statements="21" coveredstatements="0" conditionals="14" coveredconditionals="0" methods="8" coveredmethods="0"/>
        <line num="10" count="0" type="cond" truecount="0" falsecount="2"/>
        <line num="11" count="0" type="stmt"/>
        <line num="21" count="0" type="stmt"/>
        <line num="27" count="0" type="stmt"/>
        <line num="28" count="0" type="stmt"/>
        <line num="31" count="0" type="stmt"/>
        <line num="45" count="0" type="stmt"/>
        <line num="51" count="0" type="stmt"/>
        <line num="77" count="0" type="stmt"/>
        <line num="83" count="0" type="stmt"/>
        <line num="85" count="0" type="cond" truecount="0" falsecount="4"/>
        <line num="86" count="0" type="stmt"/>
        <line num="99" count="0" type="stmt"/>
        <line num="106" count="0" type="cond" truecount="0" falsecount="2"/>
        <line num="114" count="0" type="stmt"/>
        <line num="115" count="0" type="stmt"/>
        <line num="133" count="0" type="stmt"/>
        <line num="136" count="0" type="cond" truecount="0" falsecount="2"/>
        <line num="139" count="0" type="stmt"/>
        <line num="156" count="0" type="stmt"/>
        <line num="161" count="0" type="stmt"/>
      </file>
    </package>
  </project>
</coverage>
