<?xml version="1.0" encoding="UTF-8"?>
<coverage generated="1647978717682" clover="3.2.0">
  <project timestamp="1647978717683" name="All files">
    <metrics statements="122" coveredstatements="50" conditionals="82" coveredconditionals="33" methods="45" coveredmethods="22" elements="249" coveredelements="105" complexity="0" loc="122" ncloc="122" packages="4" files="19" classes="19"/>
    <package name="components">
      <metrics statements="40" coveredstatements="31" conditionals="38" coveredconditionals="28" methods="19" coveredmethods="13"/>
      <file name="Card.js" path="/home/runner/work/Scrum-Poker/Scrum-Poker/components/Card.js">
        <metrics statements="3" coveredstatements="3" conditionals="4" coveredconditionals="1" methods="1" coveredmethods="1"/>
        <line num="7" count="2" type="stmt"/>
        <line num="32" count="2" type="stmt"/>
        <line num="39" count="2" type="stmt"/>
      </file>
      <file name="Container.js" path="/home/runner/work/Scrum-Poker/Scrum-Poker/components/Container.js">
        <metrics statements="3" coveredstatements="3" conditionals="0" coveredconditionals="0" methods="1" coveredmethods="1"/>
        <line num="7" count="4" type="stmt"/>
        <line num="16" count="2" type="stmt"/>
        <line num="20" count="2" type="stmt"/>
      </file>
      <file name="DateModified.js" path="/home/runner/work/Scrum-Poker/Scrum-Poker/components/DateModified.js">
        <metrics statements="3" coveredstatements="3" conditionals="0" coveredconditionals="0" methods="1" coveredmethods="1"/>
        <line num="7" count="11" type="stmt"/>
        <line num="15" count="4" type="stmt"/>
        <line num="20" count="4" type="stmt"/>
      </file>
      <file name="ErrorLabel.js" path="/home/runner/work/Scrum-Poker/Scrum-Poker/components/ErrorLabel.js">
        <metrics statements="2" coveredstatements="2" conditionals="0" coveredconditionals="0" methods="1" coveredmethods="1"/>
        <line num="7" count="2" type="stmt"/>
        <line num="16" count="2" type="stmt"/>
      </file>
      <file name="Footer.js" path="/home/runner/work/Scrum-Poker/Scrum-Poker/components/Footer.js">
        <metrics statements="4" coveredstatements="4" conditionals="2" coveredconditionals="2" methods="3" coveredmethods="3"/>
        <line num="9" count="9" type="stmt"/>
        <line num="26" count="24" type="stmt"/>
        <line num="61" count="40" type="stmt"/>
        <line num="96" count="3" type="stmt"/>
      </file>
      <file name="Header.js" path="/home/runner/work/Scrum-Poker/Scrum-Poker/components/Header.js">
        <metrics statements="2" coveredstatements="2" conditionals="20" coveredconditionals="20" methods="1" coveredmethods="1"/>
        <line num="5" count="10" type="stmt"/>
        <line num="121" count="3" type="stmt"/>
      </file>
      <file name="Layout.js" path="/home/runner/work/Scrum-Poker/Scrum-Poker/components/Layout.js">
        <metrics statements="4" coveredstatements="4" conditionals="2" coveredconditionals="2" methods="1" coveredmethods="1"/>
        <line num="10" count="7" type="cond" truecount="2" falsecount="0"/>
        <line num="12" count="7" type="stmt"/>
        <line num="77" count="2" type="stmt"/>
        <line num="81" count="2" type="stmt"/>
      </file>
      <file name="MetaData.js" path="/home/runner/work/Scrum-Poker/Scrum-Poker/components/MetaData.js">
        <metrics statements="2" coveredstatements="2" conditionals="2" coveredconditionals="2" methods="1" coveredmethods="1"/>
        <line num="5" count="9" type="cond" truecount="2" falsecount="0"/>
        <line num="7" count="9" type="stmt"/>
      </file>
      <file name="Player.js" path="/home/runner/work/Scrum-Poker/Scrum-Poker/components/Player.js">
        <metrics statements="2" coveredstatements="2" conditionals="2" coveredconditionals="1" methods="1" coveredmethods="1"/>
        <line num="9" count="4" type="stmt"/>
        <line num="61" count="1" type="stmt"/>
      </file>
      <file name="RoomInfo.js" path="/home/runner/work/Scrum-Poker/Scrum-Poker/components/RoomInfo.js">
        <metrics statements="7" coveredstatements="3" conditionals="0" coveredconditionals="0" methods="5" coveredmethods="1"/>
        <line num="9" count="0" type="stmt"/>
        <line num="11" count="0" type="stmt"/>
        <line num="14" count="0" type="stmt"/>
        <line num="19" count="3" type="stmt"/>
        <line num="30" count="0" type="stmt"/>
        <line num="50" count="1" type="stmt"/>
        <line num="63" count="1" type="stmt"/>
      </file>
      <file name="TextInput.js" path="/home/runner/work/Scrum-Poker/Scrum-Poker/components/TextInput.js">
        <metrics statements="3" coveredstatements="3" conditionals="0" coveredconditionals="0" methods="1" coveredmethods="1"/>
        <line num="4" count="5" type="stmt"/>
        <line num="23" count="2" type="stmt"/>
        <line num="29" count="2" type="stmt"/>
      </file>
      <file name="UserList.js" path="/home/runner/work/Scrum-Poker/Scrum-Poker/components/UserList.js">
        <metrics statements="5" coveredstatements="0" conditionals="6" coveredconditionals="0" methods="2" coveredmethods="0"/>
        <line num="8" count="0" type="stmt"/>
        <line num="13" count="0" type="stmt"/>
        <line num="14" count="0" type="stmt"/>
        <line num="34" count="0" type="stmt"/>
        <line num="48" count="0" type="stmt"/>
      </file>
    </package>
    <package name="pages">
      <metrics statements="40" coveredstatements="19" conditionals="12" coveredconditionals="5" methods="16" coveredmethods="9"/>
      <file name="404.js" path="/home/runner/work/Scrum-Poker/Scrum-Poker/pages/404.js">
        <metrics statements="3" coveredstatements="3" conditionals="0" coveredconditionals="0" methods="2" coveredmethods="2"/>
        <line num="4" count="1" type="stmt"/>
        <line num="59" count="1" type="stmt"/>
        <line num="74" count="1" type="stmt"/>
      </file>
      <file name="_app.js" path="/home/runner/work/Scrum-Poker/Scrum-Poker/pages/_app.js">
        <metrics statements="0" coveredstatements="0" conditionals="0" coveredconditionals="0" methods="1" coveredmethods="1"/>
      </file>
      <file name="_error.js" path="/home/runner/work/Scrum-Poker/Scrum-Poker/pages/_error.js">
        <metrics statements="1" coveredstatements="1" conditionals="4" coveredconditionals="4" methods="1" coveredmethods="1"/>
        <line num="4" count="2" type="stmt"/>
      </file>
      <file name="home.js" path="/home/runner/work/Scrum-Poker/Scrum-Poker/pages/home.js">
        <metrics statements="31" coveredstatements="10" conditionals="8" coveredconditionals="1" methods="9" coveredmethods="2"/>
        <line num="17" count="1" type="stmt"/>
        <line num="19" count="1" type="stmt"/>
        <line num="23" count="1" type="stmt"/>
        <line num="24" count="1" type="stmt"/>
        <line num="26" count="1" type="stmt"/>
        <line num="27" count="0" type="stmt"/>
        <line num="30" count="1" type="stmt"/>
        <line num="32" count="0" type="stmt"/>
        <line num="34" count="0" type="stmt"/>
        <line num="37" count="0" type="cond" truecount="0" falsecount="2"/>
        <line num="38" count="0" type="stmt"/>
        <line num="41" count="0" type="cond" truecount="0" falsecount="2"/>
        <line num="42" count="0" type="stmt"/>
        <line num="44" count="0" type="stmt"/>
        <line num="48" count="0" type="cond" truecount="0" falsecount="2"/>
        <line num="49" count="0" type="stmt"/>
        <line num="51" count="0" type="stmt"/>
        <line num="52" count="0" type="stmt"/>
        <line num="53" count="0" type="stmt"/>
        <line num="56" count="0" type="stmt"/>
        <line num="57" count="0" type="stmt"/>
        <line num="59" count="0" type="stmt"/>
        <line num="64" count="0" type="stmt"/>
        <line num="65" count="0" type="stmt"/>
        <line num="69" count="0" type="stmt"/>
        <line num="70" count="0" type="stmt"/>
        <line num="74" count="0" type="stmt"/>
        <line num="76" count="1" type="stmt"/>
        <line num="144" count="1" type="stmt"/>
        <line num="158" count="1" type="stmt"/>
        <line num="162" count="1" type="stmt"/>
      </file>
      <file name="index.js" path="/home/runner/work/Scrum-Poker/Scrum-Poker/pages/index.js">
        <metrics statements="5" coveredstatements="5" conditionals="0" coveredconditionals="0" methods="3" coveredmethods="3"/>
        <line num="5" count="2" type="stmt"/>
        <line num="82" count="2" type="stmt"/>
        <line num="83" count="1" type="stmt"/>
        <line num="90" count="1" type="stmt"/>
        <line num="105" count="1" type="stmt"/>
      </file>
    </package>
    <package name="pages.api">
      <metrics statements="0" coveredstatements="0" conditionals="0" coveredconditionals="0" methods="0" coveredmethods="0"/>
      <file name="metrics.js" path="/home/runner/work/Scrum-Poker/Scrum-Poker/pages/api/metrics.js">
        <metrics statements="0" coveredstatements="0" conditionals="0" coveredconditionals="0" methods="0" coveredmethods="0"/>
      </file>
    </package>
    <package name="pages.room">
      <metrics statements="42" coveredstatements="0" conditionals="32" coveredconditionals="0" methods="10" coveredmethods="0"/>
      <file name="[id].js" path="/home/runner/work/Scrum-Poker/Scrum-Poker/pages/room/[id].js">
        <metrics statements="42" coveredstatements="0" conditionals="32" coveredconditionals="0" methods="10" coveredmethods="0"/>
        <line num="13" count="0" type="cond" truecount="0" falsecount="2"/>
        <line num="14" count="0" type="stmt"/>
        <line num="15" count="0" type="stmt"/>
        <line num="26" count="0" type="stmt"/>
        <line num="27" count="0" type="stmt"/>
        <line num="30" count="0" type="stmt"/>
        <line num="34" count="0" type="stmt"/>
        <line num="47" count="0" type="stmt"/>
        <line num="53" count="0" type="stmt"/>
        <line num="55" count="0" type="stmt"/>
        <line num="56" count="0" type="cond" truecount="0" falsecount="2"/>
        <line num="57" count="0" type="cond" truecount="0" falsecount="2"/>
        <line num="58" count="0" type="cond" truecount="0" falsecount="2"/>
        <line num="60" count="0" type="stmt"/>
        <line num="61" count="0" type="cond" truecount="0" falsecount="2"/>
        <line num="65" count="0" type="cond" truecount="0" falsecount="2"/>
        <line num="67" count="0" type="cond" truecount="0" falsecount="2"/>
        <line num="68" count="0" type="stmt"/>
        <line num="70" count="0" type="stmt"/>
        <line num="73" count="0" type="stmt"/>
        <line num="76" count="0" type="stmt"/>
        <line num="77" count="0" type="cond" truecount="0" falsecount="2"/>
        <line num="78" count="0" type="stmt"/>
        <line num="82" count="0" type="stmt"/>
        <line num="83" count="0" type="cond" truecount="0" falsecount="2"/>
        <line num="84" count="0" type="stmt"/>
        <line num="92" count="0" type="cond" truecount="0" falsecount="2"/>
        <line num="93" count="0" type="stmt"/>
        <line num="119" count="0" type="stmt"/>
        <line num="125" count="0" type="stmt"/>
        <line num="127" count="0" type="cond" truecount="0" falsecount="4"/>
        <line num="128" count="0" type="stmt"/>
        <line num="142" count="0" type="stmt"/>
        <line num="149" count="0" type="cond" truecount="0" falsecount="2"/>
        <line num="157" count="0" type="stmt"/>
        <line num="158" count="0" type="stmt"/>
        <line num="177" count="0" type="stmt"/>
        <line num="181" count="0" type="stmt"/>
        <line num="184" count="0" type="cond" truecount="0" falsecount="2"/>
        <line num="187" count="0" type="stmt"/>
        <line num="204" count="0" type="stmt"/>
        <line num="209" count="0" type="stmt"/>
      </file>
    </package>
  </project>
</coverage>
