{"/home/runner/work/Scrum-Poker/Scrum-Poker/components/Card.js": {"path":"/home/runner/work/Scrum-Poker/Scrum-Poker/components/Card.js","statementMap":{"0":{"start":{"line":7,"column":2},"end":{"line":29,"column":3}},"1":{"start":{"line":32,"column":0},"end":{"line":37,"column":1}},"2":{"start":{"line":39,"column":0},"end":{"line":57,"column":1}}},"fnMap":{"0":{"name":"Card","decl":{"start":{"line":6,"column":24},"end":{"line":6,"column":28}},"loc":{"start":{"line":6,"column":36},"end":{"line":30,"column":1}},"line":6}},"branchMap":{"0":{"loc":{"start":{"line":10,"column":8},"end":{"line":14,"column":69}},"type":"cond-expr","locations":[{"start":{"line":11,"column":12},"end":{"line":11,"column":71}},{"start":{"line":12,"column":12},"end":{"line":14,"column":69}}],"line":10},"1":{"loc":{"start":{"line":12,"column":12},"end":{"line":14,"column":69}},"type":"cond-expr","locations":[{"start":{"line":13,"column":12},"end":{"line":13,"column":29}},{"start":{"line":14,"column":12},"end":{"line":14,"column":69}}],"line":12}},"s":{"0":2,"1":2,"2":2},"f":{"0":2},"b":{"0":[2,0],"1":[0,0]},"_coverageSchema":"1a1c01bbd47fc00a2c39e90264f33305004495a9","hash":"f7713d76830b150f99cbcfe251f3a25790251289"}
,"/home/runner/work/Scrum-Poker/Scrum-Poker/components/Container.js": {"path":"/home/runner/work/Scrum-Poker/Scrum-Poker/components/Container.js","statementMap":{"0":{"start":{"line":7,"column":2},"end":{"line":13,"column":3}},"1":{"start":{"line":16,"column":0},"end":{"line":18,"column":1}},"2":{"start":{"line":20,"column":0},"end":{"line":23,"column":1}}},"fnMap":{"0":{"name":"Container","decl":{"start":{"line":6,"column":24},"end":{"line":6,"column":33}},"loc":{"start":{"line":6,"column":41},"end":{"line":14,"column":1}},"line":6}},"branchMap":{},"s":{"0":4,"1":2,"2":2},"f":{"0":4},"b":{},"_coverageSchema":"1a1c01bbd47fc00a2c39e90264f33305004495a9","hash":"1509d5c4108c419abf6b8d1f7fbfbb70c6dc2528"}
,"/home/runner/work/Scrum-Poker/Scrum-Poker/components/DateModified.js": {"path":"/home/runner/work/Scrum-Poker/Scrum-Poker/components/DateModified.js","statementMap":{"0":{"start":{"line":7,"column":2},"end":{"line":12,"column":3}},"1":{"start":{"line":15,"column":0},"end":{"line":18,"column":1}},"2":{"start":{"line":20,"column":0},"end":{"line":26,"column":1}}},"fnMap":{"0":{"name":"DateModified","decl":{"start":{"line":6,"column":24},"end":{"line":6,"column":36}},"loc":{"start":{"line":6,"column":44},"end":{"line":13,"column":1}},"line":6}},"branchMap":{},"s":{"0":11,"1":4,"2":4},"f":{"0":11},"b":{},"_coverageSchema":"1a1c01bbd47fc00a2c39e90264f33305004495a9","hash":"77d197a384c427997c1ead4c4b788e0175d297b4"}
,"/home/runner/work/Scrum-Poker/Scrum-Poker/components/ErrorLabel.js": {"path":"/home/runner/work/Scrum-Poker/Scrum-Poker/components/ErrorLabel.js","statementMap":{"0":{"start":{"line":7,"column":2},"end":{"line":13,"column":3}},"1":{"start":{"line":16,"column":0},"end":{"line":26,"column":1}}},"fnMap":{"0":{"name":"ErrorLabel","decl":{"start":{"line":6,"column":16},"end":{"line":6,"column":26}},"loc":{"start":{"line":6,"column":34},"end":{"line":14,"column":1}},"line":6}},"branchMap":{},"s":{"0":2,"1":2},"f":{"0":2},"b":{},"_coverageSchema":"1a1c01bbd47fc00a2c39e90264f33305004495a9","hash":"121ab63bc8f3a696e22bc73f5af0feab3f0cee5e"}
,"/home/runner/work/Scrum-Poker/Scrum-Poker/components/Footer.js": {"path":"/home/runner/work/Scrum-Poker/Scrum-Poker/components/Footer.js","statementMap":{"0":{"start":{"line":9,"column":2},"end":{"line":93,"column":3}},"1":{"start":{"line":26,"column":16},"end":{"line":44,"column":17}},"2":{"start":{"line":61,"column":18},"end":{"line":78,"column":19}},"3":{"start":{"line":96,"column":0},"end":{"line":134,"column":1}}},"fnMap":{"0":{"name":"Footer","decl":{"start":{"line":8,"column":24},"end":{"line":8,"column":30}},"loc":{"start":{"line":8,"column":38},"end":{"line":94,"column":1}},"line":8},"1":{"name":"(anonymous_1)","decl":{"start":{"line":25,"column":40},"end":{"line":25,"column":41}},"loc":{"start":{"line":25,"column":58},"end":{"line":45,"column":15}},"line":25},"2":{"name":"(anonymous_2)","decl":{"start":{"line":60,"column":33},"end":{"line":60,"column":34}},"loc":{"start":{"line":60,"column":51},"end":{"line":79,"column":17}},"line":60}},"branchMap":{"0":{"loc":{"start":{"line":65,"column":24},"end":{"line":67,"column":79}},"type":"cond-expr","locations":[{"start":{"line":66,"column":28},"end":{"line":66,"column":92}},{"start":{"line":67,"column":28},"end":{"line":67,"column":79}}],"line":65}},"s":{"0":9,"1":24,"2":40,"3":3},"f":{"0":9,"1":24,"2":40},"b":{"0":[9,31]},"_coverageSchema":"1a1c01bbd47fc00a2c39e90264f33305004495a9","hash":"ba15838ea60a10538052250b17e3effe0bfa0669"}
,"/home/runner/work/Scrum-Poker/Scrum-Poker/components/Header.js": {"path":"/home/runner/work/Scrum-Poker/Scrum-Poker/components/Header.js","statementMap":{"0":{"start":{"line":5,"column":2},"end":{"line":111,"column":3}},"1":{"start":{"line":121,"column":0},"end":{"line":156,"column":1}}},"fnMap":{"0":{"name":"Header","decl":{"start":{"line":4,"column":24},"end":{"line":4,"column":30}},"loc":{"start":{"line":4,"column":38},"end":{"line":112,"column":1}},"line":4}},"branchMap":{"0":{"loc":{"start":{"line":29,"column":18},"end":{"line":31,"column":39}},"type":"cond-expr","locations":[{"start":{"line":30,"column":22},"end":{"line":30,"column":39}},{"start":{"line":31,"column":22},"end":{"line":31,"column":39}}],"line":29},"1":{"loc":{"start":{"line":34,"column":18},"end":{"line":36,"column":46}},"type":"cond-expr","locations":[{"start":{"line":35,"column":22},"end":{"line":35,"column":44}},{"start":{"line":36,"column":22},"end":{"line":36,"column":46}}],"line":34},"2":{"loc":{"start":{"line":44,"column":20},"end":{"line":44,"column":47}},"type":"binary-expr","locations":[{"start":{"line":44,"column":20},"end":{"line":44,"column":40}},{"start":{"line":44,"column":44},"end":{"line":44,"column":47}}],"line":44},"3":{"loc":{"start":{"line":45,"column":22},"end":{"line":45,"column":59}},"type":"cond-expr","locations":[{"start":{"line":45,"column":48},"end":{"line":45,"column":52}},{"start":{"line":45,"column":55},"end":{"line":45,"column":59}}],"line":45},"4":{"loc":{"start":{"line":50,"column":22},"end":{"line":50,"column":59}},"type":"cond-expr","locations":[{"start":{"line":50,"column":48},"end":{"line":50,"column":52}},{"start":{"line":50,"column":55},"end":{"line":50,"column":59}}],"line":50},"5":{"loc":{"start":{"line":52,"column":17},"end":{"line":52,"column":54}},"type":"cond-expr","locations":[{"start":{"line":52,"column":43},"end":{"line":52,"column":47}},{"start":{"line":52,"column":50},"end":{"line":52,"column":54}}],"line":52},"6":{"loc":{"start":{"line":61,"column":20},"end":{"line":61,"column":47}},"type":"binary-expr","locations":[{"start":{"line":61,"column":20},"end":{"line":61,"column":40}},{"start":{"line":61,"column":44},"end":{"line":61,"column":47}}],"line":61},"7":{"loc":{"start":{"line":62,"column":22},"end":{"line":62,"column":59}},"type":"cond-expr","locations":[{"start":{"line":62,"column":48},"end":{"line":62,"column":52}},{"start":{"line":62,"column":55},"end":{"line":62,"column":59}}],"line":62},"8":{"loc":{"start":{"line":68,"column":22},"end":{"line":68,"column":59}},"type":"cond-expr","locations":[{"start":{"line":68,"column":48},"end":{"line":68,"column":52}},{"start":{"line":68,"column":55},"end":{"line":68,"column":59}}],"line":68},"9":{"loc":{"start":{"line":70,"column":17},"end":{"line":70,"column":65}},"type":"cond-expr","locations":[{"start":{"line":70,"column":43},"end":{"line":70,"column":53}},{"start":{"line":70,"column":56},"end":{"line":70,"column":65}}],"line":70}},"s":{"0":10,"1":3},"f":{"0":10},"b":{"0":[8,2],"1":[8,2],"2":[10,10],"3":[8,2],"4":[8,2],"5":[8,2],"6":[10,10],"7":[8,2],"8":[8,2],"9":[8,2]},"_coverageSchema":"1a1c01bbd47fc00a2c39e90264f33305004495a9","hash":"c8fd1f94d3750103134e07fc00f3a6c21302eb4b"}
,"/home/runner/work/Scrum-Poker/Scrum-Poker/components/Layout.js": {"path":"/home/runner/work/Scrum-Poker/Scrum-Poker/components/Layout.js","statementMap":{"0":{"start":{"line":10,"column":12},"end":{"line":10,"column":43}},"1":{"start":{"line":12,"column":2},"end":{"line":70,"column":3}},"2":{"start":{"line":77,"column":0},"end":{"line":79,"column":1}},"3":{"start":{"line":81,"column":0},"end":{"line":98,"column":1}}},"fnMap":{"0":{"name":"Layout","decl":{"start":{"line":9,"column":24},"end":{"line":9,"column":30}},"loc":{"start":{"line":9,"column":38},"end":{"line":71,"column":1}},"line":9}},"branchMap":{"0":{"loc":{"start":{"line":10,"column":12},"end":{"line":10,"column":43}},"type":"cond-expr","locations":[{"start":{"line":10,"column":36},"end":{"line":10,"column":38}},{"start":{"line":10,"column":41},"end":{"line":10,"column":43}}],"line":10}},"s":{"0":7,"1":7,"2":2,"3":2},"f":{"0":7},"b":{"0":[6,1]},"_coverageSchema":"1a1c01bbd47fc00a2c39e90264f33305004495a9","hash":"f6ffa25a354eae28d4300e17595912fdef0e1e11"}
,"/home/runner/work/Scrum-Poker/Scrum-Poker/components/MetaData.js": {"path":"/home/runner/work/Scrum-Poker/Scrum-Poker/components/MetaData.js","statementMap":{"0":{"start":{"line":5,"column":12},"end":{"line":5,"column":77}},"1":{"start":{"line":7,"column":2},"end":{"line":20,"column":3}}},"fnMap":{"0":{"name":"MetaData","decl":{"start":{"line":4,"column":24},"end":{"line":4,"column":32}},"loc":{"start":{"line":4,"column":40},"end":{"line":21,"column":1}},"line":4}},"branchMap":{"0":{"loc":{"start":{"line":5,"column":12},"end":{"line":5,"column":77}},"type":"cond-expr","locations":[{"start":{"line":5,"column":38},"end":{"line":5,"column":56}},{"start":{"line":5,"column":59},"end":{"line":5,"column":77}}],"line":5}},"s":{"0":9,"1":9},"f":{"0":9},"b":{"0":[8,1]},"_coverageSchema":"1a1c01bbd47fc00a2c39e90264f33305004495a9","hash":"ac505e5ec52131d6401073d880f6c8dc16c206fd"}
,"/home/runner/work/Scrum-Poker/Scrum-Poker/components/Player.js": {"path":"/home/runner/work/Scrum-Poker/Scrum-Poker/components/Player.js","statementMap":{"0":{"start":{"line":9,"column":2},"end":{"line":58,"column":3}},"1":{"start":{"line":61,"column":0},"end":{"line":73,"column":1}}},"fnMap":{"0":{"name":"Player","decl":{"start":{"line":8,"column":24},"end":{"line":8,"column":30}},"loc":{"start":{"line":8,"column":38},"end":{"line":59,"column":1}},"line":8}},"branchMap":{"0":{"loc":{"start":{"line":34,"column":9},"end":{"line":54,"column":9}},"type":"cond-expr","locations":[{"start":{"line":35,"column":10},"end":{"line":42,"column":12}},{"start":{"line":44,"column":10},"end":{"line":53,"column":16}}],"line":34}},"s":{"0":4,"1":1},"f":{"0":4},"b":{"0":[0,4]},"_coverageSchema":"1a1c01bbd47fc00a2c39e90264f33305004495a9","hash":"d61b2df6dc7f7633c953780078ac4d35f89cbeb3"}
,"/home/runner/work/Scrum-Poker/Scrum-Poker/components/RoomInfo.js": {"path":"/home/runner/work/Scrum-Poker/Scrum-Poker/components/RoomInfo.js","statementMap":{"0":{"start":{"line":9,"column":4},"end":{"line":16,"column":5}},"1":{"start":{"line":11,"column":8},"end":{"line":11,"column":70}},"2":{"start":{"line":14,"column":8},"end":{"line":14,"column":36}},"3":{"start":{"line":19,"column":2},"end":{"line":47,"column":3}},"4":{"start":{"line":30,"column":27},"end":{"line":30,"column":44}},"5":{"start":{"line":50,"column":0},"end":{"line":61,"column":1}},"6":{"start":{"line":63,"column":0},"end":{"line":78,"column":1}}},"fnMap":{"0":{"name":"RoomInfo","decl":{"start":{"line":5,"column":24},"end":{"line":5,"column":32}},"loc":{"start":{"line":5,"column":40},"end":{"line":48,"column":1}},"line":5},"1":{"name":"copyToClipboard","decl":{"start":{"line":8,"column":11},"end":{"line":8,"column":26}},"loc":{"start":{"line":8,"column":29},"end":{"line":17,"column":3}},"line":8},"2":{"name":"(anonymous_2)","decl":{"start":{"line":10,"column":6},"end":{"line":10,"column":7}},"loc":{"start":{"line":10,"column":18},"end":{"line":12,"column":7}},"line":10},"3":{"name":"(anonymous_3)","decl":{"start":{"line":13,"column":6},"end":{"line":13,"column":7}},"loc":{"start":{"line":13,"column":18},"end":{"line":15,"column":7}},"line":13},"4":{"name":"(anonymous_4)","decl":{"start":{"line":30,"column":21},"end":{"line":30,"column":22}},"loc":{"start":{"line":30,"column":27},"end":{"line":30,"column":44}},"line":30}},"branchMap":{},"s":{"0":0,"1":0,"2":0,"3":2,"4":0,"5":1,"6":1},"f":{"0":2,"1":0,"2":0,"3":0,"4":0},"b":{},"_coverageSchema":"1a1c01bbd47fc00a2c39e90264f33305004495a9","hash":"7e76b0698e342b02425e8cf23d0d04473d68b82c"}
,"/home/runner/work/Scrum-Poker/Scrum-Poker/components/TextInput.js": {"path":"/home/runner/work/Scrum-Poker/Scrum-Poker/components/TextInput.js","statementMap":{"0":{"start":{"line":4,"column":2},"end":{"line":20,"column":3}},"1":{"start":{"line":23,"column":0},"end":{"line":27,"column":1}},"2":{"start":{"line":29,"column":0},"end":{"line":38,"column":1}}},"fnMap":{"0":{"name":"TextInput","decl":{"start":{"line":3,"column":24},"end":{"line":3,"column":33}},"loc":{"start":{"line":3,"column":41},"end":{"line":21,"column":1}},"line":3}},"branchMap":{},"s":{"0":5,"1":2,"2":2},"f":{"0":5},"b":{},"_coverageSchema":"1a1c01bbd47fc00a2c39e90264f33305004495a9","hash":"63038fab6f8702ca30885d4049300e3bba026c45"}
,"/home/runner/work/Scrum-Poker/Scrum-Poker/components/UserList.js": {"path":"/home/runner/work/Scrum-Poker/Scrum-Poker/components/UserList.js","statementMap":{"0":{"start":{"line":8,"column":21},"end":{"line":12,"column":3}},"1":{"start":{"line":14,"column":26},"end":{"line":14,"column":79}},"2":{"start":{"line":14,"column":37},"end":{"line":14,"column":79}},"3":{"start":{"line":14,"column":58},"end":{"line":14,"column":78}},"4":{"start":{"line":16,"column":25},"end":{"line":43,"column":4}},"5":{"start":{"line":17,"column":4},"end":{"line":42,"column":9}},"6":{"start":{"line":44,"column":2},"end":{"line":55,"column":3}},"7":{"start":{"line":58,"column":0},"end":{"line":83,"column":1}}},"fnMap":{"0":{"name":"UserList","decl":{"start":{"line":7,"column":24},"end":{"line":7,"column":32}},"loc":{"start":{"line":7,"column":40},"end":{"line":56,"column":1}},"line":7},"1":{"name":"(anonymous_1)","decl":{"start":{"line":14,"column":26},"end":{"line":14,"column":27}},"loc":{"start":{"line":14,"column":37},"end":{"line":14,"column":79}},"line":14},"2":{"name":"(anonymous_2)","decl":{"start":{"line":14,"column":48},"end":{"line":14,"column":49}},"loc":{"start":{"line":14,"column":58},"end":{"line":14,"column":78}},"line":14},"3":{"name":"(anonymous_3)","decl":{"start":{"line":16,"column":44},"end":{"line":16,"column":45}},"loc":{"start":{"line":17,"column":4},"end":{"line":42,"column":9}},"line":17}},"branchMap":{"0":{"loc":{"start":{"line":18,"column":7},"end":{"line":41,"column":7}},"type":"cond-expr","locations":[{"start":{"line":20,"column":8},"end":{"line":25,"column":10}},{"start":{"line":29,"column":8},"end":{"line":40,"column":10}}],"line":18},"1":{"loc":{"start":{"line":32,"column":12},"end":{"line":36,"column":20}},"type":"cond-expr","locations":[{"start":{"line":33,"column":16},"end":{"line":35,"column":28}},{"start":{"line":36,"column":16},"end":{"line":36,"column":20}}],"line":32},"2":{"loc":{"start":{"line":33,"column":16},"end":{"line":35,"column":28}},"type":"cond-expr","locations":[{"start":{"line":34,"column":18},"end":{"line":34,"column":46}},{"start":{"line":35,"column":18},"end":{"line":35,"column":28}}],"line":33},"3":{"loc":{"start":{"line":51,"column":9},"end":{"line":51,"column":45}},"type":"cond-expr","locations":[{"start":{"line":51,"column":26},"end":{"line":51,"column":40}},{"start":{"line":51,"column":43},"end":{"line":51,"column":45}}],"line":51}},"s":{"0":0,"1":0,"2":0,"3":0,"4":0,"5":0,"6":0,"7":0},"f":{"0":0,"1":0,"2":0,"3":0},"b":{"0":[0,0],"1":[0,0],"2":[0,0],"3":[0,0]}}
,"/home/runner/work/Scrum-Poker/Scrum-Poker/pages/404.js": {"path":"/home/runner/work/Scrum-Poker/Scrum-Poker/pages/404.js","statementMap":{"0":{"start":{"line":4,"column":2},"end":{"line":54,"column":3}},"1":{"start":{"line":59,"column":15},"end":{"line":72,"column":3}},"2":{"start":{"line":74,"column":2},"end":{"line":76,"column":3}}},"fnMap":{"0":{"name":"Custom404","decl":{"start":{"line":3,"column":24},"end":{"line":3,"column":33}},"loc":{"start":{"line":3,"column":36},"end":{"line":55,"column":1}},"line":3},"1":{"name":"getStaticProps","decl":{"start":{"line":57,"column":22},"end":{"line":57,"column":36}},"loc":{"start":{"line":57,"column":49},"end":{"line":77,"column":1}},"line":57}},"branchMap":{},"s":{"0":1,"1":1,"2":1},"f":{"0":1,"1":1},"b":{},"_coverageSchema":"1a1c01bbd47fc00a2c39e90264f33305004495a9","hash":"4f96716a1a627b26c5f2a6e8aa58182332471132"}
,"/home/runner/work/Scrum-Poker/Scrum-Poker/pages/_app.js": {"path":"/home/runner/work/Scrum-Poker/Scrum-Poker/pages/_app.js","statementMap":{},"fnMap":{"0":{"name":"MyApp","decl":{"start":{"line":7,"column":9},"end":{"line":7,"column":14}},"loc":{"start":{"line":7,"column":41},"end":{"line":25,"column":1}},"line":7}},"branchMap":{},"s":{},"f":{"0":1},"b":{},"_coverageSchema":"1a1c01bbd47fc00a2c39e90264f33305004495a9","hash":"a07b3499d3f0b1cb8acb3472fd5db958fb50ae8e"}
,"/home/runner/work/Scrum-Poker/Scrum-Poker/pages/_error.js": {"path":"/home/runner/work/Scrum-Poker/Scrum-Poker/pages/_error.js","statementMap":{"0":{"start":{"line":4,"column":2},"end":{"line":62,"column":3}}},"fnMap":{"0":{"name":"CustomError","decl":{"start":{"line":3,"column":9},"end":{"line":3,"column":20}},"loc":{"start":{"line":3,"column":37},"end":{"line":63,"column":1}},"line":3}},"branchMap":{"0":{"loc":{"start":{"line":9,"column":11},"end":{"line":11,"column":43}},"type":"cond-expr","locations":[{"start":{"line":10,"column":14},"end":{"line":10,"column":57}},{"start":{"line":11,"column":14},"end":{"line":11,"column":43}}],"line":9},"1":{"loc":{"start":{"line":37,"column":11},"end":{"line":39,"column":45}},"type":"cond-expr","locations":[{"start":{"line":38,"column":14},"end":{"line":38,"column":36}},{"start":{"line":39,"column":14},"end":{"line":39,"column":45}}],"line":37}},"s":{"0":2},"f":{"0":2},"b":{"0":[1,1],"1":[1,1]},"_coverageSchema":"1a1c01bbd47fc00a2c39e90264f33305004495a9","hash":"59517d70950cea740a64ce9c15b349c82fb72784"}
,"/home/runner/work/Scrum-Poker/Scrum-Poker/pages/home.js": {"path":"/home/runner/work/Scrum-Poker/Scrum-Poker/pages/home.js","statementMap":{"0":{"start":{"line":22,"column":48},"end":{"line":22,"column":67}},"1":{"start":{"line":23,"column":44},"end":{"line":23,"column":63}},"2":{"start":{"line":25,"column":17},"end":{"line":25,"column":28}},"3":{"start":{"line":29,"column":20},"end":{"line":29,"column":47}},"4":{"start":{"line":30,"column":20},"end":{"line":30,"column":47}},"5":{"start":{"line":31,"column":24},"end":{"line":31,"column":48}},"6":{"start":{"line":32,"column":23},"end":{"line":32,"column":53}},"7":{"start":{"line":33,"column":25},"end":{"line":33,"column":53}},"8":{"start":{"line":35,"column":27},"end":{"line":125,"column":3}},"9":{"start":{"line":37,"column":4},"end":{"line":37,"column":22}},"10":{"start":{"line":39,"column":19},"end":{"line":39,"column":36}},"11":{"start":{"line":40,"column":15},"end":{"line":40,"column":80}},"12":{"start":{"line":42,"column":4},"end":{"line":124,"column":5}},"13":{"start":{"line":44,"column":6},"end":{"line":50,"column":7}},"14":{"start":{"line":45,"column":8},"end":{"line":45,"column":32}},"15":{"start":{"line":48,"column":11},"end":{"line":50,"column":7}},"16":{"start":{"line":49,"column":8},"end":{"line":49,"column":32}},"17":{"start":{"line":53,"column":25},"end":{"line":57,"column":8}},"18":{"start":{"line":56,"column":8},"end":{"line":56,"column":42}},"19":{"start":{"line":59,"column":6},"end":{"line":64,"column":7}},"20":{"start":{"line":60,"column":8},"end":{"line":60,"column":43}},"21":{"start":{"line":61,"column":8},"end":{"line":61,"column":44}},"22":{"start":{"line":63,"column":8},"end":{"line":63,"column":42}},"23":{"start":{"line":67,"column":29},"end":{"line":71,"column":8}},"24":{"start":{"line":70,"column":8},"end":{"line":70,"column":42}},"25":{"start":{"line":73,"column":23},"end":{"line":73,"column":25}},"26":{"start":{"line":74,"column":6},"end":{"line":83,"column":7}},"27":{"start":{"line":75,"column":8},"end":{"line":77,"column":10}},"28":{"start":{"line":76,"column":10},"end":{"line":76,"column":42}},"29":{"start":{"line":78,"column":8},"end":{"line":80,"column":9}},"30":{"start":{"line":79,"column":10},"end":{"line":79,"column":33}},"31":{"start":{"line":82,"column":8},"end":{"line":82,"column":42}},"32":{"start":{"line":85,"column":28},"end":{"line":93,"column":8}},"33":{"start":{"line":92,"column":8},"end":{"line":92,"column":42}},"34":{"start":{"line":95,"column":6},"end":{"line":96,"column":42}},"35":{"start":{"line":96,"column":8},"end":{"line":96,"column":42}},"36":{"start":{"line":98,"column":28},"end":{"line":109,"column":8}},"37":{"start":{"line":108,"column":8},"end":{"line":108,"column":42}},"38":{"start":{"line":111,"column":6},"end":{"line":121,"column":7}},"39":{"start":{"line":112,"column":8},"end":{"line":118,"column":12}},"40":{"start":{"line":117,"column":12},"end":{"line":117,"column":46}},"41":{"start":{"line":120,"column":8},"end":{"line":120,"column":42}},"42":{"start":{"line":123,"column":6},"end":{"line":123,"column":25}},"43":{"start":{"line":127,"column":26},"end":{"line":193,"column":3}},"44":{"start":{"line":129,"column":4},"end":{"line":129,"column":22}},"45":{"start":{"line":131,"column":19},"end":{"line":131,"column":30}},"46":{"start":{"line":132,"column":15},"end":{"line":132,"column":80}},"47":{"start":{"line":134,"column":4},"end":{"line":192,"column":5}},"48":{"start":{"line":136,"column":6},"end":{"line":142,"column":7}},"49":{"start":{"line":137,"column":8},"end":{"line":137,"column":32}},"50":{"start":{"line":140,"column":11},"end":{"line":142,"column":7}},"51":{"start":{"line":141,"column":8},"end":{"line":141,"column":32}},"52":{"start":{"line":145,"column":25},"end":{"line":149,"column":8}},"53":{"start":{"line":148,"column":8},"end":{"line":148,"column":42}},"54":{"start":{"line":151,"column":6},"end":{"line":156,"column":7}},"55":{"start":{"line":152,"column":8},"end":{"line":152,"column":43}},"56":{"start":{"line":153,"column":8},"end":{"line":153,"column":44}},"57":{"start":{"line":155,"column":8},"end":{"line":155,"column":42}},"58":{"start":{"line":158,"column":25},"end":{"line":162,"column":8}},"59":{"start":{"line":161,"column":8},"end":{"line":161,"column":42}},"60":{"start":{"line":164,"column":6},"end":{"line":164,"column":78}},"61":{"start":{"line":164,"column":44},"end":{"line":164,"column":78}},"62":{"start":{"line":166,"column":28},"end":{"line":177,"column":8}},"63":{"start":{"line":176,"column":8},"end":{"line":176,"column":42}},"64":{"start":{"line":179,"column":6},"end":{"line":189,"column":7}},"65":{"start":{"line":180,"column":8},"end":{"line":186,"column":12}},"66":{"start":{"line":185,"column":12},"end":{"line":185,"column":46}},"67":{"start":{"line":188,"column":8},"end":{"line":188,"column":42}},"68":{"start":{"line":191,"column":6},"end":{"line":191,"column":27}},"69":{"start":{"line":194,"column":2},"end":{"line":268,"column":3}},"70":{"start":{"line":274,"column":15},"end":{"line":287,"column":3}},"71":{"start":{"line":288,"column":2},"end":{"line":290,"column":3}},"72":{"start":{"line":292,"column":0},"end":{"line":301,"column":1}}},"fnMap":{"0":{"name":"Home","decl":{"start":{"line":18,"column":24},"end":{"line":18,"column":28}},"loc":{"start":{"line":18,"column":36},"end":{"line":269,"column":1}},"line":18},"1":{"name":"(anonymous_1)","decl":{"start":{"line":35,"column":27},"end":{"line":35,"column":28}},"loc":{"start":{"line":35,"column":40},"end":{"line":125,"column":3}},"line":35},"2":{"name":"(anonymous_2)","decl":{"start":{"line":55,"column":15},"end":{"line":55,"column":16}},"loc":{"start":{"line":55,"column":22},"end":{"line":57,"column":7}},"line":55},"3":{"name":"(anonymous_3)","decl":{"start":{"line":69,"column":15},"end":{"line":69,"column":16}},"loc":{"start":{"line":69,"column":22},"end":{"line":71,"column":7}},"line":69},"4":{"name":"(anonymous_4)","decl":{"start":{"line":75,"column":51},"end":{"line":75,"column":52}},"loc":{"start":{"line":75,"column":61},"end":{"line":77,"column":9}},"line":75},"5":{"name":"(anonymous_5)","decl":{"start":{"line":91,"column":15},"end":{"line":91,"column":16}},"loc":{"start":{"line":91,"column":22},"end":{"line":93,"column":7}},"line":91},"6":{"name":"(anonymous_6)","decl":{"start":{"line":107,"column":15},"end":{"line":107,"column":16}},"loc":{"start":{"line":107,"column":22},"end":{"line":109,"column":7}},"line":107},"7":{"name":"(anonymous_7)","decl":{"start":{"line":116,"column":17},"end":{"line":116,"column":18}},"loc":{"start":{"line":116,"column":24},"end":{"line":118,"column":11}},"line":116},"8":{"name":"(anonymous_8)","decl":{"start":{"line":127,"column":26},"end":{"line":127,"column":27}},"loc":{"start":{"line":127,"column":39},"end":{"line":193,"column":3}},"line":127},"9":{"name":"(anonymous_9)","decl":{"start":{"line":147,"column":15},"end":{"line":147,"column":16}},"loc":{"start":{"line":147,"column":22},"end":{"line":149,"column":7}},"line":147},"10":{"name":"(anonymous_10)","decl":{"start":{"line":160,"column":15},"end":{"line":160,"column":16}},"loc":{"start":{"line":160,"column":22},"end":{"line":162,"column":7}},"line":160},"11":{"name":"(anonymous_11)","decl":{"start":{"line":175,"column":15},"end":{"line":175,"column":16}},"loc":{"start":{"line":175,"column":22},"end":{"line":177,"column":7}},"line":175},"12":{"name":"(anonymous_12)","decl":{"start":{"line":184,"column":17},"end":{"line":184,"column":18}},"loc":{"start":{"line":184,"column":24},"end":{"line":186,"column":11}},"line":184},"13":{"name":"getStaticProps","decl":{"start":{"line":270,"column":22},"end":{"line":270,"column":36}},"loc":{"start":{"line":270,"column":49},"end":{"line":291,"column":1}},"line":270}},"branchMap":{"0":{"loc":{"start":{"line":40,"column":15},"end":{"line":40,"column":80}},"type":"binary-expr","locations":[{"start":{"line":40,"column":15},"end":{"line":40,"column":67}},{"start":{"line":40,"column":71},"end":{"line":40,"column":80}}],"line":40},"1":{"loc":{"start":{"line":44,"column":6},"end":{"line":50,"column":7}},"type":"if","locations":[{"start":{"line":44,"column":6},"end":{"line":50,"column":7}},{"start":{"line":48,"column":11},"end":{"line":50,"column":7}}],"line":44},"2":{"loc":{"start":{"line":48,"column":11},"end":{"line":50,"column":7}},"type":"if","locations":[{"start":{"line":48,"column":11},"end":{"line":50,"column":7}},{"start":{},"end":{}}],"line":48},"3":{"loc":{"start":{"line":59,"column":6},"end":{"line":64,"column":7}},"type":"if","locations":[{"start":{"line":59,"column":6},"end":{"line":64,"column":7}},{"start":{"line":62,"column":13},"end":{"line":64,"column":7}}],"line":59},"4":{"loc":{"start":{"line":74,"column":6},"end":{"line":83,"column":7}},"type":"if","locations":[{"start":{"line":74,"column":6},"end":{"line":83,"column":7}},{"start":{"line":81,"column":13},"end":{"line":83,"column":7}}],"line":74},"5":{"loc":{"start":{"line":78,"column":8},"end":{"line":80,"column":9}},"type":"if","locations":[{"start":{"line":78,"column":8},"end":{"line":80,"column":9}},{"start":{},"end":{}}],"line":78},"6":{"loc":{"start":{"line":95,"column":6},"end":{"line":96,"column":42}},"type":"if","locations":[{"start":{"line":95,"column":6},"end":{"line":96,"column":42}},{"start":{},"end":{}}],"line":95},"7":{"loc":{"start":{"line":111,"column":6},"end":{"line":121,"column":7}},"type":"if","locations":[{"start":{"line":111,"column":6},"end":{"line":121,"column":7}},{"start":{"line":119,"column":13},"end":{"line":121,"column":7}}],"line":111},"8":{"loc":{"start":{"line":132,"column":15},"end":{"line":132,"column":80}},"type":"binary-expr","locations":[{"start":{"line":132,"column":15},"end":{"line":132,"column":67}},{"start":{"line":132,"column":71},"end":{"line":132,"column":80}}],"line":132},"9":{"loc":{"start":{"line":136,"column":6},"end":{"line":142,"column":7}},"type":"if","locations":[{"start":{"line":136,"column":6},"end":{"line":142,"column":7}},{"start":{"line":140,"column":11},"end":{"line":142,"column":7}}],"line":136},"10":{"loc":{"start":{"line":140,"column":11},"end":{"line":142,"column":7}},"type":"if","locations":[{"start":{"line":140,"column":11},"end":{"line":142,"column":7}},{"start":{},"end":{}}],"line":140},"11":{"loc":{"start":{"line":151,"column":6},"end":{"line":156,"column":7}},"type":"if","locations":[{"start":{"line":151,"column":6},"end":{"line":156,"column":7}},{"start":{"line":154,"column":13},"end":{"line":156,"column":7}}],"line":151},"12":{"loc":{"start":{"line":164,"column":6},"end":{"line":164,"column":78}},"type":"if","locations":[{"start":{"line":164,"column":6},"end":{"line":164,"column":78}},{"start":{},"end":{}}],"line":164},"13":{"loc":{"start":{"line":179,"column":6},"end":{"line":189,"column":7}},"type":"if","locations":[{"start":{"line":179,"column":6},"end":{"line":189,"column":7}},{"start":{"line":187,"column":13},"end":{"line":189,"column":7}}],"line":179},"14":{"loc":{"start":{"line":196,"column":7},"end":{"line":198,"column":19}},"type":"cond-expr","locations":[{"start":{"line":197,"column":8},"end":{"line":197,"column":62}},{"start":{"line":198,"column":10},"end":{"line":198,"column":19}}],"line":196},"15":{"loc":{"start":{"line":203,"column":10},"end":{"line":203,"column":45}},"type":"cond-expr","locations":[{"start":{"line":203,"column":31},"end":{"line":203,"column":40}},{"start":{"line":203,"column":43},"end":{"line":203,"column":45}}],"line":203},"16":{"loc":{"start":{"line":218,"column":13},"end":{"line":220,"column":25}},"type":"cond-expr","locations":[{"start":{"line":219,"column":14},"end":{"line":219,"column":65}},{"start":{"line":220,"column":16},"end":{"line":220,"column":25}}],"line":218},"17":{"loc":{"start":{"line":245,"column":13},"end":{"line":247,"column":25}},"type":"cond-expr","locations":[{"start":{"line":246,"column":14},"end":{"line":246,"column":63}},{"start":{"line":247,"column":16},"end":{"line":247,"column":25}}],"line":245}},"s":{"0":1,"1":1,"2":1,"3":1,"4":1,"5":1,"6":1,"7":1,"8":1,"9":0,"10":0,"11":0,"12":0,"13":0,"14":0,"15":0,"16":0,"17":0,"18":0,"19":0,"20":0,"21":0,"22":0,"23":0,"24":0,"25":0,"26":0,"27":0,"28":0,"29":0,"30":0,"31":0,"32":0,"33":0,"34":0,"35":0,"36":0,"37":0,"38":0,"39":0,"40":0,"41":0,"42":0,"43":1,"44":0,"45":0,"46":0,"47":0,"48":0,"49":0,"50":0,"51":0,"52":0,"53":0,"54":0,"55":0,"56":0,"57":0,"58":0,"59":0,"60":0,"61":0,"62":0,"63":0,"64":0,"65":0,"66":0,"67":0,"68":0,"69":1,"70":1,"71":1,"72":1},"f":{"0":1,"1":0,"2":0,"3":0,"4":0,"5":0,"6":0,"7":0,"8":0,"9":0,"10":0,"11":0,"12":0,"13":1},"b":{"0":[0,0],"1":[0,0],"2":[0,0],"3":[0,0],"4":[0,0],"5":[0,0],"6":[0,0],"7":[0,0],"8":[0,0],"9":[0,0],"10":[0,0],"11":[0,0],"12":[0,0],"13":[0,0],"14":[0,1],"15":[0,1],"16":[0,1],"17":[0,1]},"_coverageSchema":"1a1c01bbd47fc00a2c39e90264f33305004495a9","hash":"ecfb7e3a28eb178c1130f4984a5b3aa8441aa6b0"}
,"/home/runner/work/Scrum-Poker/Scrum-Poker/pages/index.js": {"path":"/home/runner/work/Scrum-Poker/Scrum-Poker/pages/index.js","statementMap":{"0":{"start":{"line":5,"column":2},"end":{"line":78,"column":3}},"1":{"start":{"line":82,"column":0},"end":{"line":84,"column":1}},"2":{"start":{"line":83,"column":2},"end":{"line":83,"column":20}},"3":{"start":{"line":90,"column":15},"end":{"line":103,"column":3}},"4":{"start":{"line":105,"column":2},"end":{"line":107,"column":3}}},"fnMap":{"0":{"name":"Index","decl":{"start":{"line":4,"column":24},"end":{"line":4,"column":29}},"loc":{"start":{"line":4,"column":37},"end":{"line":79,"column":1}},"line":4},"1":{"name":"PageLayout","decl":{"start":{"line":82,"column":27},"end":{"line":82,"column":37}},"loc":{"start":{"line":82,"column":44},"end":{"line":84,"column":1}},"line":82},"2":{"name":"getStaticProps","decl":{"start":{"line":86,"column":22},"end":{"line":86,"column":36}},"loc":{"start":{"line":86,"column":49},"end":{"line":108,"column":1}},"line":86}},"branchMap":{},"s":{"0":2,"1":2,"2":1,"3":1,"4":1},"f":{"0":2,"1":1,"2":1},"b":{},"_coverageSchema":"1a1c01bbd47fc00a2c39e90264f33305004495a9","hash":"98fd75f2d3d9ad5a6a3f221e56e2412e36d0531d"}
,"/home/runner/work/Scrum-Poker/Scrum-Poker/pages/api/metrics.js": {"path":"/home/runner/work/Scrum-Poker/Scrum-Poker/pages/api/metrics.js","statementMap":{},"fnMap":{},"branchMap":{},"s":{},"f":{},"b":{}}
,"/home/runner/work/Scrum-Poker/Scrum-Poker/pages/room/[id].js": {"path":"/home/runner/work/Scrum-Poker/Scrum-Poker/pages/room/[id].js","statementMap":{"0":{"start":{"line":17,"column":21},"end":{"line":26,"column":1}},"1":{"start":{"line":29,"column":12},"end":{"line":29,"column":43}},"2":{"start":{"line":30,"column":17},"end":{"line":30,"column":28}},"3":{"start":{"line":31,"column":24},"end":{"line":31,"column":48}},"4":{"start":{"line":32,"column":23},"end":{"line":32,"column":47}},"5":{"start":{"line":33,"column":26},"end":{"line":33,"column":46}},"6":{"start":{"line":34,"column":28},"end":{"line":34,"column":49}},"7":{"start":{"line":35,"column":30},"end":{"line":35,"column":44}},"8":{"start":{"line":36,"column":22},"end":{"line":40,"column":3}},"9":{"start":{"line":37,"column":4},"end":{"line":39,"column":6}},"10":{"start":{"line":38,"column":6},"end":{"line":38,"column":31}},"11":{"start":{"line":42,"column":22},"end":{"line":72,"column":3}},"12":{"start":{"line":43,"column":4},"end":{"line":43,"column":22}},"13":{"start":{"line":46,"column":4},"end":{"line":71,"column":5}},"14":{"start":{"line":47,"column":6},"end":{"line":58,"column":8}},"15":{"start":{"line":48,"column":8},"end":{"line":57,"column":10}},"16":{"start":{"line":61,"column":6},"end":{"line":67,"column":8}},"17":{"start":{"line":70,"column":6},"end":{"line":70,"column":20}},"18":{"start":{"line":74,"column":2},"end":{"line":96,"column":8}},"19":{"start":{"line":76,"column":6},"end":{"line":76,"column":66}},"20":{"start":{"line":78,"column":4},"end":{"line":95,"column":5}},"21":{"start":{"line":79,"column":6},"end":{"line":82,"column":8}},"22":{"start":{"line":85,"column":27},"end":{"line":85,"column":50}},"23":{"start":{"line":86,"column":6},"end":{"line":91,"column":7}},"24":{"start":{"line":87,"column":8},"end":{"line":90,"column":10}},"25":{"start":{"line":94,"column":6},"end":{"line":94,"column":27}},"26":{"start":{"line":99,"column":27},"end":{"line":101,"column":4}},"27":{"start":{"line":102,"column":2},"end":{"line":123,"column":24}},"28":{"start":{"line":103,"column":4},"end":{"line":105,"column":5}},"29":{"start":{"line":106,"column":4},"end":{"line":108,"column":5}},"30":{"start":{"line":109,"column":4},"end":{"line":122,"column":5}},"31":{"start":{"line":110,"column":22},"end":{"line":110,"column":27}},"32":{"start":{"line":111,"column":25},"end":{"line":117,"column":8}},"33":{"start":{"line":112,"column":8},"end":{"line":115,"column":9}},"34":{"start":{"line":113,"column":10},"end":{"line":113,"column":26}},"35":{"start":{"line":114,"column":10},"end":{"line":114,"column":51}},"36":{"start":{"line":116,"column":8},"end":{"line":116,"column":19}},"37":{"start":{"line":118,"column":6},"end":{"line":120,"column":7}},"38":{"start":{"line":119,"column":8},"end":{"line":119,"column":76}},"39":{"start":{"line":121,"column":6},"end":{"line":121,"column":28}},"40":{"start":{"line":126,"column":27},"end":{"line":128,"column":4}},"41":{"start":{"line":129,"column":2},"end":{"line":142,"column":24}},"42":{"start":{"line":130,"column":4},"end":{"line":141,"column":5}},"43":{"start":{"line":131,"column":30},"end":{"line":131,"column":51}},"44":{"start":{"line":132,"column":30},"end":{"line":139,"column":7}},"45":{"start":{"line":136,"column":10},"end":{"line":136,"column":24}},"46":{"start":{"line":140,"column":6},"end":{"line":140,"column":30}},"47":{"start":{"line":144,"column":29},"end":{"line":162,"column":3}},"48":{"start":{"line":145,"column":28},"end":{"line":150,"column":5}},"49":{"start":{"line":151,"column":4},"end":{"line":161,"column":5}},"50":{"start":{"line":152,"column":28},"end":{"line":158,"column":8}},"51":{"start":{"line":157,"column":8},"end":{"line":157,"column":15}},"52":{"start":{"line":160,"column":6},"end":{"line":160,"column":20}},"53":{"start":{"line":163,"column":2},"end":{"line":256,"column":3}},"54":{"start":{"line":189,"column":10},"end":{"line":204,"column":11}},"55":{"start":{"line":195,"column":32},"end":{"line":195,"column":59}},"56":{"start":{"line":197,"column":18},"end":{"line":199,"column":19}},"57":{"start":{"line":198,"column":20},"end":{"line":198,"column":47}},"58":{"start":{"line":213,"column":14},"end":{"line":219,"column":16}},"59":{"start":{"line":228,"column":14},"end":{"line":234,"column":16}},"60":{"start":{"line":260,"column":17},"end":{"line":260,"column":26}},"61":{"start":{"line":263,"column":4},"end":{"line":263,"column":68}},"62":{"start":{"line":266,"column":15},"end":{"line":279,"column":3}},"63":{"start":{"line":282,"column":24},"end":{"line":285,"column":4}},"64":{"start":{"line":286,"column":19},"end":{"line":286,"column":47}},"65":{"start":{"line":287,"column":2},"end":{"line":294,"column":3}},"66":{"start":{"line":288,"column":4},"end":{"line":293,"column":5}},"67":{"start":{"line":295,"column":15},"end":{"line":302,"column":3}},"68":{"start":{"line":299,"column":6},"end":{"line":299,"column":20}},"69":{"start":{"line":304,"column":16},"end":{"line":304,"column":30}},"70":{"start":{"line":306,"column":2},"end":{"line":308,"column":3}},"71":{"start":{"line":311,"column":0},"end":{"line":316,"column":1}}},"fnMap":{"0":{"name":"Room","decl":{"start":{"line":28,"column":24},"end":{"line":28,"column":28}},"loc":{"start":{"line":28,"column":36},"end":{"line":257,"column":1}},"line":28},"1":{"name":"(anonymous_1)","decl":{"start":{"line":36,"column":22},"end":{"line":36,"column":23}},"loc":{"start":{"line":36,"column":34},"end":{"line":40,"column":3}},"line":36},"2":{"name":"(anonymous_2)","decl":{"start":{"line":37,"column":22},"end":{"line":37,"column":23}},"loc":{"start":{"line":37,"column":32},"end":{"line":39,"column":5}},"line":37},"3":{"name":"(anonymous_3)","decl":{"start":{"line":42,"column":22},"end":{"line":42,"column":23}},"loc":{"start":{"line":42,"column":29},"end":{"line":72,"column":3}},"line":42},"4":{"name":"(anonymous_4)","decl":{"start":{"line":47,"column":20},"end":{"line":47,"column":21}},"loc":{"start":{"line":47,"column":30},"end":{"line":58,"column":7}},"line":47},"5":{"name":"(anonymous_5)","decl":{"start":{"line":74,"column":12},"end":{"line":74,"column":13}},"loc":{"start":{"line":74,"column":18},"end":{"line":96,"column":3}},"line":74},"6":{"name":"(anonymous_6)","decl":{"start":{"line":102,"column":12},"end":{"line":102,"column":13}},"loc":{"start":{"line":102,"column":18},"end":{"line":123,"column":3}},"line":102},"7":{"name":"(anonymous_7)","decl":{"start":{"line":111,"column":35},"end":{"line":111,"column":36}},"loc":{"start":{"line":111,"column":45},"end":{"line":117,"column":7}},"line":111},"8":{"name":"(anonymous_8)","decl":{"start":{"line":129,"column":12},"end":{"line":129,"column":13}},"loc":{"start":{"line":129,"column":18},"end":{"line":142,"column":3}},"line":129},"9":{"name":"(anonymous_9)","decl":{"start":{"line":135,"column":39},"end":{"line":135,"column":40}},"loc":{"start":{"line":135,"column":49},"end":{"line":137,"column":9}},"line":135},"10":{"name":"(anonymous_10)","decl":{"start":{"line":144,"column":29},"end":{"line":144,"column":30}},"loc":{"start":{"line":144,"column":48},"end":{"line":162,"column":3}},"line":144},"11":{"name":"(anonymous_11)","decl":{"start":{"line":156,"column":15},"end":{"line":156,"column":16}},"loc":{"start":{"line":156,"column":22},"end":{"line":158,"column":7}},"line":156},"12":{"name":"(anonymous_12)","decl":{"start":{"line":188,"column":19},"end":{"line":188,"column":20}},"loc":{"start":{"line":188,"column":29},"end":{"line":205,"column":9}},"line":188},"13":{"name":"(anonymous_13)","decl":{"start":{"line":195,"column":25},"end":{"line":195,"column":26}},"loc":{"start":{"line":195,"column":32},"end":{"line":195,"column":59}},"line":195},"14":{"name":"(anonymous_14)","decl":{"start":{"line":196,"column":27},"end":{"line":196,"column":28}},"loc":{"start":{"line":196,"column":34},"end":{"line":200,"column":17}},"line":196},"15":{"name":"(anonymous_15)","decl":{"start":{"line":212,"column":21},"end":{"line":212,"column":22}},"loc":{"start":{"line":213,"column":14},"end":{"line":219,"column":16}},"line":213},"16":{"name":"(anonymous_16)","decl":{"start":{"line":227,"column":21},"end":{"line":227,"column":22}},"loc":{"start":{"line":228,"column":14},"end":{"line":234,"column":16}},"line":228},"17":{"name":"getServerSideProps","decl":{"start":{"line":259,"column":22},"end":{"line":259,"column":40}},"loc":{"start":{"line":259,"column":61},"end":{"line":309,"column":1}},"line":259},"18":{"name":"(anonymous_18)","decl":{"start":{"line":298,"column":32},"end":{"line":298,"column":33}},"loc":{"start":{"line":298,"column":42},"end":{"line":300,"column":5}},"line":298}},"branchMap":{"0":{"loc":{"start":{"line":29,"column":12},"end":{"line":29,"column":43}},"type":"cond-expr","locations":[{"start":{"line":29,"column":36},"end":{"line":29,"column":38}},{"start":{"line":29,"column":41},"end":{"line":29,"column":43}}],"line":29},"1":{"loc":{"start":{"line":76,"column":6},"end":{"line":76,"column":66}},"type":"binary-expr","locations":[{"start":{"line":76,"column":6},"end":{"line":76,"column":58}},{"start":{"line":76,"column":62},"end":{"line":76,"column":66}}],"line":76},"2":{"loc":{"start":{"line":78,"column":4},"end":{"line":95,"column":5}},"type":"if","locations":[{"start":{"line":78,"column":4},"end":{"line":95,"column":5}},{"start":{"line":83,"column":11},"end":{"line":95,"column":5}}],"line":78},"3":{"loc":{"start":{"line":86,"column":6},"end":{"line":91,"column":7}},"type":"if","locations":[{"start":{"line":86,"column":6},"end":{"line":91,"column":7}},{"start":{},"end":{}}],"line":86},"4":{"loc":{"start":{"line":103,"column":4},"end":{"line":105,"column":5}},"type":"if","locations":[{"start":{"line":103,"column":4},"end":{"line":105,"column":5}},{"start":{},"end":{}}],"line":103},"5":{"loc":{"start":{"line":106,"column":4},"end":{"line":108,"column":5}},"type":"if","locations":[{"start":{"line":106,"column":4},"end":{"line":108,"column":5}},{"start":{},"end":{}}],"line":106},"6":{"loc":{"start":{"line":109,"column":4},"end":{"line":122,"column":5}},"type":"if","locations":[{"start":{"line":109,"column":4},"end":{"line":122,"column":5}},{"start":{},"end":{}}],"line":109},"7":{"loc":{"start":{"line":112,"column":8},"end":{"line":115,"column":9}},"type":"if","locations":[{"start":{"line":112,"column":8},"end":{"line":115,"column":9}},{"start":{},"end":{}}],"line":112},"8":{"loc":{"start":{"line":118,"column":6},"end":{"line":120,"column":7}},"type":"if","locations":[{"start":{"line":118,"column":6},"end":{"line":120,"column":7}},{"start":{},"end":{}}],"line":118},"9":{"loc":{"start":{"line":130,"column":4},"end":{"line":141,"column":5}},"type":"if","locations":[{"start":{"line":130,"column":4},"end":{"line":141,"column":5}},{"start":{},"end":{}}],"line":130},"10":{"loc":{"start":{"line":176,"column":7},"end":{"line":183,"column":7}},"type":"cond-expr","locations":[{"start":{"line":177,"column":8},"end":{"line":177,"column":33}},{"start":{"line":179,"column":8},"end":{"line":182,"column":13}}],"line":176},"11":{"loc":{"start":{"line":197,"column":18},"end":{"line":199,"column":19}},"type":"if","locations":[{"start":{"line":197,"column":18},"end":{"line":199,"column":19}},{"start":{},"end":{}}],"line":197},"12":{"loc":{"start":{"line":197,"column":22},"end":{"line":197,"column":58}},"type":"binary-expr","locations":[{"start":{"line":197,"column":22},"end":{"line":197,"column":38}},{"start":{"line":197,"column":42},"end":{"line":197,"column":58}}],"line":197},"13":{"loc":{"start":{"line":207,"column":7},"end":{"line":247,"column":14}},"type":"cond-expr","locations":[{"start":{"line":208,"column":8},"end":{"line":246,"column":14}},{"start":{"line":247,"column":10},"end":{"line":247,"column":14}}],"line":207},"14":{"loc":{"start":{"line":263,"column":4},"end":{"line":263,"column":68}},"type":"cond-expr","locations":[{"start":{"line":263,"column":22},"end":{"line":263,"column":45}},{"start":{"line":263,"column":48},"end":{"line":263,"column":68}}],"line":263},"15":{"loc":{"start":{"line":287,"column":2},"end":{"line":294,"column":3}},"type":"if","locations":[{"start":{"line":287,"column":2},"end":{"line":294,"column":3}},{"start":{},"end":{}}],"line":287}},"s":{"0":0,"1":0,"2":0,"3":0,"4":0,"5":0,"6":0,"7":0,"8":0,"9":0,"10":0,"11":0,"12":0,"13":0,"14":0,"15":0,"16":0,"17":0,"18":0,"19":0,"20":0,"21":0,"22":0,"23":0,"24":0,"25":0,"26":0,"27":0,"28":0,"29":0,"30":0,"31":0,"32":0,"33":0,"34":0,"35":0,"36":0,"37":0,"38":0,"39":0,"40":0,"41":0,"42":0,"43":0,"44":0,"45":0,"46":0,"47":0,"48":0,"49":0,"50":0,"51":0,"52":0,"53":0,"54":0,"55":0,"56":0,"57":0,"58":0,"59":0,"60":0,"61":0,"62":0,"63":0,"64":0,"65":0,"66":0,"67":0,"68":0,"69":0,"70":0,"71":0},"f":{"0":0,"1":0,"2":0,"3":0,"4":0,"5":0,"6":0,"7":0,"8":0,"9":0,"10":0,"11":0,"12":0,"13":0,"14":0,"15":0,"16":0,"17":0,"18":0},"b":{"0":[0,0],"1":[0,0],"2":[0,0],"3":[0,0],"4":[0,0],"5":[0,0],"6":[0,0],"7":[0,0],"8":[0,0],"9":[0,0],"10":[0,0],"11":[0,0],"12":[0,0],"13":[0,0],"14":[0,0],"15":[0,0]}}
}
