TN:
SF:components/Card.js
FN:6,Card
FNF:1
FNH:1
FNDA:15,Card
DA:7,15
DA:38,3
DA:45,3
LF:3
LH:3
BRDA:10,0,0,12
BRDA:10,0,1,2
BRDA:14,1,0,10
BRDA:14,1,1,4
BRDA:15,2,0,8
BRDA:15,2,1,2
BRDA:18,3,0,0
BRDA:18,3,1,4
BRF:8
BRH:7
end_of_record
TN:
SF:components/ChatRoom.js
FN:10,ChatRoom
FN:16,(anonymous_1)
FN:36,(anonymous_2)
FN:54,triggerError
FN:77,(anonymous_4)
FNF:5
FNH:2
FNDA:2,ChatRoom
FNDA:0,(anonymous_1)
FNDA:0,(anonymous_2)
FNDA:0,triggerError
FNDA:10,(anonymous_4)
DA:13,2
DA:16,2
DA:18,0
DA:20,0
DA:21,0
DA:22,0
DA:24,0
DA:30,0
DA:31,0
DA:34,0
DA:37,0
DA:38,0
DA:42,0
DA:43,0
DA:45,0
DA:48,0
DA:49,0
DA:55,0
DA:56,0
DA:57,0
DA:60,0
DA:64,2
DA:78,10
DA:141,1
DA:154,1
LF:25
LH:6
BRDA:30,0,0,0
BRDA:30,0,1,0
BRDA:42,1,0,0
BRDA:42,1,1,0
BRDA:81,2,0,2
BRDA:81,2,1,8
BRDA:87,3,0,8
BRDA:87,3,1,2
BRDA:93,4,0,8
BRDA:93,4,1,2
BRF:10
BRH:6
end_of_record
TN:
SF:components/Container.js
FN:6,Container
FNF:1
FNH:1
FNDA:5,Container
DA:7,5
DA:16,2
DA:20,2
LF:3
LH:3
BRF:0
BRH:0
end_of_record
TN:
SF:components/CountdownTimer.js
FN:5,(anonymous_0)
FN:34,(anonymous_1)
FNF:2
FNH:2
FNDA:12,(anonymous_0)
FNDA:1,(anonymous_1)
DA:5,2
DA:6,12
DA:7,1
DA:14,11
DA:15,11
DA:16,0
DA:17,11
DA:18,11
DA:21,11
DA:22,11
DA:23,11
DA:25,11
DA:34,2
DA:35,1
LF:14
LH:13
BRDA:6,0,0,1
BRDA:6,0,1,11
BRDA:15,1,0,0
BRDA:15,1,1,11
BRDA:15,2,0,11
BRDA:15,2,1,11
BRDA:15,2,2,11
BRDA:17,3,0,11
BRDA:17,3,1,0
BRDA:17,4,0,11
BRDA:17,4,1,11
BRDA:22,5,0,11
BRDA:22,5,1,0
BRDA:23,6,0,9
BRDA:23,6,1,2
BRF:15
BRH:12
end_of_record
TN:
SF:components/CreateRoom.js
FN:26,CreateRoom
FN:32,(anonymous_1)
FN:61,(anonymous_2)
FN:64,(anonymous_3)
FN:73,randomColor
FN:81,onSubmit
FN:143,triggerError
FN:189,(anonymous_7)
FN:197,(anonymous_8)
FN:198,(anonymous_9)
FNF:10
FNH:2
FNDA:2,CreateRoom
FNDA:0,(anonymous_1)
FNDA:0,(anonymous_2)
FNDA:0,(anonymous_3)
FNDA:0,randomColor
FNDA:0,onSubmit
FNDA:0,triggerError
FNDA:12,(anonymous_7)
FNDA:0,(anonymous_8)
FNDA:0,(anonymous_9)
DA:32,1
DA:33,1
DA:35,1
DA:38,1
DA:39,1
DA:40,1
DA:43,1
DA:50,1
DA:53,1
DA:54,1
DA:57,1
DA:58,1
DA:61,1
DA:62,0
DA:63,0
DA:64,0
DA:66,0
DA:68,0
DA:70,0
DA:74,0
DA:75,0
DA:82,0
DA:83,0
DA:84,0
DA:86,0
DA:88,0
DA:89,0
DA:93,0
DA:97,0
DA:98,0
DA:99,0
DA:101,0
DA:104,0
DA:107,0
DA:108,0
DA:111,0
DA:121,0
DA:122,0
DA:125,0
DA:126,0
DA:129,0
DA:137,0
DA:138,0
DA:144,0
DA:145,0
DA:146,0
DA:149,0
DA:152,1
DA:190,12
DA:197,0
DA:199,0
DA:200,0
DA:221,1
LF:53
LH:16
BRDA:62,0,0,0
BRDA:62,0,1,0
BRDA:88,1,0,0
BRDA:88,1,1,0
BRDA:97,2,0,0
BRDA:97,2,1,0
BRDA:107,3,0,0
BRDA:107,3,1,0
BRDA:121,4,0,0
BRDA:121,4,1,0
BRDA:125,5,0,0
BRDA:125,5,1,0
BRDA:163,6,0,1
BRDA:163,6,1,0
BRDA:199,7,0,0
BRDA:199,7,1,0
BRDA:199,8,0,0
BRDA:199,8,1,0
BRF:18
BRH:1
end_of_record
TN:
SF:components/DateModified.js
FN:6,DateModified
FNF:1
FNH:1
FNDA:11,DateModified
DA:7,11
DA:15,4
DA:20,4
LF:3
LH:3
BRF:0
BRH:0
end_of_record
TN:
SF:components/ErrorLabel.js
FN:5,ErrorLabel
FNF:1
FNH:1
FNDA:5,ErrorLabel
DA:6,5
DA:23,2
LF:2
LH:2
BRDA:9,0,0,5
BRDA:9,0,1,0
BRF:2
BRH:1
end_of_record
TN:
SF:components/Footer.js
FN:8,Footer
FN:25,(anonymous_1)
FN:60,(anonymous_2)
FNF:3
FNH:3
FNDA:9,Footer
FNDA:24,(anonymous_1)
FNDA:40,(anonymous_2)
DA:9,9
DA:26,24
DA:61,40
DA:96,3
LF:4
LH:4
BRDA:65,0,0,9
BRDA:65,0,1,31
BRF:2
BRH:2
end_of_record
TN:
SF:components/FormButton.js
FN:3,FormButton
FNF:1
FNH:1
FNDA:2,FormButton
DA:4,2
DA:14,1
LF:2
LH:2
BRF:0
BRH:0
end_of_record
TN:
SF:components/Header.js
FN:4,Header
FNF:1
FNH:1
FNDA:10,Header
DA:5,10
DA:121,3
LF:2
LH:2
BRDA:29,0,0,8
BRDA:29,0,1,2
BRDA:34,1,0,8
BRDA:34,1,1,2
BRDA:44,2,0,10
BRDA:44,2,1,10
BRDA:45,3,0,8
BRDA:45,3,1,2
BRDA:50,4,0,8
BRDA:50,4,1,2
BRDA:52,5,0,8
BRDA:52,5,1,2
BRDA:61,6,0,10
BRDA:61,6,1,10
BRDA:62,7,0,8
BRDA:62,7,1,2
BRDA:68,8,0,8
BRDA:68,8,1,2
BRDA:70,9,0,8
BRDA:70,9,1,2
BRF:20
BRH:20
end_of_record
TN:
SF:components/JoinRoom.js
FN:25,JoinRoom
FN:49,randomColor
FN:68,onSubmit
FN:78,(anonymous_3)
FN:94,(anonymous_4)
FN:103,(anonymous_5)
FN:140,(anonymous_6)
FN:161,triggerError
FNF:8
FNH:1
FNDA:1,JoinRoom
FNDA:0,randomColor
FNDA:0,onSubmit
FNDA:0,(anonymous_3)
FNDA:0,(anonymous_4)
FNDA:0,(anonymous_5)
FNDA:0,(anonymous_6)
FNDA:0,triggerError
DA:29,1
DA:32,1
DA:33,1
DA:34,1
DA:35,1
DA:38,1
DA:50,0
DA:51,0
DA:52,0
DA:55,1
DA:58,1
DA:59,1
DA:62,1
DA:63,1
DA:69,0
DA:70,0
DA:71,0
DA:72,0
DA:74,0
DA:76,0
DA:79,0
DA:80,0
DA:83,0
DA:84,0
DA:85,0
DA:86,0
DA:88,0
DA:92,0
DA:95,0
DA:96,0
DA:99,0
DA:102,0
DA:103,0
DA:104,0
DA:106,0
DA:107,0
DA:109,0
DA:110,0
DA:111,0
DA:113,0
DA:117,0
DA:126,0
DA:127,0
DA:131,0
DA:141,0
DA:142,0
DA:146,0
DA:147,0
DA:151,0
DA:152,0
DA:155,0
DA:156,0
DA:162,0
DA:163,0
DA:164,0
DA:169,1
DA:220,1
LF:57
LH:13
BRDA:83,0,0,0
BRDA:83,0,1,0
BRDA:102,1,0,0
BRDA:102,1,1,0
BRDA:106,2,0,0
BRDA:106,2,1,0
BRDA:126,3,0,0
BRDA:126,3,1,0
BRDA:146,4,0,0
BRDA:146,4,1,0
BRDA:151,5,0,0
BRDA:151,5,1,0
BRDA:182,6,0,1
BRDA:182,6,1,0
BRF:14
BRH:1
end_of_record
TN:
SF:components/Layout.js
FN:9,Layout
FNF:1
FNH:1
FNDA:7,Layout
DA:10,7
DA:12,7
DA:77,2
DA:81,2
LF:4
LH:4
BRDA:10,0,0,6
BRDA:10,0,1,1
BRF:2
BRH:2
end_of_record
TN:
SF:components/MetaData.js
FN:4,MetaData
FNF:1
FNH:1
FNDA:9,MetaData
DA:5,9
DA:7,9
LF:2
LH:2
BRDA:5,0,0,8
BRDA:5,0,1,1
BRF:2
BRH:2
end_of_record
TN:
SF:components/Player.js
FN:10,Player
FN:14,(anonymous_1)
FN:80,(anonymous_2)
FNF:3
FNH:2
FNDA:8,Player
FNDA:4,(anonymous_1)
FNDA:0,(anonymous_2)
DA:12,8
DA:14,8
DA:15,4
DA:18,8
DA:80,0
DA:122,1
LF:6
LH:5
BRDA:25,0,0,0
BRDA:25,0,1,8
BRDA:26,1,0,0
BRDA:26,1,1,0
BRDA:32,2,0,0
BRDA:32,2,1,8
BRDA:33,3,0,0
BRDA:33,3,1,0
BRDA:54,4,0,0
BRDA:54,4,1,8
BRDA:54,5,0,8
BRDA:54,5,1,4
BRDA:78,6,0,0
BRDA:78,6,1,8
BRDA:94,7,0,0
BRDA:94,7,1,8
BRF:16
BRH:7
end_of_record
TN:
SF:components/RoomInfo.js
FN:15,(anonymous_0)
FN:28,(anonymous_1)
FN:30,(anonymous_2)
FN:42,(anonymous_3)
FN:75,(anonymous_4)
FN:80,(anonymous_5)
FN:87,(anonymous_6)
FN:113,RoomInfo
FN:119,(anonymous_8)
FN:123,(anonymous_9)
FN:130,(anonymous_10)
FN:199,(anonymous_11)
FN:201,(anonymous_12)
FNF:13
FNH:8
FNDA:4,(anonymous_0)
FNDA:0,(anonymous_1)
FNDA:12,(anonymous_2)
FNDA:4,(anonymous_3)
FNDA:4,(anonymous_4)
FNDA:0,(anonymous_5)
FNDA:4,(anonymous_6)
FNDA:5,RoomInfo
FNDA:2,(anonymous_8)
FNDA:2,(anonymous_9)
FNDA:0,(anonymous_10)
FNDA:0,(anonymous_11)
FNDA:0,(anonymous_12)
DA:10,1
DA:15,1
DA:16,4
DA:22,4
DA:28,0
DA:31,12
DA:42,1
DA:44,4
DA:45,4
DA:51,0
DA:52,0
DA:53,0
DA:59,0
DA:60,0
DA:67,0
DA:75,1
DA:76,4
DA:80,0
DA:87,1
DA:88,4
DA:89,4
DA:90,4
DA:92,4
DA:115,5
DA:116,4
DA:117,4
DA:119,4
DA:120,2
DA:123,4
DA:124,2
DA:125,2
DA:126,2
DA:130,4
DA:131,0
DA:132,0
DA:133,0
DA:134,0
DA:135,0
DA:136,0
DA:137,0
DA:138,0
DA:139,0
DA:140,0
DA:141,0
DA:145,0
DA:159,4
DA:162,4
DA:165,4
DA:174,4
DA:200,0
DA:201,0
DA:264,1
DA:277,1
LF:53
LH:31
BRDA:44,0,0,4
BRDA:44,0,1,0
BRDA:44,1,0,4
BRDA:44,1,1,4
BRDA:51,2,0,0
BRDA:51,2,1,0
BRDA:51,3,0,0
BRDA:51,3,1,0
BRDA:59,4,0,0
BRDA:59,4,1,0
BRDA:59,5,0,0
BRDA:59,5,1,0
BRDA:102,6,0,4
BRDA:102,6,1,4
BRDA:124,7,0,2
BRDA:124,7,1,0
BRDA:133,8,0,0
BRDA:133,8,1,0
BRDA:137,9,0,0
BRDA:137,9,1,0
BRDA:151,10,0,0
BRDA:151,10,1,0
BRDA:159,11,0,0
BRDA:159,11,1,4
BRDA:162,12,0,0
BRDA:162,12,1,4
BRDA:194,13,0,4
BRDA:194,13,1,2
BRF:28
BRH:10
end_of_record
TN:
SF:components/TextInput.js
FN:4,TextInput
FNF:1
FNH:1
FNDA:3,TextInput
DA:6,3
DA:8,3
DA:10,3
DA:12,3
DA:14,3
DA:48,1
DA:54,1
LF:7
LH:7
BRDA:18,0,0,0
BRDA:18,0,1,3
BRDA:29,1,0,3
BRDA:29,1,1,3
BRDA:39,2,0,0
BRDA:39,2,1,3
BRDA:41,3,0,0
BRDA:41,3,1,3
BRF:8
BRH:5
end_of_record
TN:
SF:components/UserList.js
FN:10,UserList
FN:17,(anonymous_1)
FN:17,(anonymous_2)
FN:19,(anonymous_3)
FN:22,(anonymous_4)
FNF:5
FNH:0
FNDA:0,UserList
FNDA:0,(anonymous_1)
FNDA:0,(anonymous_2)
FNDA:0,(anonymous_3)
FNDA:0,(anonymous_4)
DA:11,0
DA:17,0
DA:18,0
DA:19,0
DA:22,0
DA:23,0
DA:53,0
DA:106,0
LF:8
LH:0
BRDA:18,0,0,0
BRDA:18,0,1,0
BRDA:29,1,0,0
BRDA:29,1,1,0
BRDA:32,2,0,0
BRDA:32,2,1,0
BRDA:34,3,0,0
BRDA:34,3,1,0
BRDA:35,4,0,0
BRDA:35,4,1,0
BRDA:44,5,0,0
BRDA:44,5,1,0
BRDA:57,6,0,0
BRDA:57,6,1,0
BRDA:99,7,0,0
BRDA:99,7,1,0
BRF:16
BRH:0
end_of_record
TN:
SF:pages/404.js
FN:3,Custom404
FN:57,getStaticProps
FNF:2
FNH:2
FNDA:1,Custom404
FNDA:1,getStaticProps
DA:4,1
DA:59,1
DA:74,1
LF:3
LH:3
BRF:0
BRH:0
end_of_record
TN:
SF:pages/_app.js
FN:7,MyApp
FNF:1
FNH:1
FNDA:1,MyApp
LF:0
LH:0
BRF:0
BRH:0
end_of_record
TN:
SF:pages/_error.js
FN:3,CustomError
FNF:1
FNH:1
FNDA:2,CustomError
DA:4,2
LF:1
LH:1
BRDA:9,0,0,1
BRDA:9,0,1,1
BRDA:37,1,0,1
BRDA:37,1,1,1
BRF:4
BRH:4
end_of_record
TN:
SF:pages/home.js
FN:10,Home
FN:62,getStaticProps
FNF:2
FNH:2
FNDA:2,Home
FNDA:1,getStaticProps
DA:14,1
DA:16,1
DA:18,1
DA:20,1
DA:21,0
DA:23,0
DA:24,0
DA:26,0
DA:27,0
DA:29,0
DA:30,0
DA:32,0
DA:33,0
DA:35,0
DA:38,1
DA:66,1
DA:80,1
DA:85,1
LF:18
LH:8
BRDA:20,0,0,0
BRDA:20,0,1,1
BRDA:21,1,0,0
BRDA:21,1,1,0
BRDA:21,1,2,0
BRDA:21,1,3,0
BRDA:21,1,4,0
BRDA:40,2,0,1
BRDA:40,2,1,0
BRF:9
BRH:2
end_of_record
TN:
SF:pages/index.js
FN:4,Index
FN:82,PageLayout
FN:86,getStaticProps
FNF:3
FNH:3
FNDA:2,Index
FNDA:1,PageLayout
FNDA:1,getStaticProps
DA:5,2
DA:82,2
DA:83,1
DA:90,1
DA:105,1
LF:5
LH:5
BRF:0
BRH:0
end_of_record
TN:
SF:pages/api/metrics.js
FNF:0
FNH:0
LF:0
LH:0
BRF:0
BRH:0
end_of_record
TN:
SF:pages/room/[id].js
FN:23,Room
FN:34,(anonymous_1)
FN:35,(anonymous_2)
FN:39,(anonymous_3)
FN:40,(anonymous_4)
FN:49,(anonymous_5)
FN:53,(anonymous_6)
FN:58,(anonymous_7)
FN:91,(anonymous_8)
FN:118,(anonymous_9)
FN:127,(anonymous_10)
FN:145,(anonymous_11)
FN:149,(anonymous_12)
FN:151,(anonymous_13)
FN:170,(anonymous_14)
FN:187,(anonymous_15)
FN:199,(anonymous_16)
FN:211,(anonymous_17)
FN:219,(anonymous_18)
FN:242,(anonymous_19)
FN:250,(anonymous_20)
FN:259,(anonymous_21)
FN:296,(anonymous_22)
FN:303,(anonymous_23)
FN:304,(anonymous_24)
FN:325,(anonymous_25)
FN:346,(anonymous_26)
FN:416,getServerSideProps
FN:457,(anonymous_28)
FNF:29
FNH:0
FNDA:0,Room
FNDA:0,(anonymous_1)
FNDA:0,(anonymous_2)
FNDA:0,(anonymous_3)
FNDA:0,(anonymous_4)
FNDA:0,(anonymous_5)
FNDA:0,(anonymous_6)
FNDA:0,(anonymous_7)
FNDA:0,(anonymous_8)
FNDA:0,(anonymous_9)
FNDA:0,(anonymous_10)
FNDA:0,(anonymous_11)
FNDA:0,(anonymous_12)
FNDA:0,(anonymous_13)
FNDA:0,(anonymous_14)
FNDA:0,(anonymous_15)
FNDA:0,(anonymous_16)
FNDA:0,(anonymous_17)
FNDA:0,(anonymous_18)
FNDA:0,(anonymous_19)
FNDA:0,(anonymous_20)
FNDA:0,(anonymous_21)
FNDA:0,(anonymous_22)
FNDA:0,(anonymous_23)
FNDA:0,(anonymous_24)
FNDA:0,(anonymous_25)
FNDA:0,(anonymous_26)
FNDA:0,getServerSideProps
FNDA:0,(anonymous_28)
DA:24,0
DA:25,0
DA:26,0
DA:27,0
DA:28,0
DA:29,0
DA:30,0
DA:31,0
DA:32,0
DA:34,0
DA:35,0
DA:36,0
DA:39,0
DA:40,0
DA:41,0
DA:42,0
DA:43,0
DA:44,0
DA:46,0
DA:49,0
DA:50,0
DA:53,0
DA:54,0
DA:57,0
DA:58,0
DA:59,0
DA:73,0
DA:87,0
DA:91,0
DA:92,0
DA:94,0
DA:95,0
DA:101,0
DA:102,0
DA:103,0
DA:110,0
DA:115,0
DA:118,0
DA:119,0
DA:122,0
DA:125,0
DA:126,0
DA:127,0
DA:128,0
DA:129,0
DA:130,0
DA:132,0
DA:134,0
DA:135,0
DA:137,0
DA:142,0
DA:145,0
DA:146,0
DA:147,0
DA:149,0
DA:150,0
DA:151,0
DA:153,0
DA:155,0
DA:158,0
DA:160,0
DA:167,0
DA:171,0
DA:177,0
DA:182,0
DA:187,0
DA:188,0
DA:191,0
DA:194,0
DA:195,0
DA:199,0
DA:200,0
DA:206,0
DA:207,0
DA:212,0
DA:215,0
DA:219,0
DA:220,0
DA:221,0
DA:229,0
DA:230,0
DA:231,0
DA:232,0
DA:234,0
DA:243,0
DA:246,0
DA:251,0
DA:254,0
DA:259,0
DA:260,0
DA:261,0
DA:263,0
DA:266,0
DA:297,0
DA:303,0
DA:305,0
DA:306,0
DA:326,0
DA:347,0
DA:417,0
DA:420,0
DA:423,0
DA:439,0
DA:443,0
DA:445,0
DA:446,0
DA:454,0
DA:458,0
DA:465,0
DA:467,0
DA:472,0
LF:111
LH:0
BRDA:24,0,0,0
BRDA:24,0,1,0
BRDA:41,1,0,0
BRDA:41,1,1,0
BRDA:94,2,0,0
BRDA:94,2,1,0
BRDA:102,3,0,0
BRDA:102,3,1,0
BRDA:119,4,0,0
BRDA:119,4,1,0
BRDA:122,5,0,0
BRDA:122,5,1,0
BRDA:125,6,0,0
BRDA:125,6,1,0
BRDA:128,7,0,0
BRDA:128,7,1,0
BRDA:134,8,0,0
BRDA:134,8,1,0
BRDA:146,9,0,0
BRDA:146,9,1,0
BRDA:153,10,0,0
BRDA:153,10,1,0
BRDA:158,11,0,0
BRDA:158,11,1,0
BRDA:188,12,0,0
BRDA:188,12,1,0
BRDA:191,13,0,0
BRDA:191,13,1,0
BRDA:194,14,0,0
BRDA:194,14,1,0
BRDA:220,15,0,0
BRDA:220,15,1,0
BRDA:229,16,0,0
BRDA:229,16,1,0
BRDA:260,17,0,0
BRDA:260,17,1,0
BRDA:272,18,0,0
BRDA:272,18,1,0
BRDA:305,19,0,0
BRDA:305,19,1,0
BRDA:305,20,0,0
BRDA:305,20,1,0
BRDA:319,21,0,0
BRDA:319,21,1,0
BRDA:321,22,0,0
BRDA:321,22,1,0
BRDA:420,23,0,0
BRDA:420,23,1,0
BRDA:445,24,0,0
BRDA:445,24,1,0
BRF:50
BRH:0
end_of_record
